 This is the parallel version of the code
 This is the parallel version of the code
 This is the parallel version of the code
 This is the parallel version of the code
 This is the parallel version of the code
 This is the parallel version of the code
 This is the parallel version of the code
 This is the parallel version of the code
 This is the parallel version of the code
 This is the parallel version of the code
 This is the parallel version of the code
 This is the parallel version of the code
Master:    0

 The execution started at 17h 33min on the  1/14/2021

    ===========================================================
    !                                                         !
    !                        Do N O F                         !
    !                                                         !
    !  (Donostia Natural Orbital Functional Software Program) !
    !                                                         !
    !               COPYRIGHT by Mario Piris                  !
    !                                                         !
    !      Donostia International Physics Center (DIPC)       !
    !       University of the Basque Country (UPV/EHU)        !
    !       Basque Foundation for Science (IKERBASQUE)        !
    !                                                         !
    !          GNU General Public License version 3           !
    !                                                         !
    !                VERSION: January 2021                    !
    !                                                         !
    ===========================================================

 Run Title
 ---------
 Te-Singlet: aug-cc-pVDZ-PP from EMSL                                            

 Basis Set
 ---------
 /home/piris/DoNOF/examples/te-ecp/aug-cc-pvdz-pp.bas                            

 Atom      Charge                Coordinates (Bohr)
                           x             y             z
 TE         52.0        0.0000        0.0000        0.0000

 Atomic Basis Set
 ----------------
 The contracted primitive functions were unnormalized
 The contracted basis functions are now normalized to unity

  Shell Type  Primitive         Exponent  Contraction Coefficient

 TE        
 
      1   S       1          2111.1900000    0.000611999786
      1   S       2           311.6910000    0.003206998880
      1   S       3            13.8226000    0.405511858333
      1   S       4             8.7174800   -0.932587674198
      1   S       5             1.9830300    0.919656678715
      1   S       6             0.9703770    0.404670858627
      1   S       7             0.2797650    0.012365995680
      1   S       8             0.1067760   -0.001603999440
 
      2   S       9          2111.1900000    0.000251000037
      2   S      10           311.6910000    0.001457000214
      2   S      11            13.8226000    0.163702024039
      2   S      12             8.7174800   -0.398455058511
      2   S      13             1.9830300    0.578074084888
      2   S      14             0.9703770    0.327124048037
      2   S      15             0.2797650   -0.784654115223
      2   S      16             0.1067760   -0.499451073342
 
      3   S      17             0.2797650    1.000000000000
 
      4   S      18             0.1067760    1.000000000000
 
      5   S      19             0.0369000    1.000000000000
 
      6   P      20            17.0629000    0.089340016521
      6   P      21            10.8306000   -0.271168050144
      6   P      22             2.5938000    0.662023122421
      6   P      23             1.1267600    0.460744085201
      6   P      24             0.3001760    0.028809005327
      6   P      25             0.0975510   -0.003863000714
 
      7   P      26            17.0629000   -0.026861007766
      7   P      27            10.8306000    0.086304024952
      7   P      28             2.5938000   -0.273502079074
      7   P      29             1.1267600   -0.151390043769
      7   P      30             0.3001760    0.583976168837
      7   P      31             0.0975510    0.565014163355
 
      8   P      32             0.0975510    1.000000000000
 
      9   P      33             0.0299000    1.000000000000
 
     10   D      34            50.9106000    0.003353997842
     10   D      35            18.4647000   -0.003641997656
     10   D      36             4.2761700    0.278079821042
     10   D      37             1.8977000    0.516347667704
     10   D      38             0.7864800    0.326570789835
     10   D      39             0.2638000    0.045151970942
 
     11   D      40             0.2638000    1.000000000000
 
     12   D      41             0.0988000    1.000000000000

 Total Number of Basis Set Shells             =   12
 Total Number of Primitives                   =   41
 Number of Cartesian Gaussian Basis Functions =   35
 Number of Electrons                          =   52
 Charge of Molecule                           =    0
 Spin Multiplicity                            =    3
 Number of Occupied Orbitals (Alpha)          =   27
 Number of Occupied Orbitals (Beta )          =   25
 Total Number of Atoms                        =    1

 Nuclear Energy =        0.0000000000

 Note: This calculation is using an effective core potential
 so NE and ENUC will be adjusted later after removal of the Core

 Input Run Options
 -----------------
 IRUNTYP = 1  MULT = 3  ICHARG = 0  IECP = 1  IEMOM = 1  UNITS = ANGS    

 ECP Potentials
 --------------
 Parameters for "TE-ECP  " on Atom  1 with ZCORE 28 and LMAX 4 are

 for L= 4      COEFF    N           ZETA
    1        0.00000    2        1.00000
 for L= 0      COEFF    N           ZETA
    1      281.04584    2       16.81447
    2       61.62066    2        8.79353
 for L= 1      COEFF    N           ZETA
    1       67.44946    2       14.87780
    2      134.90430    2       14.26973
    3       14.68955    2        8.72443
    4       29.41506    2        8.29152
 for L= 2      COEFF    N           ZETA
    1       35.43206    2       15.20501
    2       53.13569    2       15.22585
    3        9.06980    2        6.07177
    4       13.12230    2        5.80476
 for L= 3      COEFF    N           ZETA
    1      -15.74545    2       15.20617
    2      -20.74245    2       15.20170

 The ECP removes  28 core electrons and  28 protons

 Number of electrons kept in the run =   24
 Number of occupied orbitals (Alpha) =   13
 Number of occupied orbitals (Beta)  =   11

 Adjusted Nuclear Energy =        0.0000000000


 Integral Options
 ----------------
 CUTOFF = 1.0E-09   ISCHWZ = 0   ERITYP = FULL

 Input NOF Options
 -----------------

 Type of calculation = Iter-Diag-Method: (ICOEF)         1
 Maximum Number of Occ-Coef Outer Iter.: (MAXIT)      1000
 Natural Orbital Functional Selected:    (IPNOF)         7
 Spin-Multiplet, High-Spin State Option: (HighSpin)      F
 
 Restart calculation Option:             (RESTART)       F
 Restart Gamma Matrix from GCF file:     (INPUTGAMMA)    0
 Coefficient Matrix from GCF file:       (INPUTC)        0
 Diagonal Elements FMIUG from GCF file:  (INPUTFMIUG)    0
 Cartesian Coordinates from GCF file:    (INPUTCXYZ)     0

 Threshold Lambda Convergence=10**(-N):  (NTHRESHL)      3
 Threshold Energy Convergence=10**(-N):  (NTHRESHE)      4
 Threshold Energy Convergence=10**(-N):  (NTHRESHEC)    10
 Threshold Energy Convergence=10**(-N):  (NTHRESHEN)    10

 Max. Number of Inner Coef. Iterations:  (MAXLOOP)      30
 Orthogonalize the initial Orbitals:     (ORTHO)         T

 Scaling Parameters:
 Initial Number of Zeros IN Fij:         (NZEROS)        1
 Maximum Number of Zeros IN Fij:         (NZEROSm)       5
 Restart Number of Zeros IN Fij:         (NZEROSr)       2
 Number of Iter with constant Scaling:   (ITZITER)      10
 
 DIIS technique is used in Orb. Opt.:    (DIIS)          T
 Threshold to begin DIIS = 10**(-N):     (NTHDIIS)       3
 Number of considered Loops in DIIS:     (NDIIS)         5
 Periodic DIIS every NDIIS:              (PERDIIS)       T

 Output Option:                          (NPRINT)        0
 Output the Coefficient Matrix:          (IWRITEC)       0
 Do a Mulliken Population Analysis:      (IMULPOP)       0
 Write Information into a WFN file:      (IAIMPAC)       1
 Write Information into a FCHK file:     (IFCHK)         1
 Write Information into a MLP file:      (MOLDEN)        1
 Calculate IPs using Ext. Koopmans Theo: (IEKT)          0
 Write APSG expansion coefficient file:  (APSG)          F
 Output option for Lagrange Multipliers: (PRINTLAG)      F
 Diagonalize matrix of Lag. Multipliers: (DIAGLAG)       F

 You are using an ECP: Core Orbitals have been already excluded.
 NO1 and NO1PT2 = 0.

------------------------------------------------------------------------

 Orbital Space
 -------------

 You are doing a perfect pairing calculation: NCWO=1

 Inactive Doubly occupied orbitals up to NO1  =    0
 No. considered Strongly Doubly occupied MOs  =   11
 No. considered Strongly Singly occupied MOs  =    2
 NO. of Weakly occ. per St. Doubly occ.  MOs  =    1
 Dimension of the Active Nat. Orb. subspace   =   22
 Secondary Empty orbitals                     =   11

 1e- integrals
 -------------
 Time to do integrals =      0.01
 Guess for MOs = HCORE
        72 MOs were matched and         0 equalized to zero

 2e- integrals
 -------------
 DONTW option skips storage 2e- integrals on Unit 1
               29001 2e- integrals in     2 records
 Time to do integrals =      0.18

 ROHF SCF Calculation
 --------------------
 EXTRAP=T  DAMP=T  DIIS=T
 DMat Conv = 1.0E-05  Ener Tol = 1.0E-08
 Ener Conv = 1.0E-10  DMat Tol = 2.0E-05
 DIIS Conv = 1.0E-07  DMat Tol = 2.0E-05

 ITER      TOTAL ENERGY        E CHANGE     DEN. CHANGE    DIIS ERROR
   1     -260.9155889838  -260.9155889838  10.479398204   3.263782359
   2     -265.2552606483    -4.3396716645   3.328161082   0.495455929
   3     -266.7715120042    -1.5162513559   1.658314990   0.284494639
   4     -266.9899353605    -0.2184233563   0.258555677   0.048338523
   5     -266.9946281090    -0.0046927484   0.037157074   0.004978814
   6     -266.9947704493    -0.0001423403   0.003825146   0.000609257
   7     -266.9947732109    -0.0000027616   0.000862331   0.000184557
   8     -266.9947733734    -0.0000001625   0.000130433   0.000026266
   9     -266.9947733755    -0.0000000020   0.000007708   0.000002245

          -----------------
          DENSITY CONVERGED
          -----------------

 FINAL ROHF ENERGY IS     -266.9947733755 AFTER   9 ITERATIONS

          --------------------
          SPIN SZ   =    1.000
          S-SQUARED =    2.000
          --------------------

         WAVEFUNCTION NORMALIZATION =       1.0000000000

                ONE ELECTRON ENERGY =    -466.6424603249
                TWO ELECTRON ENERGY =     199.6476869495
           NUCLEAR REPULSION ENERGY =       0.0000000000
                                      ------------------
                   RHF TOTAL ENERGY =    -266.9947733755

 ELECTRON-ELECTRON POTENTIAL ENERGY =     199.6476869495
  NUCLEUS-ELECTRON POTENTIAL ENERGY =    -569.3075814120
   NUCLEUS-NUCLEUS POTENTIAL ENERGY =       0.0000000000
                                      ------------------
             TOTAL POTENTIAL ENERGY =    -369.6598944625
               TOTAL KINETIC ENERGY =     102.6651210871
                 VIRIAL RATIO (V/T) =       3.6006375929

 Distribution Full ERIs:

 Integrals:                             29001
 Integrals/chunk:                        1252
 Chunks:                                   12
 Max size per slaves:                   15024
 Max size in master:                    30024

 Input for Coefficients is RHF


  RESULTS OF OCCUPATION-COEFFICIENT S.C.F. PROCEDURE
 ====================================================

  Iter     Electronic Energy      Total Energy   Energy Convergency    Max Mul-Lag Diff

    1.      -267.0088890742     -267.0088890742    -0.0057325768           0.004009
    2.      -266.5392607782     -266.5392607782     0.4696282960           1.521050
    3.      -267.0260804549     -267.0260804549    -0.4868196766           0.126295
    4.      -267.0294452664     -267.0294452664    -0.0033648116           0.134841
    5.      -267.0306398424     -267.0306398424    -0.0011945760           0.173968
    6.      -267.0302486285     -267.0302486285     0.0003912139           0.175576
    7.      -267.0307856056     -267.0307856056    -0.0005369770           0.178327
    8.      -267.0313816409     -267.0313816409    -0.0005960353           0.179874
    9.      -267.0328573525     -267.0328573525    -0.0014757116           0.182941
   10.      -267.0324092131     -267.0324092131     0.0004481393           0.188542
   11.      -267.0327182088     -267.0327182088    -0.0003089957           0.188200
   12.      -267.0324511930     -267.0324511930     0.0002670158           0.185802
   13.      -267.0325923034     -267.0325923034    -0.0001411104           0.178298
   14.      -267.0333399039     -267.0333399039    -0.0007476005           0.166111
   15.      -267.0346728465     -267.0346728465    -0.0013329425           0.152607
   16.      -267.0348161816     -267.0348161816    -0.0001433351           0.133323
   17.      -267.0343141054     -267.0343141054     0.0005020761           0.137334
   18.      -267.0385222999     -267.0385222999    -0.0042081945           0.013760
   19.      -267.0385608988     -267.0385608988    -0.0000385989           0.022059
   20.      -267.0386039233     -267.0386039233    -0.0000430245           0.010220
   21.      -267.0386312384     -267.0386312384    -0.0000273151           0.017620
   22.      -267.0386694700     -267.0386694700    -0.0000382316           0.016410
   23.      -267.0387068182     -267.0387068182    -0.0000373482           0.011918
   24.      -267.0387360669     -267.0387360669    -0.0000292487           0.010277
   25.      -267.0387600867     -267.0387600867    -0.0000240198           0.013825
   26.      -267.0387721196     -267.0387721196    -0.0000120329           0.021239
   27.      -267.0387985248     -267.0387985248    -0.0000264052           0.014253
   28.      -267.0388318985     -267.0388318985    -0.0000333737           0.010711
   29.      -267.0388462809     -267.0388462809    -0.0000143825           0.015272
   30.      -267.0389039283     -267.0389039283    -0.0000576474           0.002211
   31.      -267.0389176570     -267.0389176570    -0.0000137287           0.001493
   32.      -267.0389299287     -267.0389299287    -0.0000122716           0.001096
   33.      -267.0389409277     -267.0389409277    -0.0000109990           0.001428
   34.      -267.0389510167     -267.0389510167    -0.0000100890           0.001696
   35.      -267.0389603626     -267.0389603626    -0.0000093459           0.001040
   36.      -267.0389688081     -267.0389688081    -0.0000084455           0.001914
   37.      -267.0389768152     -267.0389768152    -0.0000080071           0.001455
   38.      -267.0389842865     -267.0389842865    -0.0000074713           0.001486
   39.      -267.0389913083     -267.0389913083    -0.0000070218           0.001517
   40.      -267.0389979004     -267.0389979004    -0.0000065921           0.001420
   41.      -267.0389998718     -267.0389998718    -0.0000019713           0.000119
   42.      -267.0389998724     -267.0389998724    -0.0000019713           0.000119


  RESULTS OF THE OCCUPATION OPTIMIZATION
 ========================================

   OM     Occupation      Elag Diag

    1      1.9999871     -7.1298690
    2      1.9999627     -5.1015381
    3      1.9999829     -5.1001255
    4      1.9999203     -5.0926696
    5      1.9987068     -1.9594912
    6      1.9995751     -1.9619751
    7      1.9990274     -1.9502400
    8      1.9995996     -1.9483460
    9      1.9989239     -1.9551492
   10      1.9758900     -0.7530997
   11      1.9582917     -0.3322463
   12      1.0000000     -0.2100425
   13      1.0000000     -0.2102236
   14      0.0417083     -0.0120364
   15      0.0241100     -0.0091285
   16      0.0010761     -0.0021354
   17      0.0004004     -0.0006918
   18      0.0009726     -0.0019227
   19      0.0004249     -0.0007062
   20      0.0012932     -0.0025698
   21      0.0000797     -0.0002914
   22      0.0000171     -0.0000095
   23      0.0000373     -0.0000848
   24      0.0000129     -0.0000254

   RO Sum ( 24) =   24.00

  ---------------
   Dipole Moment
  ---------------

      0.0074 Debye [   0.0029  (   0.0013,   0.0001,  -0.0026) ]

 ----------------
  Final Energies  
 ----------------

  Final NOF Total Energy =     -267.0389998724 ( 1.E-04 , 7.E-10 )


  **************************************************
  *                                                *
  *       SINGLE-POINT DoNOF CALCULATION           *
  *                                                *
  *             FULL OPTIMIZATION                  *
  *                                                *
  *  FINAL RESULTS   FINAL RESULTS  FINAL RESULTS  *
  *                                                *
  **************************************************

  **************************************************
  *         No. EXTERNAL ITER =    42              *
  *         No. of TOTAL ITER =  1231              *
  **************************************************

  Elapsed real time :      7.66  (Seconds)

 The execution finished at 17h 33min on the  1/14/2021
