 This is the parallel version of the code
 This is the parallel version of the code
 This is the parallel version of the code
 This is the parallel version of the code
 This is the parallel version of the code
 This is the parallel version of the code
 This is the parallel version of the code
 This is the parallel version of the code
 This is the parallel version of the code
 This is the parallel version of the code
 This is the parallel version of the code
 This is the parallel version of the code
Master:    0

 The execution started at 13h 25min on the  1/13/2021

    ===========================================================
    !                                                         !
    !                        Do N O F                         !
    !                                                         !
    !  (Donostia Natural Orbital Functional Software Program) !
    !                                                         !
    !               COPYRIGHT by Mario Piris                  !
    !                                                         !
    !      Donostia International Physics Center (DIPC)       !
    !       University of the Basque Country (UPV/EHU)        !
    !       Basque Foundation for Science (IKERBASQUE)        !
    !                                                         !
    !          GNU General Public License version 3           !
    !                                                         !
    !                VERSION: January 2021                    !
    !                                                         !
    ===========================================================

 Run Title
 ---------
 Te-Singlet: aug-cc-pVDZ-PP from EMSL                                            

 Atom      Charge                Coordinates (Bohr)
                           x             y             z
 TE         52.0        0.0000        0.0000        0.0000

 Atomic Basis Set
 ----------------
 The contracted primitive functions were unnormalized
 The contracted basis functions are now normalized to unity

  Shell Type  Primitive         Exponent  Contraction Coefficient

 TE        
 
      1   S       1          2111.1900000    0.000616766641
      1   S       2           311.6910000    0.003231978133
      1   S       3            13.8226000    0.408670382560
      1   S       4             8.7174800   -0.939851582026
      1   S       5             1.9830300    0.926819867264
      1   S       6             0.9703770    0.407822832323
 
      2   S       7          2111.1900000    0.000338994910
      2   S       8           311.6910000    0.001967791171
      2   S       9            13.8226000    0.221092210163
      2   S      10             8.7174800   -0.538144290237
      2   S      11             1.9830300    0.780733639770
      2   S      12             0.9703770    0.441806258673
 
      3   S      13             0.2797650    1.000000000000
 
      4   S      14             0.1067760    1.000000000000
 
      5   S      15             0.0369000    1.000000000000
 
      6   P      16            17.0629000    0.089281234657
      6   P      17            10.8306000   -0.270989633306
      6   P      18             2.5938000    0.661587539864
      6   P      19             1.1267600    0.460440935537
      6   P      20             0.3001760    0.028790050249
 
      7   P      21            17.0629000   -0.049914876030
      7   P      22            10.8306000    0.160375766385
      7   P      23             2.5938000   -0.508239396294
      7   P      24             1.1267600   -0.281322850308
      7   P      25             0.3001760    1.085182593510
 
      8   P      26             0.0975510    1.000000000000
 
      9   P      27             0.0299000    1.000000000000
 
     10   D      28            50.9106000    0.003409522888
     10   D      29            18.4647000   -0.003702290506
     10   D      30             4.2761700    0.282683400334
     10   D      31             1.8977000    0.524895743656
     10   D      32             0.7864800    0.331977131511
 
     11   D      33             0.2638000    1.000000000000
 
     12   D      34             0.0988000    1.000000000000

 Total Number of Basis Set Shells             =   12
 Total Number of Primitives                   =   34
 Number of Cartesian Gaussian Basis Functions =   35
 Number of Electrons                          =   52
 Charge of Molecule                           =    0
 Spin Multiplicity                            =    3
 Number of Occupied Orbitals (Alpha)          =   27
 Number of Occupied Orbitals (Beta )          =   25
 Total Number of Atoms                        =    1

 Nuclear Energy =        0.0000000000

 Note: This calculation is using an effective core potential
 so NE and ENUC will be adjusted later after removal of the Core

 Input Run Options
 -----------------
 IRUNTYP = 1  MULT = 3  ICHARG = 0  IECP = 1  IEMOM = 1  UNITS = ANGS    

 ECP Potentials
 --------------
 Parameters for "TE-ECP  " on Atom  1 with ZCORE 28 and LMAX 4 are

 for L= 4      COEFF    N           ZETA
    1        0.00000    2        1.00000
 for L= 0      COEFF    N           ZETA
    1      281.04584    2       16.81447
    2       61.62066    2        8.79353
 for L= 1      COEFF    N           ZETA
    1       67.44946    2       14.87780
    2      134.90430    2       14.26973
    3       14.68955    2        8.72443
    4       29.41506    2        8.29152
 for L= 2      COEFF    N           ZETA
    1       35.43206    2       15.20501
    2       53.13569    2       15.22585
    3        9.06980    2        6.07177
    4       13.12230    2        5.80476
 for L= 3      COEFF    N           ZETA
    1      -15.74545    2       15.20617
    2      -20.74245    2       15.20170

 The ECP removes  28 core electrons and  28 protons

 Number of electrons kept in the run =   24
 Number of occupied orbitals (Alpha) =   13
 Number of occupied orbitals (Beta)  =   11

 Adjusted Nuclear Energy =        0.0000000000


 Integral Options
 ----------------
 CUTOFF = 1.0E-09   ISCHWZ = 0   ERITYP = FULL

 Input NOF Options
 -----------------

 Type of calculation = Iter-Diag-Method: (ICOEF)         1
 Maximum Number of Occ-Coef Outer Iter.: (MAXIT)      1000
 Natural Orbital Functional Selected:    (IPNOF)         7
 Spin-Multiplet, High-Spin State Option: (HighSpin)      F
 
 Restart calculation Option:             (RESTART)       F
 Restart Gamma Matrix from GCF file:     (INPUTGAMMA)    0
 Coefficient Matrix from GCF file:       (INPUTC)        0
 Diagonal Elements FMIUG from GCF file:  (INPUTFMIUG)    0
 Cartesian Coordinates from GCF file:    (INPUTCXYZ)     0

 Threshold Lambda Convergence=10**(-N):  (NTHRESHL)      3
 Threshold Energy Convergence=10**(-N):  (NTHRESHE)      4
 Threshold Energy Convergence=10**(-N):  (NTHRESHEC)    10
 Threshold Energy Convergence=10**(-N):  (NTHRESHEN)    10

 Max. Number of Inner Coef. Iterations:  (MAXLOOP)      30
 Orthogonalize the initial Orbitals:     (ORTHO)         T

 Scaling Parameters:
 Initial Number of Zeros IN Fij:         (NZEROS)        1
 Maximum Number of Zeros IN Fij:         (NZEROSm)       5
 Restart Number of Zeros IN Fij:         (NZEROSr)       2
 Number of Iter with constant Scaling:   (ITZITER)      10
 
 DIIS technique is used in Orb. Opt.:    (DIIS)          T
 Threshold to begin DIIS = 10**(-N):     (NTHDIIS)       3
 Number of considered Loops in DIIS:     (NDIIS)         5
 Periodic DIIS every NDIIS:              (PERDIIS)       T

 Output Option:                          (NPRINT)        0
 Output the Coefficient Matrix:          (IWRITEC)       0
 Do a Mulliken Population Analysis:      (IMULPOP)       0
 Write Information into a WFN file:      (IAIMPAC)       1
 Write Information into a FCHK file:     (IFCHK)         1
 Write Information into a MLP file:      (MOLDEN)        1
 Calculate IPs using Ext. Koopmans Theo: (IEKT)          0
 Write APSG expansion coefficient file:  (APSG)          F
 Output option for Lagrange Multipliers: (PRINTLAG)      F
 Diagonalize matrix of Lag. Multipliers: (DIAGLAG)       F

 You are using an ECP: Core Orbitals have been already excluded.
 NO1 and NO1PT2 = 0.

------------------------------------------------------------------------

 Orbital Space
 -------------

 You are doing a perfect pairing calculation: NCWO=1

 Inactive Doubly occupied orbitals up to NO1  =    0
 No. considered Strongly Doubly occupied MOs  =   11
 No. considered Strongly Singly occupied MOs  =    2
 NO. of Weakly occ. per St. Doubly occ.  MOs  =    1
 Dimension of the Active Nat. Orb. subspace   =   22
 Secondary Empty orbitals                     =   11

 1e- integrals
 -------------
 Time to do integrals =      0.01
 Guess for MOs = HCORE
        72 MOs were matched and         0 equalized to zero

 2e- integrals
 -------------
 DONTW option skips storage 2e- integrals on Unit 1
               29001 2e- integrals in     2 records
 Time to do integrals =      0.10

 ROHF SCF Calculation
 --------------------
 EXTRAP=T  DAMP=T  DIIS=T
 DMat Conv = 1.0E-05  Ener Tol = 1.0E-08
 Ener Conv = 1.0E-10  DMat Tol = 2.0E-05
 DIIS Conv = 1.0E-07  DMat Tol = 2.0E-05

 ITER      TOTAL ENERGY        E CHANGE     DEN. CHANGE    DIIS ERROR
   1     -260.9155889838  -260.9155889838   9.850032519   2.967232826
   2     -265.2552606483    -4.3396716645   1.690945162   0.538813447
   3     -266.9706864027    -1.7154257544   0.195680386   0.119169500
   4     -266.9932947484    -0.0226083457   0.086884543   0.030725562
   5     -266.9946710283    -0.0013762799   0.016418024   0.003872952
   6     -266.9947721935    -0.0001011652   0.002466396   0.000796590
   7     -266.9947733694    -0.0000011760   0.000189501   0.000047704
   8     -266.9947733754    -0.0000000059   0.000028679   0.000005994
   9     -266.9947733755    -0.0000000001   0.000003179   0.000001042

          -----------------
          DENSITY CONVERGED
          -----------------

 FINAL ROHF ENERGY IS     -266.9947733755 AFTER   9 ITERATIONS

          --------------------
          SPIN SZ   =    1.000
          S-SQUARED =    2.000
          --------------------

         WAVEFUNCTION NORMALIZATION =       1.0000000000

                ONE ELECTRON ENERGY =    -466.6424656954
                TWO ELECTRON ENERGY =     199.6476923200
           NUCLEAR REPULSION ENERGY =       0.0000000000
                                      ------------------
                   RHF TOTAL ENERGY =    -266.9947733755

 ELECTRON-ELECTRON POTENTIAL ENERGY =     199.6476923200
  NUCLEUS-ELECTRON POTENTIAL ENERGY =    -569.3075880666
   NUCLEUS-NUCLEUS POTENTIAL ENERGY =       0.0000000000
                                      ------------------
             TOTAL POTENTIAL ENERGY =    -369.6598957467
               TOTAL KINETIC ENERGY =     102.6651223712
                 VIRIAL RATIO (V/T) =       3.6006375603

 Distribution Full ERIs:

 Integrals:                             29001
 Integrals/chunk:                        1252
 Chunks:                                   12
 Max size per slaves:                   15024
 Max size in master:                    30024

 Input for Coefficients is RHF


  RESULTS OF OCCUPATION-COEFFICIENT S.C.F. PROCEDURE
 ====================================================

  Iter     Electronic Energy      Total Energy   Energy Convergency    Max Mul-Lag Diff

    1.      -267.0069175055     -267.0069175055    -0.0037108368           0.003222
    2.      -266.5695220296     -266.5695220296     0.4373954759           1.193071
    3.      -267.0259611201     -267.0259611201    -0.4564390905           0.110625
    4.      -267.0276971951     -267.0276971951    -0.0017360749           0.233929
    5.      -267.0312483330     -267.0312483330    -0.0035511379           0.114946
    6.      -267.0313692544     -267.0313692544    -0.0001209214           0.148727
    7.      -267.0309426652     -267.0309426652     0.0004265892           0.124553
    8.      -267.0324519388     -267.0324519388    -0.0015092736           0.145049
    9.      -267.0322506752     -267.0322506752     0.0002012636           0.099440
   10.      -267.0317454160     -267.0317454160     0.0005052592           0.124413
   11.      -267.0337044567     -267.0337044567    -0.0019590408           0.191955
   12.      -267.0323946185     -267.0323946185     0.0013098383           0.228701
   13.      -267.0314784493     -267.0314784493     0.0009161692           0.227371
   14.      -267.0380929556     -267.0380929556    -0.0066145063           0.024005
   15.      -267.0381707871     -267.0381707871    -0.0000778316           0.023235
   16.      -267.0382578817     -267.0382578817    -0.0000870946           0.018808
   17.      -267.0383328846     -267.0383328846    -0.0000750028           0.012020
   18.      -267.0383934072     -267.0383934072    -0.0000605226           0.009326
   19.      -267.0384238344     -267.0384238344    -0.0000304272           0.021989
   20.      -267.0384887814     -267.0384887814    -0.0000649471           0.013579
   21.      -267.0385203600     -267.0385203600    -0.0000315786           0.015423
   22.      -267.0385733829     -267.0385733829    -0.0000530229           0.012426
   23.      -267.0385971382     -267.0385971382    -0.0000237552           0.018261
   24.      -267.0386585104     -267.0386585104    -0.0000613722           0.012069
   25.      -267.0386933686     -267.0386933686    -0.0000348582           0.010633
   26.      -267.0387477002     -267.0387477002    -0.0000543317           0.002409
   27.      -267.0387664979     -267.0387664979    -0.0000187976           0.001733
   28.      -267.0387844144     -267.0387844144    -0.0000179166           0.001127
   29.      -267.0388018813     -267.0388018813    -0.0000174669           0.001204
   30.      -267.0388188172     -267.0388188172    -0.0000169359           0.001159
   31.      -267.0388354150     -267.0388354150    -0.0000165977           0.001255
   32.      -267.0388516822     -267.0388516822    -0.0000162672           0.001751
   33.      -267.0388677599     -267.0388677599    -0.0000160777           0.001636
   34.      -267.0388834220     -267.0388834220    -0.0000156621           0.001536
   35.      -267.0388989120     -267.0388989120    -0.0000154900           0.001450
   36.      -267.0389140905     -267.0389140905    -0.0000151785           0.001655
   37.      -267.0389173589     -267.0389173589    -0.0000032684           0.000125
   38.      -267.0389173657     -267.0389173657    -0.0000032684           0.000125


  RESULTS OF THE OCCUPATION OPTIMIZATION
 ========================================

   OM     Occupation      Elag Diag

    1      1.9999878     -7.1295315
    2      1.9998928     -5.1027707
    3      1.9999648     -5.0913447
    4      1.9999780     -5.0983838
    5      1.9996693     -1.9666877
    6      1.9988646     -1.9556140
    7      1.9987796     -1.9580858
    8      1.9990153     -1.9501820
    9      1.9995935     -1.9476265
   10      1.9758509     -0.7531920
   11      1.9582340     -0.3322644
   12      1.0000000     -0.2101052
   13      1.0000000     -0.2101221
   14      0.0417660     -0.0120434
   15      0.0241491     -0.0091354
   16      0.0004065     -0.0007003
   17      0.0009847     -0.0019464
   18      0.0012204     -0.0024197
   19      0.0011354     -0.0022542
   20      0.0003307     -0.0005266
   21      0.0000220     -0.0000303
   22      0.0000352     -0.0000919
   23      0.0001072     -0.0003847
   24      0.0000122     -0.0000213

   RO Sum ( 24) =   24.00

  ---------------
   Dipole Moment
  ---------------

      0.0148 Debye [   0.0058  (  -0.0057,  -0.0013,   0.0002) ]

 ----------------
  Final Energies  
 ----------------

  Final NOF Total Energy =     -267.0389173657 ( 1.E-04 , 7.E-09 )


  **************************************************
  *                                                *
  *       SINGLE-POINT DoNOF CALCULATION           *
  *                                                *
  *             FULL OPTIMIZATION                  *
  *                                                *
  *  FINAL RESULTS   FINAL RESULTS  FINAL RESULTS  *
  *                                                *
  **************************************************

  **************************************************
  *         No. EXTERNAL ITER =    38              *
  *         No. of TOTAL ITER =  1111              *
  **************************************************

  Elapsed real time :      6.99  (Seconds)

 The execution finished at 13h 25min on the  1/13/2021
