 This is the serial version of the code

 The execution started at  9h 56min on the  1/13/2021

    ===========================================================
    !                                                         !
    !                        Do N O F                         !
    !                                                         !
    !  (Donostia Natural Orbital Functional Software Program) !
    !                                                         !
    !               COPYRIGHT by Mario Piris                  !
    !                                                         !
    !      Donostia International Physics Center (DIPC)       !
    !       University of the Basque Country (UPV/EHU)        !
    !       Basque Foundation for Science (IKERBASQUE)        !
    !                                                         !
    !          GNU General Public License version 3           !
    !                                                         !
    !                VERSION: January 2021                    !
    !                                                         !
    ===========================================================

 Run Title
 ---------
 HF-Singlet / Exp. Geom. ( 0.90148 at HF/CCD level )                             

 Basis Set
 ---------
 /home/piris/DoNOF/examples/hf/sbkjc-vdz.bas                                     

 Atom      Charge                Coordinates (Bohr)
                           x             y             z
 H           1.0        0.0000        0.0000        0.0000
 F           9.0        0.0000        0.0000        1.7325

 Atomic Basis Set
 ----------------
 The contracted primitive functions were unnormalized
 The contracted basis functions are now normalized to unity

  Shell Type  Primitive         Exponent  Contraction Coefficient

 H         

      1   S       1             5.4471780    0.156284980670
      1   S       2             0.8245470    0.904690888105

      2   S       3             0.1831920    1.000000000000

 F         

      3   L       4            11.1200000   -0.185004099905    0.138711050393
      3   L       5             2.6870000    0.114848230589    0.439959536028
      3   L       6             0.8210000    0.968599072361    0.589239631942

      4   L       7             0.2475000    1.000000000000    1.000000000000

 Total Number of Basis Set Shells             =    4
 Total Number of Primitives                   =    7
 Number of Cartesian Gaussian Basis Functions =   10
 Number of Electrons                          =   10
 Charge of Molecule                           =    0
 Spin Multiplicity                            =    1
 Number of Occupied Orbitals (Alpha)          =    5
 Number of Occupied Orbitals (Beta )          =    5
 Total Number of Atoms                        =    2

 Nuclear Energy =        5.1948028394

 Note: This calculation is using an effective core potential
 so NE and ENUC will be adjusted later after removal of the Core

 Input Run Options
 -----------------
 IRUNTYP = 1  MULT = 1  ICHARG = 0  IECP = 1  IEMOM = 2  UNITS = ANGS    

 ECP Potentials
 --------------
 Parameters for "H-ECP   " on Atom  1 with ZCORE  0 and LMAX 0 are

 for L= 0      COEFF    N           ZETA
 Parameters for "F-ECP   " on Atom  2 with ZCORE  2 and LMAX 1 are

 for L= 1      COEFF    N           ZETA
    1       -0.93258    1       20.73959
 for L= 0      COEFF    N           ZETA
    1        2.03649    0        6.60488
    2       27.86279    2       18.24092

 The ECP removes   2 core electrons and   2 protons

 Number of electrons kept in the run =    8
 Number of occupied orbitals (Alpha) =    4
 Number of occupied orbitals (Beta)  =    4

 Adjusted Nuclear Energy =        4.0404022084


 Integral Options
 ----------------
 CUTOFF = 1.0E-09   ISCHWZ = 0   ERITYP = FULL

 Input NOF Options
 -----------------

 Type of calculation = Iter-Diag-Method: (ICOEF)         1
 Maximum Number of Occ-Coef Outer Iter.: (MAXIT)      1000
 Natural Orbital Functional Selected:    (IPNOF)         7

 Restart calculation Option:             (RESTART)       F
 Restart Gamma Matrix from GCF file:     (INPUTGAMMA)    0
 Coefficient Matrix from GCF file:       (INPUTC)        0
 Diagonal Elements FMIUG from GCF file:  (INPUTFMIUG)    0
 Cartesian Coordinates from GCF file:    (INPUTCXYZ)     0

 Threshold Lambda Convergence=10**(-N):  (NTHRESHL)      3
 Threshold Energy Convergence=10**(-N):  (NTHRESHE)      4
 Threshold Energy Convergence=10**(-N):  (NTHRESHEC)    10
 Threshold Energy Convergence=10**(-N):  (NTHRESHEN)    10

 Max. Number of Inner Coef. Iterations:  (MAXLOOP)      30
 Orthogonalize the initial Orbitals:     (ORTHO)         T

 Scaling Parameters:
 Initial Number of Zeros IN Fij:         (NZEROS)        1
 Maximum Number of Zeros IN Fij:         (NZEROSm)       5
 Restart Number of Zeros IN Fij:         (NZEROSr)       2
 Number of Iter with constant Scaling:   (ITZITER)      10

 DIIS technique is used in Orb. Opt.:    (DIIS)          T
 Threshold to begin DIIS = 10**(-N):     (NTHDIIS)       3
 Number of considered Loops in DIIS:     (NDIIS)         5
 Periodic DIIS every NDIIS:              (PERDIIS)       T

 Output Option:                          (NPRINT)        0
 Output the Coefficient Matrix:          (IWRITEC)       0
 Do a Mulliken Population Analysis:      (IMULPOP)       0
 Write Information into a WFN file:      (IAIMPAC)       1
 Write Information into a FCHK file:     (IFCHK)         1
 Write Information into a MLP file:      (MOLDEN)        1
 Calculate IPs using Ext. Koopmans Theo: (IEKT)          0
 Write APSG expansion coefficient file:  (APSG)          F
 Output option for Lagrange Multipliers: (PRINTLAG)      F
 Diagonalize matrix of Lag. Multipliers: (DIAGLAG)       F

 You are using an ECP: Core Orbitals have been already excluded.
 NO1 and NO1PT2 = 0.

------------------------------------------------------------------------

 Orbital Space
 -------------

 You are doing a perfect pairing calculation: NCWO=1

 Inactive Doubly occupied orbitals up to NO1  =    0
 No. considered Strongly Doubly occupied MOs  =    4
 No. considered Strongly Singly occupied MOs  =    0
 NO. of Weakly occ. per St. Doubly occ.  MOs  =    1
 Dimension of the Active Nat. Orb. subspace   =    8
 Secondary Empty orbitals                     =    2

 1e- integrals
 -------------
 Time to do integrals =      0.00
 Guess for MOs = HCORE
         0 MOs were matched and         0 equalized to zero

 2e- integrals
 -------------
 DONTW option skips storage 2e- integrals on Unit 1
                 464 2e- integrals in     1 records
 Time to do integrals =      0.00

 RHF SCF Calculation
 -------------------
 EXTRAP=T  DAMP=T  DIIS=T
 DMat Conv = 1.0E-05  Ener Tol = 1.0E-08
 Ener Conv = 1.0E-10  DMat Tol = 2.0E-05
 DIIS Conv = 1.0E-07  DMat Tol = 2.0E-05

 ITER      TOTAL ENERGY        E CHANGE     DEN. CHANGE    DIIS ERROR
   1      -21.7218233246   -21.7218233246   1.944238597   1.184188987
   2      -23.2632408135    -1.5414174890   0.940372937   1.076229879
   3      -24.4159370435    -1.1526962300   0.086840472   0.060555655
   4      -24.4214619800    -0.0055249365   0.019931401   0.036059268
   5      -24.4223320942    -0.0008701142   0.012206239   0.005721577
   6      -24.4223969353    -0.0000648411   0.000561612   0.000356359
   7      -24.4223971813    -0.0000002460   0.000090724   0.000076805
   8      -24.4223971910    -0.0000000097   0.000023136   0.000018291
   9      -24.4223971912    -0.0000000003   0.000002212   0.000002097

          -----------------
          DENSITY CONVERGED
          -----------------

 FINAL RHF ENERGY IS      -24.4223971912 AFTER   9 ITERATIONS

         WAVEFUNCTION NORMALIZATION =       1.0000000000

                ONE ELECTRON ENERGY =     -49.6048874806
                TWO ELECTRON ENERGY =      21.1420880810
           NUCLEAR REPULSION ENERGY =       4.0404022084
                                      ------------------
                   RHF TOTAL ENERGY =     -24.4223971912

 ELECTRON-ELECTRON POTENTIAL ENERGY =      21.1420880810
  NUCLEUS-ELECTRON POTENTIAL ENERGY =     -69.2590194217
   NUCLEUS-NUCLEUS POTENTIAL ENERGY =       4.0404022084
                                      ------------------
             TOTAL POTENTIAL ENERGY =     -44.0765291323
               TOTAL KINETIC ENERGY =      19.6541319411
                 VIRIAL RATIO (V/T) =       2.2426087941

 Input for Coefficients is RHF


  RESULTS OF OCCUPATION-COEFFICIENT S.C.F. PROCEDURE
 ====================================================

  Iter     Electronic Energy      Total Energy   Energy Convergency    Max Mul-Lag Diff

    1.       -28.4609826590      -24.4205804506     0.0094713731           0.019043
    2.       -28.4433149069      -24.4029126985     0.0176677522           0.123493
    3.       -28.4859677440      -24.4455655355    -0.0426528371           0.012284
    4.       -28.4887743080      -24.4483720996    -0.0028065640           0.007236
    5.       -28.4891113419      -24.4487091335    -0.0003370340           0.011985
    6.       -28.4897268902      -24.4493246817    -0.0006155482           0.008360
    7.       -28.4904648870      -24.4500626785    -0.0007379968           0.008382
    8.       -28.4915437569      -24.4511415485    -0.0010788699           0.011004
    9.       -28.4945021431      -24.4540999346    -0.0029583862           0.009615
   10.       -28.4997840214      -24.4593818130    -0.0052818784           0.006441
   11.       -28.5018510706      -24.4614488621    -0.0020670491           0.013054
   12.       -28.5026634733      -24.4622612649    -0.0008124028           0.006815
   13.       -28.5045025904      -24.4641003820    -0.0018391171           0.006231
   14.       -28.5092183474      -24.4688161390    -0.0047157570           0.008933
   15.       -28.5115583801      -24.4711561717    -0.0023400328           0.002799
   16.       -28.5121829337      -24.4717807253    -0.0006245535           0.002607
   17.       -28.5126268475      -24.4722246391    -0.0004439138           0.002363
   18.       -28.5130312715      -24.4726290631    -0.0004044240           0.002110
   19.       -28.5133319437      -24.4729297353    -0.0003006722           0.001853
   20.       -28.5135591890      -24.4731569806    -0.0002272453           0.001623
   21.       -28.5137306185      -24.4733284101    -0.0001714295           0.001415
   22.       -28.5138644784      -24.4734622699    -0.0001338598           0.001233
   23.       -28.5139669382      -24.4735647298    -0.0001024598           0.001058
   24.       -28.5141988931      -24.4737966847    -0.0002319549           0.001122
   25.       -28.5142484630      -24.4738462545    -0.0000495698           0.001151
   26.       -28.5142610592      -24.4738588508    -0.0000125963           0.000904
   27.       -28.5142615685      -24.4738593601    -0.0000125963           0.000910


  RESULTS OF THE OCCUPATION OPTIMIZATION
 ========================================

   OM     Occupation      Elag Diag

    1      1.9968564     -1.2926579
    2      1.9732211     -0.9081490
    3      1.9904693     -0.7395902
    4      1.9916565     -0.8013772
    5      0.0083435     -0.0088373
    6      0.0095307     -0.0093672
    7      0.0267789     -0.0251421
    8      0.0031436     -0.0044583

   RO Sum (  8) =    8.00

  ---------------
   Dipole Moment
  ---------------

      2.2459 Debye [   0.8836  (   0.0039,  -0.0035,  -0.8836) ]

  -------------------
   Quadrupole Moment
  -------------------

      QXX      QYY      QZZ      QXY      QXZ      QYZ

     0.8932   0.9033  -1.7965  -0.0031   0.0195  -0.0186  (Buckingham)

 [   0.6641   0.6716  -1.3357  -0.0023   0.0145  -0.0138 ]

 ----------------
  Final Energies  
 ----------------

  Final NOF Total Energy =      -24.4738593601 ( 9.E-04 , 5.E-07 )


  NOF-MP2
 =========

 NUMBER OF CORE ORBITALS  (NO1PT2) =    0
 NUMBER OF Doubly OCC. ORBS. (NOC) =    4
 NUMBER OF VIRTUAL ORBS.     (NVI) =    6
 NUMBER OF LIN. IND. ORBS.  (NORB) =   10

             Ehfc =      -24.4219213480

              ECd =       -0.1018999897
             ECnd =       -0.0019846738
            ECorr =       -0.1038846635
        E(NOFMP2) =      -24.5258060115


  **************************************************
  *                                                *
  *       SINGLE-POINT DoNOF CALCULATION           *
  *                                                *
  *             FULL OPTIMIZATION                  *
  *                                                *
  *  FINAL RESULTS   FINAL RESULTS  FINAL RESULTS  *
  *                                                *
  **************************************************

  **************************************************
  *         No. EXTERNAL ITER =    27              *
  *         No. of TOTAL ITER =   781              *
  **************************************************

  Elapsed real time :      0.11  (Seconds)

 The execution finished at  9h 56min on the  1/13/2021
