 This is the serial version of the code

 The execution started at 12h 31min on the  3/29/2022

    ===========================================================
    !                                                         !
    !                        Do N O F                         !
    !                                                         !
    !  (Donostia Natural Orbital Functional Software Program) !
    !                                                         !
    !               COPYRIGHT by Mario Piris                  !
    !                                                         !
    !      Donostia International Physics Center (DIPC)       !
    !       University of the Basque Country (UPV/EHU)        !
    !       Basque Foundation for Science (IKERBASQUE)        !
    !                                                         !
    !          GNU General Public License version 3           !
    !                                                         !
    !                VERSION: February 2022                   !
    !                                                         !
    ===========================================================

 Run Title
 ---------
 HF-Singlet: CCD, Exp. Geom. ( 0.90148 at HF/CCD level )                         

 Basis Set
 ---------
 /home/piris/DoNOFsw/basis/cc-pVDZ.bas                                           

 Atom      Charge                Coordinates (Bohr)
                           x             y             z
 H           1.0        0.0000        0.0000        0.0000
 F           9.0        0.0000        0.0000        1.7325

 Atomic Basis Set
 ----------------
 The contracted primitive functions were unnormalized
 The contracted basis functions are now normalized to unity

  Shell Type  Primitive         Exponent  Contraction Coefficient

 H         
 
      1   S       1            13.0100000    0.019684989991
      1   S       2             1.9620000    0.137976929844
      1   S       3             0.4446000    0.478147756880
      1   S       4             0.1220000    0.501239745139
 
      2   S       5             0.1220000    1.000000000000
 
      3   P       6             0.7270000    1.000000000000

 F         
 
      4   S       7         14710.0000000    0.000721000328
      4   S       8          2207.0000000    0.005553002523
      4   S       9           502.8000000    0.028267012842
      4   S      10           142.6000000    0.106444048359
      4   S      11            46.4700000    0.286814130304
      4   S      12            16.7000000    0.448641203824
      4   S      13             6.3560000    0.264761120285
      4   S      14             1.3160000    0.015333006966
      4   S      15             0.3897000   -0.002332001059
 
      5   S      16         14710.0000000   -0.000165000112
      5   S      17          2207.0000000   -0.001308000885
      5   S      18           502.8000000   -0.006495004395
      5   S      19           142.6000000   -0.026691018062
      5   S      20            46.4700000   -0.073690049866
      5   S      21            16.7000000   -0.170776115564
      5   S      22             6.3560000   -0.112327076012
      5   S      23             1.3160000    0.562814380856
      5   S      24             0.3897000    0.568778384892
 
      6   S      25             0.3897000    1.000000000000
 
      7   P      26            22.6700000    0.044878001211
      7   P      27             4.9770000    0.235718006361
      7   P      28             1.3470000    0.508521013723
      7   P      29             0.3471000    0.458120012363
 
      8   P      30             0.3471000    1.000000000000
 
      9   D      31             1.6400000    1.000000000000

 Total Number of Basis Set Shells             =    9
 Total Number of Primitives                   =   31
 Number of Cartesian Gaussian Basis Functions =   20
 Number of Electrons                          =   10
 Charge of Molecule                           =    0
 Spin Multiplicity                            =    1
 Number of Occupied Orbitals (Alpha)          =    5
 Number of Occupied Orbitals (Beta )          =    5
 Total Number of Atoms                        =    2

 Input Run Options
 -----------------
 IRUNTYP = 1  MULT = 1  ICHARG =  0 IECP = 0  IEMOM = 1  UNITS = ANGS    

 Integral Options
 ----------------
 CUTOFF = 1.0E-09   ISCHWZ = 0   ERITYP = FULL

 Input NOF Options
 -----------------

 Type of calculation = Iter-Diag-Method: (ICOEF)         1
 Maximum Number of Occ-Coef Outer Iter.: (MAXIT)      1000
 Natural Orbital Functional Selected:    (IPNOF)         8
 
 Restart calculation Option:             (RESTART)       F
 Restart Gamma Matrix from GCF file:     (INPUTGAMMA)    0
 Coefficient Matrix from GCF file:       (INPUTC)        0
 Diagonal Elements FMIUG from GCF file:  (INPUTFMIUG)    0
 Cartesian Coordinates from GCF file:    (INPUTCXYZ)     0

 Threshold Lambda Convergence=10**(-N):  (NTHRESHL)      3
 Threshold Energy Convergence=10**(-N):  (NTHRESHE)      6
 Threshold Energy Convergence=10**(-N):  (NTHRESHEC)    10
 Threshold Energy Convergence=10**(-N):  (NTHRESHEN)    10

 Max. Number of Inner Coef. Iterations:  (MAXLOOP)      30
 Orthogonalize the initial Orbitals:     (ORTHO)         T

 Scaling Parameters:
 Initial Number of Zeros IN Fij:         (NZEROS)        1
 Maximum Number of Zeros IN Fij:         (NZEROSm)       5
 Restart Number of Zeros IN Fij:         (NZEROSr)       2
 Number of Iter with constant Scaling:   (ITZITER)      10
 
 DIIS technique is used in Orb. Opt.:    (DIIS)          T
 Threshold to begin DIIS = 10**(-N):     (NTHDIIS)       3
 Number of considered Loops in DIIS:     (NDIIS)         5
 Periodic DIIS every NDIIS:              (PERDIIS)       T

 Output Option:                          (NPRINT)        0
 Output the Coefficient Matrix:          (IWRITEC)       0
 Do a Mulliken Population Analysis:      (IMULPOP)       0
 Write Information into a WFN file:      (IAIMPAC)       1
 Write Information into a FCHK file:     (IFCHK)         1
 Write Information into a MLP file:      (MOLDEN)        1
 Calculate IPs using Ext. Koopmans Theo: (IEKT)          0
 Write APSG expansion coefficient file:  (APSG)          F
 Output option for Lagrange Multipliers: (PRINTLAG)      F
 Diagonalize matrix of Lag. Multipliers: (DIAGLAG)       F

------------------------------------------------------------------------

 Orbital Space
 -------------

 Inactive Doubly occupied orbitals up to NO1  =    0
 No. considered Strongly Doubly occupied MOs  =    5
 No. considered Strongly Singly occupied MOs  =    0
 No. of Weakly occ. per St. Doubly occ.  MOs  =    3
 Dimension of the Active Nat. Orb. subspace   =   20
 Secondary Empty orbitals                     =    0

 1e- integrals
 -------------
 Time to do integrals =      0.00
 Guess for MOs = HCORE
        12 MOs were matched and         0 equalized to zero

 2e- integrals
 -------------
 DONTW option skips storage 2e- integrals on Unit 1
                5596 2e- integrals in     1 records
 Time to do integrals =      0.02

 RHF SCF Calculation
 -------------------
 EXTRAP=T  DAMP=T  DIIS=T
 DMat Conv = 1.0E-05  Ener Tol = 1.0E-08
 Ener Conv = 1.0E-10  DMat Tol = 2.0E-05
 DIIS Conv = 1.0E-07  DMat Tol = 2.0E-05

 ITER      TOTAL ENERGY        E CHANGE     DEN. CHANGE    DIIS ERROR
   1      -92.4411275811   -92.4411275811  14.123352924   3.239082960
   2      -95.3875545735    -2.9464269925   6.278736945   1.838681171
   3      -99.9948133811    -4.6072588076   0.351972615   0.133206878
   4     -100.0153130129    -0.0204996318   0.091171958   0.091942611
   5     -100.0195274906    -0.0042144777   0.025469009   0.014374446
   6     -100.0198173013    -0.0002898107   0.005459719   0.003182108
   7     -100.0198363754    -0.0000190741   0.001267488   0.000601418
   8     -100.0198370361    -0.0000006607   0.000344007   0.000130884
   9     -100.0198370781    -0.0000000420   0.000012037   0.000008820
  10     -100.0198370782    -0.0000000001   0.000001981   0.000001071

          -----------------
          DENSITY CONVERGED
          -----------------

 FINAL RHF ENERGY IS     -100.0198370782 AFTER  10 ITERATIONS

         WAVEFUNCTION NORMALIZATION =       1.0000000000

                ONE ELECTRON ENERGY =    -150.6909700309
                TWO ELECTRON ENERGY =      45.4763301133
           NUCLEAR REPULSION ENERGY =       5.1948028394
                                      ------------------
                   RHF TOTAL ENERGY =    -100.0198370782

 ELECTRON-ELECTRON POTENTIAL ENERGY =      45.4763301133
  NUCLEUS-ELECTRON POTENTIAL ENERGY =    -250.6753568688
   NUCLEUS-NUCLEUS POTENTIAL ENERGY =       5.1948028394
                                      ------------------
             TOTAL POTENTIAL ENERGY =    -200.0042239161
               TOTAL KINETIC ENERGY =      99.9843868380
                 VIRIAL RATIO (V/T) =       2.0003545578

 Input for Coefficients is RHF


  RESULTS OF OCCUPATION-COEFFICIENT S.C.F. PROCEDURE
 ====================================================

  Iter     Electronic Energy      Total Energy   Energy Convergency    Max Mul-Lag Diff

    1.      -104.8241298774      -99.6293270380     0.5440083269           0.072629
    2.      -105.1386476341      -99.9438447948    -0.3145177568           0.271630
    3.      -105.4115991987     -100.2167963593    -0.2729515646           0.100631
    4.      -105.4312271096     -100.2364242702    -0.0196279109           0.032040
    5.      -105.4325618690     -100.2377590296    -0.0013347593           0.018197
    6.      -105.4334289173     -100.2386260779    -0.0008670483           0.022687
    7.      -105.4338040675     -100.2390012281    -0.0003751502           0.022777
    8.      -105.4340169918     -100.2392141524    -0.0002129243           0.021572
    9.      -105.4344997904     -100.2396969510    -0.0004827986           0.018324
   10.      -105.4345635631     -100.2397607237    -0.0000637727           0.016717
   11.      -105.4345352767     -100.2397324373     0.0000282864           0.027961
   12.      -105.4339921917     -100.2391893523     0.0005430850           0.047329
   13.      -105.4344540723     -100.2396512329    -0.0004618806           0.019646
   14.      -105.4363981981     -100.2415953587    -0.0019441258           0.001841
   15.      -105.4364123169     -100.2416094775    -0.0000141188           0.003734
   16.      -105.4364130717     -100.2416102323    -0.0000007549           0.002777
   17.      -105.4364376581     -100.2416348187    -0.0000245864           0.002128
   18.      -105.4364417726     -100.2416389332    -0.0000041145           0.003301
   19.      -105.4364592728     -100.2416564334    -0.0000175002           0.002748
   20.      -105.4364612434     -100.2416584040    -0.0000019706           0.002431
   21.      -105.4364711476     -100.2416683082    -0.0000099041           0.001849
   22.      -105.4364806413     -100.2416778019    -0.0000094937           0.002696
   23.      -105.4364899509     -100.2416871115    -0.0000093096           0.002597
   24.      -105.4365015837     -100.2416987443    -0.0000116328           0.001952
   25.      -105.4365168606     -100.2417140212    -0.0000152769           0.001683
   26.      -105.4365214338     -100.2417185944    -0.0000045732           0.002528
   27.      -105.4365446781     -100.2417418387    -0.0000232442           0.000678
   28.      -105.4365488902     -100.2417460508    -0.0000042122           0.000245
   29.      -105.4365530045     -100.2417501651    -0.0000041143           0.000295
   30.      -105.4365572656     -100.2417544262    -0.0000042612           0.000256
   31.      -105.4365618399     -100.2417590005    -0.0000045743           0.000160
   32.      -105.4365667710     -100.2417639316    -0.0000049311           0.000270
   33.      -105.4365724790     -100.2417696396    -0.0000057080           0.000184
   34.      -105.4365786161     -100.2417757767    -0.0000061371           0.000316
   35.      -105.4365857150     -100.2417828756    -0.0000070989           0.000217
   36.      -105.4365930997     -100.2417902604    -0.0000073848           0.000240
   37.      -105.4366015480     -100.2417987086    -0.0000084483           0.000223
   38.      -105.4366097428     -100.2418069034    -0.0000081948           0.000240
   39.      -105.4366123943     -100.2418095549    -0.0000026515           0.000154
   40.      -105.4366136191     -100.2418107797    -0.0000012248           0.000156
   41.      -105.4366147723     -100.2418119329    -0.0000011531           0.000157
   42.      -105.4366159319     -100.2418130925    -0.0000011596           0.000159
   43.      -105.4366170512     -100.2418142118    -0.0000011193           0.000159
   44.      -105.4366181852     -100.2418153458    -0.0000011339           0.000160
   45.      -105.4366188101     -100.2418159708    -0.0000006250           0.000160
   46.      -105.4366188164     -100.2418159770    -0.0000006250           0.000160


  RESULTS OF THE OCCUPATION OPTIMIZATION
 ========================================

   OM     Occupation      Elag Diag

    1      1.9999873    -26.3152951
    2      1.9958183     -1.6158166
    3      1.9863936     -0.7897224
    4      1.9802128     -0.6682002
    5      1.9728987     -0.6728331
    6      0.0168579     -0.0309479
    7      0.0075904     -0.0153754
    8      0.0026530     -0.0080866
    9      0.0118537     -0.0188364
   10      0.0041777     -0.0092128
   11      0.0037557     -0.0090410
   12      0.0036398     -0.0090419
   13      0.0093444     -0.0198142
   14      0.0006223     -0.0015997
   15      0.0003829     -0.0009687
   16      0.0007969     -0.0033236
   17      0.0030018     -0.0091221
   18      0.0000002     -0.0000045
   19      0.0000063     -0.0001545
   20      0.0000062     -0.0001543

   RO Sum ( 10) =   10.00

  ---------------
   Dipole Moment
  ---------------

      1.8788 Debye [   0.7392  (   0.0007,  -0.0012,  -0.7392) ]

 ----------------
  Final Energies  
 ----------------

  Final NOF Total Energy =     -100.2418159770 ( 2.E-04 , 6.E-09 )


  **************************************************
  *                                                *
  *       SINGLE-POINT DoNOF CALCULATION           *
  *                                                *
  *             FULL OPTIMIZATION                  *
  *                                                *
  *  FINAL RESULTS   FINAL RESULTS  FINAL RESULTS  *
  *                                                *
  **************************************************

  **************************************************
  *         No. EXTERNAL ITER =    46              *
  *         No. of TOTAL ITER =  1327              *
  **************************************************

  Elapsed real time :      3.49  (Seconds)

 The execution finished at 12h 31min on the  3/29/2022
