 This is the parallel version of the code
 This is the parallel version of the code
 This is the parallel version of the code
 This is the parallel version of the code
 This is the parallel version of the code
 This is the parallel version of the code
 This is the parallel version of the code
 This is the parallel version of the code
 This is the parallel version of the code
 This is the parallel version of the code
 This is the parallel version of the code
 This is the parallel version of the code
Master:    0

 The execution started at 10h  6min on the  1/13/2021

    ===========================================================
    !                                                         !
    !                        Do N O F                         !
    !                                                         !
    !  (Donostia Natural Orbital Functional Software Program) !
    !                                                         !
    !               COPYRIGHT by Mario Piris                  !
    !                                                         !
    !      Donostia International Physics Center (DIPC)       !
    !       University of the Basque Country (UPV/EHU)        !
    !       Basque Foundation for Science (IKERBASQUE)        !
    !                                                         !
    !          GNU General Public License version 3           !
    !                                                         !
    !                VERSION: January 2021                    !
    !                                                         !
    ===========================================================

 Run Title
 ---------
 HF-Singlet: CCD, Exp. Geom. ( 0.90148 at HF/CCD level )                         

 Atom      Charge                Coordinates (Bohr)
                           x             y             z
 H           1.0        0.0000        0.0000        0.0000
 F           9.0        0.0000        0.0000        1.7325

 Atomic Basis Set
 ----------------
 The contracted primitive functions were unnormalized
 The contracted basis functions are now normalized to unity

  Shell Type  Primitive         Exponent  Contraction Coefficient

 H         

      1   S       1            13.0100000    0.033498726390
      1   S       2             1.9620000    0.234800801174
      1   S       3             0.4446000    0.813682957883

      2   S       4             0.1220000    1.000000000000

      3   P       5             0.7270000    1.000000000000

 F         

      4   S       6         14710.0000000    0.000720673709
      4   S       7          2207.0000000    0.005550486969
      4   S       8           502.8000000    0.028254207663
      4   S       9           142.6000000    0.106395828367
      4   S      10            46.4700000    0.286684201243
      4   S      11            16.7000000    0.448437965824
      4   S      12             6.3560000    0.264641181411
      4   S      13             1.3160000    0.015326060993

      5   S      14         14710.0000000   -0.000321193890
      5   S      15          2207.0000000   -0.002546191568
      5   S      16           502.8000000   -0.012643359508
      5   S      17           142.6000000   -0.051957491705
      5   S      18            46.4700000   -0.143447138126
      5   S      19            16.7000000   -0.332437623296
      5   S      20             6.3560000   -0.218659067503
      5   S      21             1.3160000    1.095590413862

      6   S      22             0.3897000    1.000000000000

      7   P      23            22.6700000    0.064834021494
      7   P      24             4.9770000    0.340535359831
      7   P      25             1.3470000    0.734646406794

      8   P      26             0.3471000    1.000000000000

      9   D      27             1.6400000    1.000000000000

 Total Number of Basis Set Shells             =    9
 Total Number of Primitives                   =   27
 Number of Cartesian Gaussian Basis Functions =   20
 Number of Electrons                          =   10
 Charge of Molecule                           =    0
 Spin Multiplicity                            =    1
 Number of Occupied Orbitals (Alpha)          =    5
 Number of Occupied Orbitals (Beta )          =    5
 Total Number of Atoms                        =    2

 Input Run Options
 -----------------
 IRUNTYP = 3  MULT = 1  ICHARG = 0  IECP = 0  IEMOM = 1  UNITS = ANGS    

 Integral Options
 ----------------
 CUTOFF = 1.0E-09   ISCHWZ = 0   ERITYP = FULL

 !OPTGEO: HF has been set equal FALSE

 Input NOF Options
 -----------------

 Type of calculation = Iter-Diag-Method: (ICOEF)         1
 Maximum Number of Occ-Coef Outer Iter.: (MAXIT)      1000
 Natural Orbital Functional Selected:    (IPNOF)         7
 Static Version of Functional PNOF7s:    (Ista)          1

 Restart calculation Option:             (RESTART)       T

 Threshold Lambda Convergence=10**(-N):  (NTHRESHL)      4
 Threshold Energy Convergence=10**(-N):  (NTHRESHE)      4
 Threshold Energy Convergence=10**(-N):  (NTHRESHEC)    10
 Threshold Energy Convergence=10**(-N):  (NTHRESHEN)    10

 Max. Number of Inner Coef. Iterations:  (MAXLOOP)      30
 Orthogonalize the initial Orbitals:     (ORTHO)         T

 Scaling Parameters:
 Initial Number of Zeros IN Fij:         (NZEROS)        3
 Maximum Number of Zeros IN Fij:         (NZEROSm)       6
 Restart Number of Zeros IN Fij:         (NZEROSr)       3
 Number of Iter with constant Scaling:   (ITZITER)      10

 DIIS technique is used in Orb. Opt.:    (DIIS)          T
 Threshold to begin DIIS = 10**(-N):     (NTHDIIS)       3
 Number of considered Loops in DIIS:     (NDIIS)         5
 Periodic DIIS every NDIIS:              (PERDIIS)       T

 Output Option:                          (NPRINT)        1
 Output the Coefficient Matrix:          (IWRITEC)       1
 Do a Mulliken Population Analysis:      (IMULPOP)       1
 Write Information into a WFN file:      (IAIMPAC)       1
 Write Information into a FCHK file:     (IFCHK)         1
 Write Information into a MLP file:      (MOLDEN)        1
 Calculate IPs using Ext. Koopmans Theo: (IEKT)          1
 Write APSG expansion coefficient file:  (APSG)          F
 Output option for Lagrange Multipliers: (PRINTLAG)      F
 Diagonalize matrix of Lag. Multipliers: (DIAGLAG)       T

 Nuclear Coordinates from GCF file:
 ----------------------------------

 Atom      Charge                Coordinates (Bohr)
                           x             y             z
 H           1.0        0.0000        0.0000        0.0000
 F           9.0        0.0000        0.0000        1.7325

------------------------------------------------------------------------

 Orbital Space
 -------------

 Inactive Doubly occupied orbitals up to NO1  =    1
 No. considered Strongly Doubly occupied MOs  =    4
 No. considered Strongly Singly occupied MOs  =    0
 NO. of Weakly occ. per St. Doubly occ.  MOs  =    3
 Dimension of the Active Nat. Orb. subspace   =   16
 Secondary Empty orbitals                     =    3

  GEOMETRY OPTIMIZATION
 =======================

 Call in CG Optimization       Total Energy (a.u.)

          1                     -100.0892167994
          2                     -100.0892442935
          3                     -100.0892547948
          4                     -100.0892548174
          5                     -100.0892547962
          6                     -100.0892548196
          7                     -100.0892548157
          8                     -100.0892548187
          9                     -100.0892533383
         10                     -100.0892548190
         11                     -100.0892550371
         12                     -100.0892549473
         13                     -100.0892550279
         14                     -100.0892550363
         15                     -100.0892550368
         16                     -100.0892528418
         17                     -100.0892550353
         18                     -100.0892550366
         19                     -100.0892550375
         20                     -100.0892538278
         21                     -100.0892550364

 Final objective value =        -100.0892550364

 New Coordinates after Conjugate Gradient Opt (Bohr)
 ---------------------------------------------------

    1        -0.0001        -0.0004        -0.0010
    2         0.0001         0.0004         1.7335

 1e- integrals
 -------------
 Time to do integrals =      0.00

 2e- integrals
 -------------
 DONTW option skips storage 2e- integrals on Unit 1
               14880 2e- integrals in     1 records
 Time to do integrals =      0.01

 Distribution Full ERIs:

 Integrals:                             14880
 Integrals/chunk:                        1252
 Chunks:                                   11
 Max size per slaves:                   13772
 Max size in master:                    28772

 No violations of the orthonormality


  RESULTS OF OCCUPATION-COEFFICIENT S.C.F. PROCEDURE
 ====================================================

  Iter     Electronic Energy      Total Energy   Energy Convergency    Max Mul-Lag Diff

    0.      -105.2780192941     -100.0892550367    -0.0000056108           0.000079


  RESULTS OF THE OCCUPATION OPTIMIZATION
 ========================================

   OM     Occupation      Elag Diag

    1      2.0000000    -26.2806949
    2      1.9796980     -0.9722782
    3      1.9935587     -0.8972548
    4      1.9937111     -0.9034407
    5      1.9935600     -0.8972234
    6      0.0004421     -0.0010648
    7      0.0057620     -0.0086404
    8      0.0002359     -0.0006353
    9      0.0000058     -0.0000127
   10      0.0005260     -0.0012934
   11      0.0057571     -0.0086539
   12      0.0004659     -0.0011534
   13      0.0057702     -0.0086486
   14      0.0002052     -0.0005220
   15      0.0013952     -0.0022029
   16      0.0006319     -0.0010471
   17      0.0182749     -0.0202094

   RO Sum ( 10) =   10.00

  ---------------
   Dipole Moment
  ---------------

      1.8680 Debye [   0.7349  (  -0.0003,  -0.0002,  -0.7349) ]

                  ------------------------------------------
                   NATURAL ORBITALS IN ATOMIC ORBITAL BASIS 
                  ------------------------------------------

                      1          2          3          4          5

                    1.0000     0.9898     0.9968     0.9969     0.9968
                  -26.2807    -0.9723    -0.8973    -0.9034    -0.8972
    1  H  1  S   -0.000597   0.434752   0.023325   0.024899  -0.026469
    2  H  1  S    0.000453   0.042392   0.007108   0.008116  -0.007697
    3  H  1  X    0.000033  -0.000195  -0.009692  -0.016759  -0.026623
    4  H  1  Y   -0.000016  -0.000070  -0.025374   0.021643  -0.003365
    5  H  1  Z   -0.000777   0.068018  -0.007029  -0.006813   0.006478
    6  F  2  S    1.000806   0.005409  -0.007384  -0.006412   0.008162
    7  F  2  S   -0.007374   0.136261  -0.273459  -0.277310   0.273965
    8  F  2  S   -0.011530  -0.032105  -0.325572  -0.332147   0.327408
    9  F  2  X    0.000688  -0.002675  -0.201793  -0.333227  -0.538041
   10  F  2  Y   -0.000323  -0.002331  -0.505651   0.424313  -0.073420
   11  F  2  Z   -0.003332  -0.514984  -0.123954  -0.128516   0.128558
   12  F  2  X    0.000491  -0.001680  -0.144456  -0.238616  -0.385598
   13  F  2  Y   -0.000230  -0.001814  -0.362279   0.303885  -0.052457
   14  F  2  Z   -0.001559  -0.246975  -0.086653  -0.089686   0.089018
   15  F  2 XX   -0.001028  -0.002983   0.001212   0.000986  -0.000562
   16  F  2 YY   -0.001030  -0.002787   0.000868   0.001012  -0.001417
   17  F  2 ZZ   -0.001037   0.025341   0.004915   0.005267  -0.005176
   18  F  2 XY    0.000003  -0.000150  -0.000518   0.000343   0.000328
   19  F  2 XZ   -0.000014   0.000072   0.003507   0.006146   0.009410
   20  F  2 YZ    0.000007   0.000034   0.009046  -0.007851   0.001187

                      6          7          8          9         10

                    0.0002     0.0029     0.0001     0.0000     0.0003
                   -0.0011    -0.0086    -0.0006    -0.0000    -0.0013
    1  H  1  S    0.282972  -0.110126   0.782308  -0.319588   0.004432
    2  H  1  S   -0.410016   0.039391  -0.261001  -0.574532   0.002506
    3  H  1  X    0.070754  -0.011476   0.379847  -0.323163   0.012273
    4  H  1  Y   -0.229885   0.002279   0.229959   0.373191  -0.152739
    5  H  1  Z   -0.020035  -0.018869   0.248375  -1.365867   0.075875
    6  F  2  S   -0.085222  -0.349831   0.002608  -0.049164   0.030588
    7  F  2  S   -0.230102  -0.902249  -0.061716  -0.197978   0.140261
    8  F  2  S    0.166730   0.751859  -0.408888   0.734433   0.100592
    9  F  2  X    0.044483   0.739231   0.026044  -0.002499   0.116112
   10  F  2  Y    0.139388   0.102530  -0.033757   0.005306  -0.111374
   11  F  2  Z   -0.016809  -0.222908  -0.077087  -0.537717   0.018842
   12  F  2  X   -0.084516  -0.812552  -0.175608   0.138587  -0.144854
   13  F  2  Y   -0.050482  -0.114235  -0.056860  -0.163824   0.203894
   14  F  2  Z    0.045940   0.212503   0.551233  -0.219272   0.011266
   15  F  2 XX    0.642748  -0.102979   0.578591   0.137313   0.089235
   16  F  2 YY   -0.224763   0.160346   0.115135   0.096011  -0.373883
   17  F  2 ZZ   -0.205915   0.159379  -0.514120   0.536480  -0.088414
   18  F  2 XY   -0.677489  -0.048418   0.288865   0.038425   0.519123
   19  F  2 XZ   -0.184686   0.076867   0.692284  -0.146485  -0.449783
   20  F  2 YZ    0.150525   0.016354   0.200045   0.156826   0.588286

                     11         12         13         14         15

                    0.0029     0.0002     0.0029     0.0001     0.0007
                   -0.0087    -0.0012    -0.0086    -0.0005    -0.0022
    1  H  1  S   -0.126090   0.250455  -0.113505  -0.725291  -1.383465
    2  H  1  S    0.060833  -0.189188   0.036488   0.633217   0.565761
    3  H  1  X    0.008733   0.186414   0.000482   0.242931  -0.030837
    4  H  1  Y   -0.012315  -0.088768   0.012942   0.377375   0.037138
    5  H  1  Z   -0.018086  -0.002750  -0.018338  -0.186606  -0.609846
    6  F  2  S   -0.351039  -0.042857  -0.351047   0.114397  -0.098498
    7  F  2  S   -0.906411  -0.165445  -0.904619   0.330886  -0.126356
    8  F  2  S    0.749906  -0.096465   0.757285  -0.009866   1.002267
    9  F  2  X   -0.461488  -0.140777  -0.279884  -0.006300   0.007125
   10  F  2  Y    0.585949  -0.050619  -0.695582   0.039868  -0.004083
   11  F  2  Z   -0.217154  -0.032577  -0.212101   0.007660   0.024151
   12  F  2  X    0.506411   0.076433   0.309166  -0.088652   0.004246
   13  F  2  Y   -0.642684   0.107605   0.763778  -0.195080  -0.011746
   14  F  2  Z    0.204674   0.122299   0.198879  -0.296671  -1.004874
   15  F  2 XX    0.054033  -0.410604   0.122077  -0.241502   0.083657
   16  F  2 YY   -0.004753   0.845076  -0.067674  -0.566958   0.071513
   17  F  2 ZZ    0.169301  -0.103551   0.161677   0.498554  -0.457190
   18  F  2 XY    0.153618  -0.231189  -0.115691  -0.272828   0.016597
   19  F  2 XZ   -0.038254   0.067106  -0.031602   0.377321  -0.045392
   20  F  2 YZ    0.044261   0.523142  -0.059500   0.497920   0.018496

                     16         17

                    0.0003     0.0091
                   -0.0010    -0.0202
    1  H  1  S   -0.128948  -0.975187
    2  H  1  S   -0.021543  -0.048783
    3  H  1  X   -0.824940  -0.002592
    4  H  1  Y   -0.451274   0.004037
    5  H  1  Z    0.031265  -0.088142
    6  F  2  S   -0.036928   0.089746
    7  F  2  S   -0.077797   0.347451
    8  F  2  S    0.124517   0.246543
    9  F  2  X   -0.050489  -0.006300
   10  F  2  Y   -0.027606  -0.000335
   11  F  2  Z    0.071665  -0.782284
   12  F  2  X    0.418728   0.008119
   13  F  2  Y    0.228423  -0.001858
   14  F  2  Z   -0.157834  -0.026620
   15  F  2 XX    0.040668  -0.059030
   16  F  2 YY   -0.080701  -0.048400
   17  F  2 ZZ    0.048432   0.065860
   18  F  2 XY    0.010426  -0.008846
   19  F  2 XZ    0.289671   0.002099
   20  F  2 YZ    0.133339  -0.000683



  --------------------------------------------------
   Extended Koopmans' Theorem (Ionization Energies) 
  --------------------------------------------------

    OM              (aU)              (eV)

     1             26.289            715.367
    12              1.586             43.154
    15              0.743             20.231
    16              0.617             16.783
    17              0.616             16.763

  --------------------------
   Canonical Representation
  --------------------------

                    One-Particle Energies           1RDM Diag

                   (aU)              (eV)
     1         -26.289148        -715.364087         1.999998
     2          -1.597551         -43.471561         1.989971
     3          -0.769700         -20.944607         1.982370
     4          -0.647931         -17.631087         1.992487
     5          -0.647727         -17.625536         1.992579
     6          -0.020111          -0.547239         0.018637
     7          -0.008611          -0.234320         0.006824
     8          -0.008590          -0.233744         0.006824
     9          -0.007765          -0.211288         0.006295
    10          -0.002333          -0.063482         0.001343
    11          -0.001426          -0.038795         0.000519
    12          -0.001283          -0.034901         0.000542
    13          -0.001185          -0.032255         0.000474
    14          -0.001074          -0.029234         0.000413
    15          -0.000313          -0.008519         0.000378
    16          -0.000256          -0.006971         0.000312
    17          -0.000017          -0.000459         0.000007
    18           0.000003           0.000088         0.000003
    19           0.000008           0.000218         0.000007
    20           0.000032           0.000868         0.000016

               Maximum 1RDM off-diagonal element:    0.023086 (  7,  5)

                  ---------------------------------
                   Eigenvectors of Lagrange Matrix 
                  ---------------------------------

                      1          2          3          4          5

                    2.0000     1.9900     1.9824     1.9925     1.9926
                  -26.2891    -1.5976    -0.7697    -0.6479    -0.6477
    1  H  1  S    0.000067  -0.178077   0.388220   0.000358   0.000369
    2  H  1  S    0.000334  -0.006921   0.040866   0.000051  -0.000323
    3  H  1  X    0.000000  -0.000138   0.000090   0.025772  -0.020544
    4  H  1  Y   -0.000000   0.000102  -0.000113   0.020609   0.025089
    5  H  1  Z   -0.000331  -0.045090   0.054461  -0.000046   0.000056
    6  F  2  S    1.000927  -0.002613  -0.000086  -0.000007  -0.000079
    7  F  2  S    0.001826  -0.497819  -0.127704  -0.000051  -0.000631
    8  F  2  S   -0.001416  -0.465038  -0.295887  -0.000065  -0.000754
    9  F  2  X   -0.000001   0.000313  -0.000232   0.533188  -0.430765
   10  F  2  Y   -0.000000  -0.000238  -0.000741   0.430887   0.532841
   11  F  2  Z   -0.001050   0.063928  -0.572548  -0.000694  -0.000335
   12  F  2  X    0.000000   0.000137  -0.000303   0.351460  -0.284424
   13  F  2  Y    0.000000  -0.000132  -0.000300   0.284239   0.352191
   14  F  2  Z    0.000393  -0.009879  -0.282444  -0.000256  -0.000117
   15  F  2 XX   -0.001071   0.003582  -0.001595  -0.003909   0.001719
   16  F  2 YY   -0.001070   0.003284  -0.002621   0.003994  -0.000354
   17  F  2 ZZ   -0.001127  -0.003272   0.031541  -0.000203  -0.000265
   18  F  2 XY   -0.000001   0.000301   0.000874   0.001180   0.003952
   19  F  2 XZ    0.000001  -0.000228   0.000007  -0.008422   0.005683
   20  F  2 YZ   -0.000000   0.000135   0.000146  -0.006451  -0.006625

                      6          7          8          9         10

                    0.0186     0.0068     0.0068     0.0063     0.0013
                   -0.0201    -0.0086    -0.0086    -0.0078    -0.0023
    1  H  1  S   -0.938136  -0.007087   0.000818   0.233837   1.026301
    2  H  1  S   -0.071040  -0.000546   0.000560  -0.046792  -0.349596
    3  H  1  X    0.002224  -0.024439   0.037137  -0.001157  -0.005517
    4  H  1  Y    0.000252   0.024688   0.028258   0.000463  -0.002380
    5  H  1  Z   -0.080574  -0.002454   0.000443   0.020832   0.521274
    6  F  2  S    0.139471   0.002994  -0.001312   0.595455   0.143613
    7  F  2  S    0.474397   0.009547  -0.003435   1.524275   0.282158
    8  F  2  S    0.135798   0.001808   0.002298  -1.299311  -0.905935
    9  F  2  X    0.000917   0.581335  -0.683130  -0.004709   0.012690
   10  F  2  Y   -0.002657  -0.683962  -0.581045   0.003615  -0.010495
   11  F  2  Z   -0.739386   0.003256   0.001191   0.438859  -0.000109
   12  F  2  X   -0.001898  -0.650288   0.760963   0.005913  -0.013196
   13  F  2  Y    0.002424   0.766760   0.648548  -0.004329   0.014899
   14  F  2  Z   -0.042055  -0.009313   0.000061  -0.391980   0.801957
   15  F  2 XX   -0.036216  -0.050979   0.160850  -0.048171  -0.235247
   16  F  2 YY   -0.051622   0.040614  -0.161317  -0.046451  -0.279876
   17  F  2 ZZ    0.013526   0.001714   0.000616  -0.287454   0.604633
   18  F  2 XY    0.012858  -0.182332  -0.053949  -0.004861   0.046455
   19  F  2 XZ    0.000571   0.068073  -0.073633  -0.004224  -0.064534
   20  F  2 YZ    0.001181  -0.081712  -0.062953   0.000727   0.060907

                     11         12         13         14         15

                    0.0005     0.0005     0.0005     0.0004     0.0004
                   -0.0014    -0.0013    -0.0012    -0.0011    -0.0003
    1  H  1  S   -0.072744  -0.242117  -0.044908   0.109498  -0.797152
    2  H  1  S    0.027414   0.088788   0.030181   0.006275   0.478039
    3  H  1  X    0.318332   0.166816  -0.293411  -0.092585  -0.819284
    4  H  1  Y    0.162405  -0.115487  -0.217661   0.034904  -0.270334
    5  H  1  Z   -0.040553  -0.097677   0.016634   0.080765  -0.119184
    6  F  2  S    0.008488   0.013786  -0.000667   0.036400   0.053224
    7  F  2  S    0.048558   0.104574   0.010881   0.130434   0.261155
    8  F  2  S    0.098079   0.267123   0.033802  -0.004594   0.384296
    9  F  2  X    0.173076   0.073912   0.038835   0.077401  -0.018424
   10  F  2  Y    0.107469  -0.156127   0.008274  -0.078448   0.006545
   11  F  2  Z   -0.003297   0.008259   0.021583   0.017639   0.076665
   12  F  2  X   -0.341312  -0.165405   0.093609  -0.039099   0.361577
   13  F  2  Y   -0.194604   0.237018   0.098017   0.064239   0.103143
   14  F  2  Z   -0.046729  -0.169144  -0.038068   0.081474  -0.468945
   15  F  2 XX    0.554766  -0.225310   0.503579   0.193085  -0.412265
   16  F  2 YY   -0.658494  -0.028574  -0.544194  -0.326253  -0.403843
   17  F  2 ZZ   -0.038339  -0.087814  -0.022910  -0.154739   0.187596
   18  F  2 XY   -0.146028   0.487932  -0.153214   0.818397  -0.018358
   19  F  2 XZ   -0.455435  -0.463316   0.345414   0.278245  -0.514434
   20  F  2 YZ   -0.193409   0.606587   0.521452  -0.339917  -0.262856

                     16         17

                    0.0003     0.0000
                   -0.0003    -0.0000
    1  H  1  S    1.200261   0.218789
    2  H  1  S   -0.629813   0.235870
    3  H  1  X   -0.354074   0.367575
    4  H  1  Y   -0.497680  -0.514064
    5  H  1  Z    0.394769   1.084158
    6  F  2  S   -0.099686   0.106575
    7  F  2  S   -0.443320   0.573330
    8  F  2  S   -0.673688   0.118226
    9  F  2  X    0.011033   0.000173
   10  F  2  Y   -0.021111  -0.005217
   11  F  2  Z   -0.014915   0.454343
   12  F  2  X    0.132586  -0.154819
   13  F  2  Y    0.233076   0.223056
   14  F  2  Z    0.685678   0.061274
   15  F  2 XX    0.663740  -0.557012
   16  F  2 YY    0.621966  -0.509306
   17  F  2 ZZ   -0.349151  -0.848977
   18  F  2 XY    0.015595  -0.058197
   19  F  2 XZ   -0.348459   0.166180
   20  F  2 YZ   -0.207547  -0.214600




  ------------------------------
   Mulliken Population Analysis 
  ------------------------------

   Atomic populations in each Molecular Orbital 
  - - - - - - - - - - - - - - - - - - - - - - - -

               1        2        3        4        5        6        7        8        9       10

            2.0000   1.9797   1.9936   1.9937   1.9936   0.0004   0.0058   0.0002   0.0000   0.0005

    1      -0.0002   0.7458   0.0101   0.0093   0.0089   0.0001   0.0000   0.0000   0.0000   0.0000
    2       2.0002   1.2339   1.9835   1.9844   1.9846   0.0004   0.0057   0.0002   0.0000   0.0005

              11       12       13       14       15       16       17

            0.0058   0.0005   0.0058   0.0002   0.0014   0.0006   0.0183

    1       0.0000   0.0000   0.0000   0.0001   0.0006   0.0005   0.0102
    2       0.0057   0.0004   0.0058   0.0002   0.0008   0.0001   0.0081


   Total Populations on Atoms 
  - - - - - - - - - - - - - - -

         Atom        Pop.       Charge

    1     H         0.7855      0.2145
    2     F         9.2145     -0.2145

 ----------------
  Final Energies  
 ----------------

  Final NOF Total Energy =     -100.0892550367 ( 8.E-05 , 1.E-13 )

 ----------------
  Total Gradient 
 ----------------

         Atom       Ex          Ey          Ez

    1     H      -0.0002     -0.0001      0.0000

    2     F       0.0002      0.0001     -0.0000


  **************************************************
  *                                                *
  *       SINGLE-POINT DoNOF CALCULATION           *
  *                                                *
  *             FULL OPTIMIZATION                  *
  *                                                *
  *  FINAL RESULTS   FINAL RESULTS  FINAL RESULTS  *
  *                                                *
  **************************************************

  **************************************************
  *         No. EXTERNAL ITER =     1              *
  *         No. of TOTAL ITER =     0              *
  **************************************************

------------------------------------------------------------------------

 Note: Numerical Hessian and Frequencies in CGO file !!

------------------------------------------------------------------------


  Elapsed real time :      6.01  (Seconds)

 The execution finished at 10h  6min on the  1/13/2021
