 This is the serial version of the code

 The execution started at 10h 27min on the  1/13/2021

    ===========================================================
    !                                                         !
    !                        Do N O F                         !
    !                                                         !
    !  (Donostia Natural Orbital Functional Software Program) !
    !                                                         !
    !               COPYRIGHT by Mario Piris                  !
    !                                                         !
    !      Donostia International Physics Center (DIPC)       !
    !       University of the Basque Country (UPV/EHU)        !
    !       Basque Foundation for Science (IKERBASQUE)        !
    !                                                         !
    !          GNU General Public License version 3           !
    !                                                         !
    !                VERSION: January 2021                    !
    !                                                         !
    ===========================================================

 Run Title
 ---------
 HF-Singlet: CCD, Exp. Geom. ( 0.90148 at HF/CCD level )                         

 Atom      Charge                Coordinates (Bohr)
                           x             y             z
 H           1.0        0.0000        0.0000        0.0000
 F           9.0        0.0000        0.0000        1.7325

 Atomic Basis Set
 ----------------
 The contracted primitive functions were unnormalized
 The contracted basis functions are now normalized to unity

  Shell Type  Primitive         Exponent  Contraction Coefficient

 H         
 
      1   S       1            13.0100000    0.033498726390
      1   S       2             1.9620000    0.234800801174
      1   S       3             0.4446000    0.813682957883
 
      2   S       4             0.1220000    1.000000000000
 
      3   P       5             0.7270000    1.000000000000

 F         
 
      4   S       6         14710.0000000    0.000720673709
      4   S       7          2207.0000000    0.005550486969
      4   S       8           502.8000000    0.028254207663
      4   S       9           142.6000000    0.106395828367
      4   S      10            46.4700000    0.286684201243
      4   S      11            16.7000000    0.448437965824
      4   S      12             6.3560000    0.264641181411
      4   S      13             1.3160000    0.015326060993
 
      5   S      14         14710.0000000   -0.000321193890
      5   S      15          2207.0000000   -0.002546191568
      5   S      16           502.8000000   -0.012643359508
      5   S      17           142.6000000   -0.051957491705
      5   S      18            46.4700000   -0.143447138126
      5   S      19            16.7000000   -0.332437623296
      5   S      20             6.3560000   -0.218659067503
      5   S      21             1.3160000    1.095590413862
 
      6   S      22             0.3897000    1.000000000000
 
      7   P      23            22.6700000    0.064834021494
      7   P      24             4.9770000    0.340535359831
      7   P      25             1.3470000    0.734646406794
 
      8   P      26             0.3471000    1.000000000000
 
      9   D      27             1.6400000    1.000000000000

 Total Number of Basis Set Shells             =    9
 Total Number of Primitives                   =   27
 Number of Cartesian Gaussian Basis Functions =   20
 Number of Electrons                          =   10
 Charge of Molecule                           =    0
 Spin Multiplicity                            =    1
 Number of Occupied Orbitals (Alpha)          =    5
 Number of Occupied Orbitals (Beta )          =    5
 Total Number of Atoms                        =    2

 Input Run Options
 -----------------
 IRUNTYP = 1  MULT = 1  ICHARG = 0  IECP = 0  IEMOM = 1  UNITS = ANGS    

 Integral Options
 ----------------
 CUTOFF = 1.0E-09   ISCHWZ = 0   ERITYP = FULL

 Input NOF Options
 -----------------

 Type of calculation = Iter-Diag-Method: (ICOEF)         1
 Maximum Number of Occ-Coef Outer Iter.: (MAXIT)      1000
 Natural Orbital Functional Selected:    (IPNOF)         5
 
 Restart calculation Option:             (RESTART)       F
 Restart Gamma Matrix from GCF file:     (INPUTGAMMA)    0
 Coefficient Matrix from GCF file:       (INPUTC)        0
 Diagonal Elements FMIUG from GCF file:  (INPUTFMIUG)    0
 Cartesian Coordinates from GCF file:    (INPUTCXYZ)     0

 Threshold Lambda Convergence=10**(-N):  (NTHRESHL)      3
 Threshold Energy Convergence=10**(-N):  (NTHRESHE)      4
 Threshold Energy Convergence=10**(-N):  (NTHRESHEC)    10
 Threshold Energy Convergence=10**(-N):  (NTHRESHEN)    10

 Max. Number of Inner Coef. Iterations:  (MAXLOOP)      30
 Orthogonalize the initial Orbitals:     (ORTHO)         T

 Scaling Parameters:
 Initial Number of Zeros IN Fij:         (NZEROS)        1
 Maximum Number of Zeros IN Fij:         (NZEROSm)       5
 Restart Number of Zeros IN Fij:         (NZEROSr)       2
 Number of Iter with constant Scaling:   (ITZITER)      10
 
 DIIS technique is used in Orb. Opt.:    (DIIS)          T
 Threshold to begin DIIS = 10**(-N):     (NTHDIIS)       3
 Number of considered Loops in DIIS:     (NDIIS)         5
 Periodic DIIS every NDIIS:              (PERDIIS)       T

 Output Option:                          (NPRINT)        1
 Output the Coefficient Matrix:          (IWRITEC)       1
 Do a Mulliken Population Analysis:      (IMULPOP)       1
 Write Information into a WFN file:      (IAIMPAC)       1
 Write Information into a FCHK file:     (IFCHK)         1
 Write Information into a MLP file:      (MOLDEN)        1
 Calculate IPs using Ext. Koopmans Theo: (IEKT)          1
 Write APSG expansion coefficient file:  (APSG)          F
 Output option for Lagrange Multipliers: (PRINTLAG)      T
 Diagonalize matrix of Lag. Multipliers: (DIAGLAG)       T

------------------------------------------------------------------------

 Orbital Space
 -------------

 You are doing a perfect pairing calculation: NCWO=1

 Inactive Doubly occupied orbitals up to NO1  =    1
 No. considered Strongly Doubly occupied MOs  =    4
 No. considered Strongly Singly occupied MOs  =    0
 NO. of Weakly occ. per St. Doubly occ.  MOs  =    1
 Dimension of the Active Nat. Orb. subspace   =    8
 Secondary Empty orbitals                     =   11

 1e- integrals
 -------------
 Time to do integrals =      0.00
 Guess for MOs = HCORE
        12 MOs were matched and         0 equalized to zero

 2e- integrals
 -------------
 DONTW option skips storage 2e- integrals on Unit 1
                5596 2e- integrals in     1 records
 Time to do integrals =      0.01

 RHF SCF Calculation
 -------------------
 EXTRAP=T  DAMP=T  DIIS=T
 DMat Conv = 1.0E-05  Ener Tol = 1.0E-08
 Ener Conv = 1.0E-10  DMat Tol = 2.0E-05
 DIIS Conv = 1.0E-07  DMat Tol = 2.0E-05

 ITER      TOTAL ENERGY        E CHANGE     DEN. CHANGE    DIIS ERROR
   1      -92.4411275811   -92.4411275811   4.371482955   4.165107867
   2      -95.3875545735    -2.9464269925   4.371818941   1.458945735
   3      -99.9948133811    -4.6072588076   0.108015211   0.138332932
   4     -100.0153130129    -0.0204996318   0.045142683   0.063153786
   5     -100.0195274906    -0.0042144777   0.009504440   0.016110517
   6     -100.0198173013    -0.0002898107   0.003040783   0.002717733
   7     -100.0198363754    -0.0000190741   0.000607302   0.000688014
   8     -100.0198370361    -0.0000006607   0.000164827   0.000145811
   9     -100.0198370781    -0.0000000420   0.000007909   0.000006665
  10     -100.0198370782    -0.0000000001   0.000001251   0.000000844

          -----------------
          DENSITY CONVERGED
          -----------------

 FINAL RHF ENERGY IS     -100.0198370782 AFTER  10 ITERATIONS

         WAVEFUNCTION NORMALIZATION =       1.0000000000

                ONE ELECTRON ENERGY =    -150.6909700309
                TWO ELECTRON ENERGY =      45.4763301133
           NUCLEAR REPULSION ENERGY =       5.1948028394
                                      ------------------
                   RHF TOTAL ENERGY =    -100.0198370782

 ELECTRON-ELECTRON POTENTIAL ENERGY =      45.4763301133
  NUCLEUS-ELECTRON POTENTIAL ENERGY =    -250.6753568688
   NUCLEUS-NUCLEUS POTENTIAL ENERGY =       5.1948028394
                                      ------------------
             TOTAL POTENTIAL ENERGY =    -200.0042239161
               TOTAL KINETIC ENERGY =      99.9843868380
                 VIRIAL RATIO (V/T) =       2.0003545578

 Input for Coefficients is RHF


  RESULTS OF OCCUPATION-COEFFICIENT S.C.F. PROCEDURE
 ====================================================

  Iter     Electronic Energy      Total Energy   Energy Convergency    Max Mul-Lag Diff

    1.      -105.2187814402     -100.0239786008    -0.0002792380           0.011379
    2.      -104.9996381475      -99.8048353081     0.2191432927           0.315673
    3.      -105.2241756057     -100.0293727663    -0.2245374582           0.111115
    4.      -105.2542280234     -100.0594251840    -0.0300524177           0.024131
    5.      -105.2581243081     -100.0633214687    -0.0038962847           0.031387
    6.      -105.2605486091     -100.0657457697    -0.0024243010           0.017676
    7.      -105.2634609792     -100.0686581398    -0.0029123701           0.034201
    8.      -105.2660524000     -100.0712495606    -0.0025914208           0.022472
    9.      -105.2673563015     -100.0725534621    -0.0013039016           0.022077
   10.      -105.2683268864     -100.0735240470    -0.0009705848           0.023744
   11.      -105.2695590432     -100.0747562038    -0.0012321568           0.024601
   12.      -105.2703989950     -100.0755961556    -0.0008399518           0.021960
   13.      -105.2703856684     -100.0755828290     0.0000133265           0.023208
   14.      -105.2720014186     -100.0771985792    -0.0016157501           0.002429
   15.      -105.2720923300     -100.0772894906    -0.0000909115           0.001474
   16.      -105.2721389600     -100.0773361206    -0.0000466299           0.002185
   17.      -105.2721626756     -100.0773598362    -0.0000237156           0.002831
   18.      -105.2721834448     -100.0773806054    -0.0000207692           0.002923
   19.      -105.2721844476     -100.0773816082    -0.0000010028           0.002750
   20.      -105.2721993695     -100.0773965301    -0.0000149219           0.002102
   21.      -105.2722057412     -100.0774029018    -0.0000063717           0.002364
   22.      -105.2722079173     -100.0774050779    -0.0000021761           0.001860
   23.      -105.2722089394     -100.0774061000    -0.0000010221           0.001845
   24.      -105.2722093801     -100.0774065407    -0.0000004407           0.003720
   25.      -105.2722258805     -100.0774230411    -0.0000165004           0.000418
   26.      -105.2722258965     -100.0774230571    -0.0000165004           0.000421


  RESULTS OF THE OCCUPATION OPTIMIZATION
 ========================================

   OM     Occupation      Elag Diag

    1      2.0000000    -26.2831211
    2      1.9942891     -0.9012851
    3      1.9810712     -0.9599637
    4      1.9942562     -0.8979332
    5      1.9942536     -0.8977664
    6      0.0057464     -0.0086725
    7      0.0057438     -0.0086702
    8      0.0189288     -0.0207132
    9      0.0057109     -0.0086485

   RO Sum ( 10) =   10.00

  ---------------
   Dipole Moment
  ---------------

      1.8738 Debye [   0.7372  (   0.0001,   0.0001,  -0.7372) ]

                  ------------------------------------------
                   NATURAL ORBITALS IN ATOMIC ORBITAL BASIS 
                  ------------------------------------------

                      1          2          3          4          5
 
                    1.0000     0.9971     0.9905     0.9971     0.9971
                  -26.2831    -0.9013    -0.9600    -0.8979    -0.8978
    1  H  1  S   -0.000748   0.021599   0.436435   0.020430  -0.020315
    2  H  1  S    0.000403   0.007748   0.040103   0.007594  -0.007578
    3  H  1  X    0.000070  -0.023852   0.000040   0.023535  -0.000628
    4  H  1  Y    0.000041  -0.013185   0.000038  -0.014102  -0.027405
    5  H  1  Z   -0.000727  -0.007545   0.067818  -0.007685   0.007730
    6  F  2  S    1.000850  -0.003020   0.005365  -0.005923   0.006019
    7  F  2  S   -0.005444  -0.277628   0.130170  -0.275045   0.274977
    8  F  2  S   -0.009258  -0.330498  -0.040068  -0.326956   0.326814
    9  F  2  X    0.001394  -0.472657   0.001050   0.465596  -0.011994
   10  F  2  Y    0.000818  -0.260932   0.000563  -0.278850  -0.542675
   11  F  2  Z   -0.002460  -0.124491  -0.519220  -0.122029   0.121960
   12  F  2  X    0.000998  -0.339298   0.000768   0.334295  -0.008610
   13  F  2  Y    0.000584  -0.187290   0.000400  -0.200152  -0.389618
   14  F  2  Z   -0.000959  -0.087874  -0.248016  -0.086410   0.086540
   15  F  2 XX   -0.001032   0.000931  -0.002906   0.000986  -0.001443
   16  F  2 YY   -0.001034   0.001250  -0.002902   0.001234  -0.000804
   17  F  2 ZZ   -0.001065   0.004926   0.025533   0.004876  -0.004974
   18  F  2 XY    0.000000  -0.000288   0.000004   0.000295   0.000071
   19  F  2 XZ   -0.000024   0.008475  -0.000019  -0.008289   0.000179
   20  F  2 YZ   -0.000015   0.004647   0.000011   0.005004   0.009702

                      6          7          8          9
 
                    0.0029     0.0029     0.0095     0.0029
                   -0.0087    -0.0087    -0.0207    -0.0086
    1  H  1  S   -0.098780   0.099216   0.975275   0.100125
    2  H  1  S    0.032055  -0.032157   0.063456  -0.031995
    3  H  1  X   -0.000782   0.025589   0.000410  -0.025552
    4  H  1  Y   -0.029918  -0.015367   0.000224  -0.014086
    5  H  1  Z   -0.012358   0.012503   0.090267   0.013103
    6  F  2  S   -0.350362   0.350501  -0.083063   0.353259
    7  F  2  S   -0.903874   0.904258  -0.332419   0.911556
    8  F  2  S    0.749051  -0.749346  -0.271762  -0.754814
    9  F  2  X    0.016358  -0.640699  -0.001306   0.650950
   10  F  2  Y    0.746809   0.383856  -0.000801   0.359347
   11  F  2  Z   -0.213683   0.213784   0.782008   0.217738
   12  F  2  X   -0.017739   0.696626   0.001223  -0.707920
   13  F  2  Y   -0.811953  -0.417372   0.000759  -0.390841
   14  F  2  Z    0.211360  -0.211141   0.031773  -0.214450
   15  F  2 XX    0.163879   0.039701   0.046755   0.046169
   16  F  2 YY   -0.112563  -0.091335   0.046795  -0.100844
   17  F  2 ZZ    0.164616  -0.164712  -0.050374  -0.165077
   18  F  2 XY   -0.007309  -0.140726  -0.000018   0.134685
   19  F  2 XZ    0.001681  -0.066870   0.000189   0.069955
   20  F  2 YZ    0.077798   0.040107   0.000088   0.038595



  --------------------------------------------------
   Extended Koopmans' Theorem (Ionization Energies) 
  --------------------------------------------------

    OM              (aU)              (eV)

     1             26.289            715.347
     6              1.539             41.874
     7              0.748             20.366
     8              0.616             16.755
     9              0.616             16.751

                  --------------------------------
                   MATRIX OF LAGRANGE MULTIPLIERS 
                  --------------------------------

              1          2          3          4          5
 
    1   -26.283121   0.153642  -0.072692   0.226681  -0.228871
    2     0.153280  -0.901285   0.203829  -0.254995   0.254898
    3    -0.072693   0.203840  -0.959964   0.202614  -0.202542
    4     0.226543  -0.254973   0.202613  -0.897933   0.253342
    5    -0.228740   0.254876  -0.202538   0.253341  -0.897766
    6     0.000824  -0.000830   0.000223  -0.000796   0.015636
    7    -0.000799   0.000802  -0.000207   0.015660  -0.000816
    8     0.000778  -0.000446   0.013915  -0.000442   0.000435
    9    -0.000747   0.015597  -0.000210   0.000752  -0.000748
   10     0.000002  -0.000003  -0.000010  -0.000028  -0.000010
   11     0.000015  -0.000007   0.000013  -0.000021   0.000003
   12     0.000002  -0.000019   0.000070  -0.000017  -0.000002
   13    -0.000002   0.000003   0.000129   0.000122  -0.000068
   14     0.000002  -0.000152   0.000121  -0.000122   0.000063
   15    -0.000006   0.000036  -0.000044   0.000038   0.000042
   16    -0.000008   0.000031  -0.000064   0.000019   0.000028
   17    -0.000010  -0.000020  -0.000085   0.000106  -0.000124
   18     0.000008   0.000017   0.000093   0.000104  -0.000196
   19    -0.000005   0.000031   0.000071  -0.000128   0.000421
   20    -0.000008   0.000095  -0.000160   0.000084   0.000111

              6          7          8          9         10
 
    1     0.000815  -0.000813   0.000782  -0.000755   0.000000
    2    -0.000800   0.000800  -0.000462   0.015585   0.000000
    3     0.000154  -0.000152   0.013937  -0.000147   0.000000
    4    -0.000796   0.015629  -0.000437   0.000773   0.000000
    5     0.015633  -0.000795   0.000437  -0.000773   0.000000
    6    -0.008673  -0.000290  -0.000598  -0.000299   0.000000
    7    -0.000290  -0.008670   0.000595   0.000300   0.000000
    8    -0.000597   0.000597  -0.020713   0.000582   0.000000
    9    -0.000298   0.000298   0.000581  -0.008648   0.000000
   10    -0.000000   0.000000  -0.000000   0.000000   0.000000
   11    -0.000000   0.000001   0.000001   0.000000   0.000000
   12     0.000001  -0.000000  -0.000002  -0.000000   0.000000
   13    -0.000001   0.000000  -0.000001   0.000001   0.000000
   14    -0.000001  -0.000001  -0.000001  -0.000000   0.000000
   15    -0.000002   0.000001  -0.000001   0.000000   0.000000
   16     0.000000  -0.000001  -0.000004  -0.000000   0.000000
   17     0.000000  -0.000000  -0.000002  -0.000001   0.000000
   18     0.000001  -0.000001  -0.000001   0.000002   0.000000
   19     0.000001   0.000000  -0.000003   0.000001   0.000000
   20    -0.000001   0.000000   0.000003   0.000000   0.000000

             11         12         13         14         15
 
    1     0.000000   0.000000   0.000000   0.000000   0.000000
    2     0.000000   0.000000   0.000000   0.000000   0.000000
    3     0.000000   0.000000   0.000000   0.000000   0.000000
    4     0.000000   0.000000   0.000000   0.000000   0.000000
    5     0.000000   0.000000   0.000000   0.000000   0.000000
    6     0.000000   0.000000   0.000000   0.000000   0.000000
    7     0.000000   0.000000   0.000000   0.000000   0.000000
    8     0.000000   0.000000   0.000000   0.000000   0.000000
    9     0.000000   0.000000   0.000000   0.000000   0.000000
   10     0.000000   0.000000   0.000000   0.000000   0.000000
   11     0.000000   0.000000   0.000000   0.000000   0.000000
   12     0.000000   0.000000   0.000000   0.000000   0.000000
   13     0.000000   0.000000   0.000000   0.000000   0.000000
   14     0.000000   0.000000   0.000000   0.000000   0.000000
   15     0.000000   0.000000   0.000000   0.000000   0.000000
   16     0.000000   0.000000   0.000000   0.000000   0.000000
   17     0.000000   0.000000   0.000000   0.000000   0.000000
   18     0.000000   0.000000   0.000000   0.000000   0.000000
   19     0.000000   0.000000   0.000000   0.000000   0.000000
   20     0.000000   0.000000   0.000000   0.000000   0.000000

             16         17         18         19         20
 
    1     0.000000   0.000000   0.000000   0.000000   0.000000
    2     0.000000   0.000000   0.000000   0.000000   0.000000
    3     0.000000   0.000000   0.000000   0.000000   0.000000
    4     0.000000   0.000000   0.000000   0.000000   0.000000
    5     0.000000   0.000000   0.000000   0.000000   0.000000
    6     0.000000   0.000000   0.000000   0.000000   0.000000
    7     0.000000   0.000000   0.000000   0.000000   0.000000
    8     0.000000   0.000000   0.000000   0.000000   0.000000
    9     0.000000   0.000000   0.000000   0.000000   0.000000
   10     0.000000   0.000000   0.000000   0.000000   0.000000
   11     0.000000   0.000000   0.000000   0.000000   0.000000
   12     0.000000   0.000000   0.000000   0.000000   0.000000
   13     0.000000   0.000000   0.000000   0.000000   0.000000
   14     0.000000   0.000000   0.000000   0.000000   0.000000
   15     0.000000   0.000000   0.000000   0.000000   0.000000
   16     0.000000   0.000000   0.000000   0.000000   0.000000
   17     0.000000   0.000000   0.000000   0.000000   0.000000
   18     0.000000   0.000000   0.000000   0.000000   0.000000
   19     0.000000   0.000000   0.000000   0.000000   0.000000
   20     0.000000   0.000000   0.000000   0.000000   0.000000



  --------------------------
   Canonical Representation
  --------------------------

                    One-Particle Energies           1RDM Diag

                   (aU)              (eV)
     1         -26.288465        -715.345504         1.999999
     2          -1.596151         -43.433490         1.990969
     3          -0.766866         -20.867491         1.983433
     4          -0.644877         -17.548007         1.993195
     5          -0.644854         -17.547383         1.993172
     6          -0.020583          -0.560086         0.019329
     7          -0.008615          -0.234435         0.006826
     8          -0.008610          -0.234292         0.006806
     9          -0.007752          -0.210940         0.006270
    20           0.000000           0.000010         0.000001

               Maximum 1RDM off-diagonal element:    0.021794 (  7,  5)

                  ---------------------------------
                   Eigenvectors of Lagrange Matrix 
                  ---------------------------------

                      1          2          3          4          5
 
                    2.0000     1.9910     1.9834     1.9932     1.9932
                  -26.2885    -1.5962    -0.7669    -0.6449    -0.6449
    1  H  1  S    0.000062   0.176074   0.382550   0.000425   0.000329
    2  H  1  S    0.000334   0.006938   0.041101  -0.000018  -0.000029
    3  H  1  X    0.000000   0.000061  -0.000024   0.026135  -0.019462
    4  H  1  Y   -0.000000  -0.000018  -0.000012   0.019434   0.026147
    5  H  1  Z   -0.000333   0.044013   0.051477   0.000329   0.000168
    6  F  2  S    1.000927   0.002417  -0.000371   0.000135   0.000109
    7  F  2  S    0.001825   0.497693  -0.127712   0.000512   0.000367
    8  F  2  S   -0.001410   0.467112  -0.291436   0.000088  -0.000036
    9  F  2  X   -0.000001   0.000000   0.000050   0.549278  -0.408798
   10  F  2  Y   -0.000000  -0.000001  -0.000014   0.408775   0.549295
   11  F  2  Z   -0.001045  -0.064300  -0.573624   0.000060  -0.000047
   12  F  2  X    0.000000  -0.000012  -0.000006   0.363525  -0.270496
   13  F  2  Y    0.000000   0.000027  -0.000032   0.270532   0.363502
   14  F  2  Z    0.000388   0.008474  -0.286315   0.000318   0.000233
   15  F  2 XX   -0.001073  -0.003435  -0.001817   0.002407   0.003197
   16  F  2 YY   -0.001073  -0.003529  -0.001723  -0.003001  -0.003455
   17  F  2 ZZ   -0.001124   0.002518   0.029878  -0.000675  -0.000482
   18  F  2 XY   -0.000000  -0.000061   0.000040   0.004011  -0.003088
   19  F  2 XZ   -0.000000   0.000122  -0.000169  -0.007766   0.005786
   20  F  2 YZ   -0.000000  -0.000018  -0.000120  -0.005864  -0.007694

                      6          7          8          9
 
                    0.0193     0.0068     0.0068     0.0063
                   -0.0206    -0.0086    -0.0086    -0.0078
    1  H  1  S    0.964001  -0.001964  -0.004147  -0.257073
    2  H  1  S    0.068721   0.000282   0.000558   0.049508
    3  H  1  X    0.000286   0.010720  -0.035301   0.000189
    4  H  1  Y    0.000160  -0.035499  -0.010419   0.000054
    5  H  1  Z    0.088879  -0.000603  -0.000595  -0.029864
    6  F  2  S   -0.133949  -0.002314  -0.005673  -0.599578
    7  F  2  S   -0.462542  -0.006200  -0.014515  -1.531347
    8  F  2  S   -0.162828   0.004477   0.012736   1.326809
    9  F  2  X   -0.000067  -0.256361   0.860381  -0.006523
   10  F  2  Y   -0.000085   0.860161   0.256531  -0.005030
   11  F  2  Z    0.738870  -0.001264  -0.003341  -0.431011
   12  F  2  X   -0.000091   0.286739  -0.962413   0.007307
   13  F  2  Y    0.000009  -0.962098  -0.286999   0.005720
   14  F  2  Z    0.058538   0.000236   0.001576   0.366882
   15  F  2 XX    0.050353   0.160215   0.057018   0.040283
   16  F  2 YY    0.050245  -0.159372  -0.057116   0.043402
   17  F  2 ZZ   -0.025886   0.002658   0.004589   0.289068
   18  F  2 XY    0.000102  -0.067529   0.182673  -0.002835
   19  F  2 XZ    0.000149  -0.027065   0.093229  -0.001280
   20  F  2 YZ    0.000012   0.091846   0.028350  -0.001066




  ------------------------------
   Mulliken Population Analysis 
  ------------------------------

   Atomic populations in each Molecular Orbital 
  - - - - - - - - - - - - - - - - - - - - - - - -

               1        2        3        4        5        6        7        8        9

            2.0000   1.9943   1.9811   1.9943   1.9943   0.0057   0.0057   0.0189   0.0057

    1      -0.0002   0.0102   0.7425   0.0108   0.0109   0.0000   0.0000   0.0106   0.0000
    2       2.0002   1.9840   1.2386   1.9834   1.9834   0.0057   0.0057   0.0083   0.0057


   Total Populations on Atoms 
  - - - - - - - - - - - - - - -

         Atom        Pop.       Charge

    1     H         0.7850      0.2150
    2     F         9.2150     -0.2150

 ----------------
  Final Energies  
 ----------------

  Final NOF Total Energy =     -100.0774230571 ( 4.E-04 , 2.E-08 )


  NOF-MP2
 =========

 NUMBER OF CORE ORBITALS  (NO1PT2) =    1
 NUMBER OF Doubly OCC. ORBS. (NOC) =    4
 NUMBER OF VIRTUAL ORBS.     (NVI) =   15
 NUMBER OF LIN. IND. ORBS.  (NORB) =   19

             Ehfc =     -100.0194841197

              ECd =       -0.2012731575
             ECnd =       -0.0013887344
            ECorr =       -0.2026618919
        E(NOFMP2) =     -100.2221460116


  PNOF5-MCPT
 ============

 NUMBER OF CORE ORBITALS    (NO1) =    1
 NUMBER OF OCCUPIED ORBS.   (NOC) =    4
 NUMBER OF VIRTUAL ORBS.    (NVI) =   15
 NUMBER OF LIN. IND. ORBS. (NQMT) =   20

           Ehf(l) =     -100.0194841197
            Ecorr =       -0.0579467937
             E(0) =     -100.0774309134

             E(2) =       -0.1491919818
      E(SC2-MCPT) =     -100.2266228952

             E(2) =       -0.1191617549
     E(PNOF5-PT2) =     -100.1965926682


  **************************************************
  *                                                *
  *       SINGLE-POINT DoNOF CALCULATION           *
  *                                                *
  *             FULL OPTIMIZATION                  *
  *                                                *
  *  FINAL RESULTS   FINAL RESULTS  FINAL RESULTS  *
  *                                                *
  **************************************************

  **************************************************
  *         No. EXTERNAL ITER =    26              *
  *         No. of TOTAL ITER =   751              *
  **************************************************

  Elapsed real time :      1.02  (Seconds)

 The execution finished at 10h 27min on the  1/13/2021
