 This is the parallel version of the code
 This is the parallel version of the code
 This is the parallel version of the code
 This is the parallel version of the code
 This is the parallel version of the code
 This is the parallel version of the code
 This is the parallel version of the code
 This is the parallel version of the code
 This is the parallel version of the code
 This is the parallel version of the code
 This is the parallel version of the code
 This is the parallel version of the code
Master:    0

 The execution started at 10h 28min on the  1/13/2021

    ===========================================================
    !                                                         !
    !                        Do N O F                         !
    !                                                         !
    !  (Donostia Natural Orbital Functional Software Program) !
    !                                                         !
    !               COPYRIGHT by Mario Piris                  !
    !                                                         !
    !      Donostia International Physics Center (DIPC)       !
    !       University of the Basque Country (UPV/EHU)        !
    !       Basque Foundation for Science (IKERBASQUE)        !
    !                                                         !
    !          GNU General Public License version 3           !
    !                                                         !
    !                VERSION: January 2021                    !
    !                                                         !
    ===========================================================

 Run Title
 ---------
 HF-Singlet: CCD, Exp. Geom. ( 0.90148 at HF/CCD level )                         

 Basis Set
 ---------
 /home/piris/DoNOFsw/basis/cc-pVDZ.bas                                           

 Atom      Charge                Coordinates (Bohr)
                           x             y             z
 H           1.0        0.0000        0.0000        0.0000
 F           9.0        0.0000        0.0000        1.7325

 Atomic Basis Set
 ----------------
 The contracted primitive functions were unnormalized
 The contracted basis functions are now normalized to unity

  Shell Type  Primitive         Exponent  Contraction Coefficient

 H         
 
      1   S       1            13.0100000    0.019684989991
      1   S       2             1.9620000    0.137976929844
      1   S       3             0.4446000    0.478147756880
      1   S       4             0.1220000    0.501239745139
 
      2   S       5             0.1220000    1.000000000000
 
      3   P       6             0.7270000    1.000000000000

 F         
 
      4   S       7         14710.0000000    0.000721000328
      4   S       8          2207.0000000    0.005553002523
      4   S       9           502.8000000    0.028267012842
      4   S      10           142.6000000    0.106444048359
      4   S      11            46.4700000    0.286814130304
      4   S      12            16.7000000    0.448641203824
      4   S      13             6.3560000    0.264761120285
      4   S      14             1.3160000    0.015333006966
      4   S      15             0.3897000   -0.002332001059
 
      5   S      16         14710.0000000   -0.000165000112
      5   S      17          2207.0000000   -0.001308000885
      5   S      18           502.8000000   -0.006495004395
      5   S      19           142.6000000   -0.026691018062
      5   S      20            46.4700000   -0.073690049866
      5   S      21            16.7000000   -0.170776115564
      5   S      22             6.3560000   -0.112327076012
      5   S      23             1.3160000    0.562814380856
      5   S      24             0.3897000    0.568778384892
 
      6   S      25             0.3897000    1.000000000000
 
      7   P      26            22.6700000    0.044878001211
      7   P      27             4.9770000    0.235718006361
      7   P      28             1.3470000    0.508521013723
      7   P      29             0.3471000    0.458120012363
 
      8   P      30             0.3471000    1.000000000000
 
      9   D      31             1.6400000    1.000000000000

 Total Number of Basis Set Shells             =    9
 Total Number of Primitives                   =   31
 Number of Cartesian Gaussian Basis Functions =   20
 Total Number of Auxiliary Basis Set Shells   =   25
 Number of Cart. Gaussian Auxiliary Set Func. =  106
 Number of Electrons                          =   10
 Charge of Molecule                           =    0
 Spin Multiplicity                            =    1
 Number of Occupied Orbitals (Alpha)          =    5
 Number of Occupied Orbitals (Beta )          =    5
 Total Number of Atoms                        =    2

 Input Run Options
 -----------------
 IRUNTYP = 1  MULT = 1  ICHARG = 0  IECP = 0  IEMOM = 1  UNITS = ANGS    

 Integral Options
 ----------------
 CUTOFF = 1.0E-09   ISCHWZ = 0   ERITYP = RI     GEN = A2* 

 Input NOF Options
 -----------------

 Type of calculation = Iter-Diag-Method: (ICOEF)         1
 Maximum Number of Occ-Coef Outer Iter.: (MAXIT)      1000
 Natural Orbital Functional Selected:    (IPNOF)         7
 
 Restart calculation Option:             (RESTART)       F
 Restart Gamma Matrix from GCF file:     (INPUTGAMMA)    0
 Coefficient Matrix from GCF file:       (INPUTC)        0
 Diagonal Elements FMIUG from GCF file:  (INPUTFMIUG)    0
 Cartesian Coordinates from GCF file:    (INPUTCXYZ)     0

 Hartree-Fock Calc. using ID Method:     (HFID)          T
 Threshold Energy Convergence=10**(-N):  (NTHRESHEID)    6
 Max. Number of External Iterations:     (MAXITID)      30
 Ion. Potentials by Koopmans Theorem:    (KOOPMANS)      0

 Threshold Lambda Convergence=10**(-N):  (NTHRESHL)      3
 Threshold Energy Convergence=10**(-N):  (NTHRESHE)      4
 Threshold Energy Convergence=10**(-N):  (NTHRESHEC)    10
 Threshold Energy Convergence=10**(-N):  (NTHRESHEN)    10

 Max. Number of Inner Coef. Iterations:  (MAXLOOP)      30
 Orthogonalize the initial Orbitals:     (ORTHO)         T

 Scaling Parameters:
 Initial Number of Zeros IN Fij:         (NZEROS)        1
 Maximum Number of Zeros IN Fij:         (NZEROSm)       5
 Restart Number of Zeros IN Fij:         (NZEROSr)       2
 Number of Iter with constant Scaling:   (ITZITER)      10
 
 DIIS technique is used in Orb. Opt.:    (DIIS)          T
 Threshold to begin DIIS = 10**(-N):     (NTHDIIS)       3
 Number of considered Loops in DIIS:     (NDIIS)         5
 Periodic DIIS every NDIIS:              (PERDIIS)       T

 Output Option:                          (NPRINT)        0
 Output the Coefficient Matrix:          (IWRITEC)       0
 Do a Mulliken Population Analysis:      (IMULPOP)       0
 Write Information into a WFN file:      (IAIMPAC)       1
 Write Information into a FCHK file:     (IFCHK)         1
 Write Information into a MLP file:      (MOLDEN)        1
 Calculate IPs using Ext. Koopmans Theo: (IEKT)          0
 Write APSG expansion coefficient file:  (APSG)          F
 Output option for Lagrange Multipliers: (PRINTLAG)      F
 Diagonalize matrix of Lag. Multipliers: (DIAGLAG)       F

------------------------------------------------------------------------

 Orbital Space
 -------------

 You are doing a perfect pairing calculation: NCWO=1

 Inactive Doubly occupied orbitals up to NO1  =    1
 No. considered Strongly Doubly occupied MOs  =    4
 No. considered Strongly Singly occupied MOs  =    0
 NO. of Weakly occ. per St. Doubly occ.  MOs  =    1
 Dimension of the Active Nat. Orb. subspace   =    8
 Secondary Empty orbitals                     =   11

 1e- integrals
 -------------
 Time to do integrals =      0.00
 Guess for MOs = HCORE
        12 MOs were matched and         0 equalized to zero

 No violations of the orthonormality

 2e- integrals
 -------------
 DONTW option skips storage 2e- integrals on Unit 1
 Time to do integrals =      0.01

 Distribution b tensor:

 Elements:                              22260
 Max size per slaves:                    1890
 Max size in master:                     1680


  HARTREE-FOCK 
 ==============

  ITER     ELECTRONIC ENERGY      TOTAL ENERGY   ENERGY CONVERGENCY    MAX MUL-LAG DIFF

    1.          -90.547487         -85.352684         7.08702422           3.004432
    2.         -104.539014         -99.344211        -0.18336527           0.772522
    3.         -105.144488         -99.949685         0.01359523           0.194040
    4.         -105.170626         -99.975823         0.00933371           0.148257
    5.         -105.197215        -100.002412         0.00080897           0.114801
    6.         -105.209043        -100.014240         0.00072476           0.075873
    7.         -105.211851        -100.017048        -0.00012828           0.045472
    8.         -105.210489        -100.015686         0.00018721           0.094284
    9.         -105.213858        -100.019055        -0.00000108           0.005888
   10.         -105.213858        -100.019056        -0.00000085           0.005636

  -------------
   HF Energies 
  -------------

                   (aU)              (eV)
     1         -26.277285        -715.041302
     2          -1.570368         -42.731876
     3          -0.743899         -20.242515
     4          -0.642035         -17.470652
     5          -0.634333         -17.261067

    ELECTRONIC HF ENERGY =     -105.2138584938

         HF TOTAL ENERGY =     -100.0190556544

  ------------------
   HF Dipole Moment
  ------------------

     39.6321 Debye [  15.5925  (   0.0000,   0.0000,  15.5925) ]


  RESULTS OF OCCUPATION-COEFFICIENT S.C.F. PROCEDURE
 ====================================================

  Iter     Electronic Energy      Total Energy   Energy Convergency    Max Mul-Lag Diff

    1.      -105.2173468144     -100.0225439750    -0.0023166545           0.026610
    2.      -105.0655689172      -99.8707660778     0.1517778973           0.198692
    3.      -105.2428286694     -100.0480258300    -0.1772597522           0.033394
    4.      -105.2591591963     -100.0643563569    -0.0163305269           0.017815
    5.      -105.2675262972     -100.0727234578    -0.0083671009           0.025685
    6.      -105.2744768971     -100.0796740577    -0.0069505999           0.014528
    7.      -105.2755928381     -100.0807899987    -0.0011159410           0.036399
    8.      -105.2767066767     -100.0819038373    -0.0011138386           0.029747
    9.      -105.2774877004     -100.0826848610    -0.0007810238           0.017828
   10.      -105.2770760016     -100.0822731622     0.0004116989           0.029327
   11.      -105.2778663988     -100.0830635594    -0.0007903972           0.024789
   12.      -105.2779849175     -100.0831820781    -0.0001185188           0.023086
   13.      -105.2774844290     -100.0826815896     0.0005004885           0.021445
   14.      -105.2791121668     -100.0843093274    -0.0016277379           0.002107
   15.      -105.2791443261     -100.0843414867    -0.0000321593           0.001641
   16.      -105.2791616127     -100.0843587733    -0.0000172866           0.001365
   17.      -105.2791625460     -100.0843597066    -0.0000009333           0.002649
   18.      -105.2791696614     -100.0843668220    -0.0000071154           0.001369
   19.      -105.2791696988     -100.0843668594    -0.0000000374           0.002012
   20.      -105.2791731945     -100.0843703551    -0.0000034958           0.002641
   21.      -105.2791749795     -100.0843721401    -0.0000017849           0.001798
   22.      -105.2791662108     -100.0843633714     0.0000087687           0.003971
   23.      -105.2791661058     -100.0843632664     0.0000001050           0.003708
   24.      -105.2791774161     -100.0843745767    -0.0000113103           0.001362
   25.      -105.2791800987     -100.0843772593    -0.0000026826           0.001590
   26.      -105.2791771741     -100.0843743347     0.0000029246           0.001703
   27.      -105.2791879558     -100.0843851164    -0.0000107817           0.000272
   28.      -105.2791879660     -100.0843851266    -0.0000107817           0.000274


  RESULTS OF THE OCCUPATION OPTIMIZATION
 ========================================

   OM     Occupation      Elag Diag

    1      2.0000000    -26.2820275
    2      1.9923219     -0.9157777
    3      1.9755388     -0.9266061
    4      1.9923134     -0.9151382
    5      1.9923164     -0.9153207
    6      0.0076836     -0.0102722
    7      0.0076866     -0.0102749
    8      0.0244612     -0.0240740
    9      0.0076781     -0.0102683

   RO Sum ( 10) =   10.00

  ---------------
   Dipole Moment
  ---------------

      1.8548 Debye [   0.7298  (   0.0000,   0.0001,  -0.7298) ]

 ----------------
  Final Energies  
 ----------------

         HF Total Energy =     -100.0190556544
  Final NOF Total Energy =     -100.0843851266 ( 3.E-04 , 1.E-08 )
      Correlation Energy =       -0.0653294722



  **************************************************
  *                                                *
  *       SINGLE-POINT DoNOF CALCULATION           *
  *                                                *
  *             FULL OPTIMIZATION                  *
  *                                                *
  *  FINAL RESULTS   FINAL RESULTS  FINAL RESULTS  *
  *                                                *
  **************************************************

  **************************************************
  *         No. EXTERNAL ITER =    28              *
  *         No. of TOTAL ITER =   811              *
  **************************************************

  Elapsed real time :      0.61  (Seconds)

 The execution finished at 10h 28min on the  1/13/2021
