 This is the serial version of the code

 The execution started at  9h 53min on the  1/13/2021

    ===========================================================
    !                                                         !
    !                        Do N O F                         !
    !                                                         !
    !  (Donostia Natural Orbital Functional Software Program) !
    !                                                         !
    !               COPYRIGHT by Mario Piris                  !
    !                                                         !
    !      Donostia International Physics Center (DIPC)       !
    !       University of the Basque Country (UPV/EHU)        !
    !       Basque Foundation for Science (IKERBASQUE)        !
    !                                                         !
    !          GNU General Public License version 3           !
    !                                                         !
    !                VERSION: January 2021                    !
    !                                                         !
    ===========================================================

 Run Title
 ---------
 HF-Singlet: Exp. Geom. / PNOF5 / Perfect Pairing / Canonical orbitals           

 Basis Set
 ---------
 /home/piris/DoNOFsw/basis/cc-pVDZ.bas                                           

 Atom      Charge                Coordinates (Bohr)
                           x             y             z
 H           1.0        0.0000        0.0000        0.0000
 F           9.0        0.0000        0.0000        1.7325

 Atomic Basis Set
 ----------------
 The contracted primitive functions were unnormalized
 The contracted basis functions are now normalized to unity

  Shell Type  Primitive         Exponent  Contraction Coefficient

 H         

      1   S       1            13.0100000    0.019684989991
      1   S       2             1.9620000    0.137976929844
      1   S       3             0.4446000    0.478147756880
      1   S       4             0.1220000    0.501239745139

      2   S       5             0.1220000    1.000000000000

      3   P       6             0.7270000    1.000000000000

 F         

      4   S       7         14710.0000000    0.000721000328
      4   S       8          2207.0000000    0.005553002523
      4   S       9           502.8000000    0.028267012842
      4   S      10           142.6000000    0.106444048359
      4   S      11            46.4700000    0.286814130304
      4   S      12            16.7000000    0.448641203824
      4   S      13             6.3560000    0.264761120285
      4   S      14             1.3160000    0.015333006966
      4   S      15             0.3897000   -0.002332001059

      5   S      16         14710.0000000   -0.000165000112
      5   S      17          2207.0000000   -0.001308000885
      5   S      18           502.8000000   -0.006495004395
      5   S      19           142.6000000   -0.026691018062
      5   S      20            46.4700000   -0.073690049866
      5   S      21            16.7000000   -0.170776115564
      5   S      22             6.3560000   -0.112327076012
      5   S      23             1.3160000    0.562814380856
      5   S      24             0.3897000    0.568778384892

      6   S      25             0.3897000    1.000000000000

      7   P      26            22.6700000    0.044878001211
      7   P      27             4.9770000    0.235718006361
      7   P      28             1.3470000    0.508521013723
      7   P      29             0.3471000    0.458120012363

      8   P      30             0.3471000    1.000000000000

      9   D      31             1.6400000    1.000000000000

 Total Number of Basis Set Shells             =    9
 Total Number of Primitives                   =   31
 Number of Cartesian Gaussian Basis Functions =   20
 Number of Electrons                          =   10
 Charge of Molecule                           =    0
 Spin Multiplicity                            =    1
 Number of Occupied Orbitals (Alpha)          =    5
 Number of Occupied Orbitals (Beta )          =    5
 Total Number of Atoms                        =    2

 Input Run Options
 -----------------
 IRUNTYP = 1  MULT = 1  ICHARG = 0  IECP = 0  IEMOM = 1  UNITS = ANGS    

 Integral Options
 ----------------
 CUTOFF = 1.0E-09   ISCHWZ = 0   ERITYP = FULL

 Input NOF Options
 -----------------

 Type of calculation = Iter-Diag-Method: (ICOEF)         1
 Maximum Number of Occ-Coef Outer Iter.: (MAXIT)      1000
 Natural Orbital Functional Selected:    (IPNOF)         5

 Restart calculation Option:             (RESTART)       T

 Threshold Lambda Convergence=10**(-N):  (NTHRESHL)      4
 Threshold Energy Convergence=10**(-N):  (NTHRESHE)      4
 Threshold Energy Convergence=10**(-N):  (NTHRESHEC)    10
 Threshold Energy Convergence=10**(-N):  (NTHRESHEN)    10

 Max. Number of Inner Coef. Iterations:  (MAXLOOP)      30
 Orthogonalize the initial Orbitals:     (ORTHO)         T

 Scaling Parameters:
 Initial Number of Zeros IN Fij:         (NZEROS)        3
 Maximum Number of Zeros IN Fij:         (NZEROSm)       6
 Restart Number of Zeros IN Fij:         (NZEROSr)       3
 Number of Iter with constant Scaling:   (ITZITER)      10

 DIIS technique is used in Orb. Opt.:    (DIIS)          T
 Threshold to begin DIIS = 10**(-N):     (NTHDIIS)       3
 Number of considered Loops in DIIS:     (NDIIS)         5
 Periodic DIIS every NDIIS:              (PERDIIS)       T

 Output Option:                          (NPRINT)        1
 Output the Coefficient Matrix:          (IWRITEC)       0
 Do a Mulliken Population Analysis:      (IMULPOP)       0
 Write Information into a WFN file:      (IAIMPAC)       1
 Write Information into a FCHK file:     (IFCHK)         1
 Write Information into a MLP file:      (MOLDEN)        1
 Calculate IPs using Ext. Koopmans Theo: (IEKT)          0
 Write APSG expansion coefficient file:  (APSG)          F
 Output option for Lagrange Multipliers: (PRINTLAG)      F
 Diagonalize matrix of Lag. Multipliers: (DIAGLAG)       T

 Nuclear Coordinates from GCF file:
 ----------------------------------

 Atom      Charge                Coordinates (Bohr)
                           x             y             z
 H           1.0        0.0000        0.0000        0.0000
 F           9.0        0.0000        0.0000        1.7325

------------------------------------------------------------------------

 Orbital Space
 -------------

 You are doing a perfect pairing calculation: NCWO=1

 Inactive Doubly occupied orbitals up to NO1  =    1
 No. considered Strongly Doubly occupied MOs  =    4
 No. considered Strongly Singly occupied MOs  =    0
 NO. of Weakly occ. per St. Doubly occ.  MOs  =    1
 Dimension of the Active Nat. Orb. subspace   =    8
 Secondary Empty orbitals                     =   11

 1e- integrals
 -------------
 Time to do integrals =      0.00
 Guess for MOs = HCORE
        12 MOs were matched and         0 equalized to zero

 2e- integrals
 -------------
 DONTW option skips storage 2e- integrals on Unit 1
                5596 2e- integrals in     1 records
 Time to do integrals =      0.02

 RHF SCF Calculation
 -------------------
 EXTRAP=T  DAMP=T  DIIS=T
 DMat Conv = 1.0E-05  Ener Tol = 1.0E-08
 Ener Conv = 1.0E-10  DMat Tol = 2.0E-05
 DIIS Conv = 1.0E-07  DMat Tol = 2.0E-05

 ITER      TOTAL ENERGY        E CHANGE     DEN. CHANGE    DIIS ERROR
   1      -92.4411275811   -92.4411275811  14.123352924   3.239082960
   2      -95.3875545735    -2.9464269925   6.278736945   1.388800761
   3      -99.9948133811    -4.6072588076   0.351972615   0.133206878
   4     -100.0153130129    -0.0204996318   0.093955015   0.082683148
   5     -100.0195274906    -0.0042144777   0.025469009   0.014374446
   6     -100.0198173013    -0.0002898107   0.006270244   0.002501209
   7     -100.0198363754    -0.0000190741   0.001267488   0.000601418
   8     -100.0198370361    -0.0000006607   0.000344007   0.000122525
   9     -100.0198370781    -0.0000000420   0.000016124   0.000007351
  10     -100.0198370782    -0.0000000001   0.000002520   0.000001211

          -----------------
          DENSITY CONVERGED
          -----------------

 FINAL RHF ENERGY IS     -100.0198370782 AFTER  10 ITERATIONS

         WAVEFUNCTION NORMALIZATION =       1.0000000000

                ONE ELECTRON ENERGY =    -150.6909700309
                TWO ELECTRON ENERGY =      45.4763301133
           NUCLEAR REPULSION ENERGY =       5.1948028394
                                      ------------------
                   RHF TOTAL ENERGY =    -100.0198370782

 ELECTRON-ELECTRON POTENTIAL ENERGY =      45.4763301133
  NUCLEUS-ELECTRON POTENTIAL ENERGY =    -250.6753568688
   NUCLEUS-NUCLEUS POTENTIAL ENERGY =       5.1948028394
                                      ------------------
             TOTAL POTENTIAL ENERGY =    -200.0042239161
               TOTAL KINETIC ENERGY =      99.9843868380
                 VIRIAL RATIO (V/T) =       2.0003545578

 No violations of the orthonormality


  RESULTS OF OCCUPATION-COEFFICIENT S.C.F. PROCEDURE
 ====================================================

  Iter     Electronic Energy      Total Energy   Energy Convergency    Max Mul-Lag Diff

    1.      -105.2722112215     -100.0774083821     0.0000168977           0.001989
    2.      -105.2722146644     -100.0774118250    -0.0000034429           0.002280
    3.      -105.2722171871     -100.0774143477    -0.0000025227           0.002194
    4.      -105.2722137660     -100.0774109266     0.0000034211           0.001783
    5.      -105.2722292727     -100.0774264333    -0.0000155066           0.000386
    6.      -105.2722296663     -100.0774268269    -0.0000003936           0.000225
    7.      -105.2722296696     -100.0774268302    -0.0000000033           0.000210
    8.      -105.2722297065     -100.0774268671    -0.0000000370           0.000238
    9.      -105.2722297672     -100.0774269278    -0.0000000607           0.000205
   10.      -105.2722298197     -100.0774269803    -0.0000000525           0.000324
   11.      -105.2722298249     -100.0774269855    -0.0000000052           0.000355
   12.      -105.2722298394     -100.0774270000    -0.0000000145           0.000207
   13.      -105.2722298876     -100.0774270482    -0.0000000482           0.000209
   14.      -105.2722298657     -100.0774270263     0.0000000219           0.000295
   15.      -105.2722299662     -100.0774271268    -0.0000001005           0.000223
   16.      -105.2722299296     -100.0774270902     0.0000000366           0.000301
   17.      -105.2722300921     -100.0774272527    -0.0000001626           0.000161
   18.      -105.2722300990     -100.0774272597    -0.0000000069           0.000161
   19.      -105.2722291745     -100.0774263351     0.0000009246           0.000161
   20.      -105.2722300834     -100.0774272440    -0.0000009089           0.000161
   21.      -105.2722301064     -100.0774272670    -0.0000000230           0.000161
   22.      -105.2722301092     -100.0774272698    -0.0000000027           0.000161
   23.      -105.2722301120     -100.0774272726    -0.0000000028           0.000161
   24.      -105.2722301121     -100.0774272727    -0.0000000001           0.000161
   25.      -105.2722294025     -100.0774265631     0.0000007096           0.000162
   26.      -105.2722300984     -100.0774272590    -0.0000006959           0.000161
   27.      -105.2722301086     -100.0774272692    -0.0000000101           0.000161
   28.      -105.2722301129     -100.0774272735    -0.0000000044           0.000160
   29.      -105.2722301144     -100.0774272750    -0.0000000015           0.000160
   30.      -105.2722295462     -100.0774267068     0.0000005683           0.000160
   31.      -105.2722301110     -100.0774272716    -0.0000005648           0.000160
   32.      -105.2722301127     -100.0774272733    -0.0000000018           0.000160
   33.      -105.2722301139     -100.0774272745    -0.0000000011           0.000160
   34.      -105.2722286850     -100.0774258456     0.0000014288           0.000162
   35.      -105.2722301123     -100.0774272729    -0.0000014273           0.000160
   36.      -105.2722301149     -100.0774272755    -0.0000000026           0.000160
   37.      -105.2722301159     -100.0774272765    -0.0000000010           0.000160
   38.      -105.2722294821     -100.0774266427     0.0000006338           0.000161
   39.      -105.2722301133     -100.0774272739    -0.0000006312           0.000160
   40.      -105.2722301149     -100.0774272755    -0.0000000016           0.000160
   41.      -105.2722301157     -100.0774272763    -0.0000000008           0.000160
   42.      -105.2722128935     -100.0774100541     0.0000172222           0.003110
   43.      -105.2722165711     -100.0774137317    -0.0000036777           0.001813
   44.      -105.2722095693     -100.0774067299     0.0000070019           0.002093
   45.      -105.2722162780     -100.0774134386    -0.0000067087           0.001695
   46.      -105.2722118225     -100.0774089831     0.0000044555           0.002189
   47.      -105.2722151617     -100.0774123223    -0.0000033392           0.002272
   48.      -105.2722167358     -100.0774138964    -0.0000015741           0.001858
   49.      -105.2722066737     -100.0774038343     0.0000100621           0.003805
   50.      -105.2722155462     -100.0774127068    -0.0000088725           0.002429
   51.      -105.2722150304     -100.0774121910     0.0000005158           0.003117
   52.      -105.2722111570     -100.0774083176     0.0000038734           0.003400
   53.      -105.2722147199     -100.0774118805    -0.0000035629           0.002395
   54.      -105.2722305470     -100.0774277076    -0.0000158271           0.000264
   55.      -105.2722306612     -100.0774278218    -0.0000001142           0.000148
   56.      -105.2722305275     -100.0774276881     0.0000001337           0.000326
   57.      -105.2722306481     -100.0774278087    -0.0000001206           0.000245
   58.      -105.2722306377     -100.0774277983     0.0000000103           0.000156
   59.      -105.2722305953     -100.0774277559     0.0000000424           0.000245
   60.      -105.2722306180     -100.0774277786    -0.0000000227           0.000291
   61.      -105.2722305498     -100.0774277104     0.0000000682           0.000318
   62.      -105.2722306324     -100.0774277930    -0.0000000826           0.000196
   63.      -105.2722307050     -100.0774278656    -0.0000000726           0.000153
   64.      -105.2722305528     -100.0774277134     0.0000001523           0.000504
   65.      -105.2722306629     -100.0774278235    -0.0000001101           0.000373
   66.      -105.2722306545     -100.0774278151     0.0000000084           0.000165
   67.      -105.2722307974     -100.0774279580    -0.0000001429           0.000022
   68.      -105.2722307984     -100.0774279590    -0.0000001429           0.000021


  RESULTS OF THE OCCUPATION OPTIMIZATION
 ========================================

   OM     Occupation      Elag Diag

    1      2.0000000    -26.2796380
    2      1.9942697     -0.9001148
    3      1.9942728     -0.9004095
    4      1.9810741     -0.9597084
    5      1.9942692     -0.9001584
    6      0.0057308     -0.0086663
    7      0.0189259     -0.0207101
    8      0.0057272     -0.0086645
    9      0.0057303     -0.0086658

   RO Sum ( 10) =   10.00

  ---------------
   Dipole Moment
  ---------------

      1.8739 Debye [   0.7373  (  -0.0000,  -0.0000,  -0.7373) ]

  --------------------------
   Canonical Representation
  --------------------------

                    One-Particle Energies           1RDM Diag

                   (aU)              (eV)
     1         -26.288452        -715.345153         1.999998
     2          -1.596159         -43.433682         1.990979
     3          -0.766851         -20.867077         1.983427
     4          -0.644856         -17.547436         1.993192
     5          -0.644855         -17.547384         1.993191
     6          -0.020579          -0.559995         0.019326
     7          -0.008618          -0.234518         0.006810
     8          -0.008618          -0.234510         0.006807
     9          -0.007748          -0.210821         0.006270

               Maximum 1RDM off-diagonal element:    0.021631 (  7,  5)

                  ---------------------------------
                   Eigenvectors of Lagrange Matrix 
                  ---------------------------------

                      1          2          3          4          5

                    2.0000     1.9910     1.9834     1.9932     1.9932
                  -26.2885    -1.5962    -0.7669    -0.6449    -0.6449
    1  H  1  S    0.000107  -0.299660   0.650572   0.000067  -0.000061
    2  H  1  S    0.000280   0.143283  -0.284996  -0.000027   0.000018
    3  H  1  X   -0.000000   0.000001  -0.000001  -0.022582   0.023559
    4  H  1  Y   -0.000000   0.000001   0.000002  -0.023563  -0.022590
    5  H  1  Z   -0.000332  -0.044070   0.051327   0.000017  -0.000023
    6  F  2  S    1.000475  -0.002458  -0.000432  -0.000011   0.000006
    7  F  2  S    0.003564  -0.969204  -0.248924  -0.000100   0.000071
    8  F  2  S   -0.001105   0.083981  -0.149622  -0.000007   0.000038
    9  F  2  X    0.000000   0.000002  -0.000002  -0.684483   0.714076
   10  F  2  Y   -0.000000  -0.000001   0.000002  -0.714067  -0.684484
   11  F  2  Z   -0.001509   0.092877  -0.828738  -0.000006  -0.000007
   12  F  2  X   -0.000000  -0.000002   0.000006   0.000018  -0.000025
   13  F  2  Y    0.000000   0.000002   0.000000   0.000015   0.000023
   14  F  2  Z    0.001079  -0.051038   0.093191   0.000035  -0.000025
   15  F  2 XX   -0.001075   0.003672  -0.001871  -0.004207   0.000784
   16  F  2 YY   -0.001075   0.003670  -0.001874   0.004309  -0.000883
   17  F  2 ZZ   -0.001127  -0.002385   0.030230   0.000008  -0.000008
   18  F  2 XY    0.000000   0.000001  -0.000003   0.000968   0.004895
   19  F  2 XZ    0.000000   0.000001   0.000006   0.006668  -0.006956
   20  F  2 YZ   -0.000000  -0.000003  -0.000001   0.006938   0.006663

                      6          7          8          9

                    0.0193     0.0068     0.0068     0.0063
                   -0.0206    -0.0086    -0.0086    -0.0077
    1  H  1  S   -1.640412  -0.000271   0.000488  -0.437231
    2  H  1  S    0.753519   0.000123  -0.000298   0.268539
    3  H  1  X    0.000004   0.034164  -0.014398  -0.000014
    4  H  1  Y   -0.000000  -0.014404  -0.034173  -0.000017
    5  H  1  Z   -0.088868  -0.000058   0.000042  -0.029677
    6  F  2  S    0.133878  -0.000154   0.000378  -0.599140
    7  F  2  S    0.900414  -0.000664   0.001869  -2.979511
    8  F  2  S   -0.348874   0.000934  -0.001935   3.020731
    9  F  2  X   -0.000000  -1.194981   0.503664   0.000644
   10  F  2  Y    0.000046   0.503661   1.195004   0.000592
   11  F  2  Z   -1.067446  -0.000155   0.000401  -0.622591
   12  F  2  X   -0.000007   1.472603  -0.620678  -0.000790
   13  F  2  Y   -0.000058  -0.620670  -1.472624  -0.000720
   14  F  2  Z    0.430492   0.000092  -0.000339   0.652282
   15  F  2 XX   -0.050226  -0.090156   0.143582   0.041288
   16  F  2 YY   -0.050229   0.089912  -0.143574   0.040958
   17  F  2 ZZ    0.025540   0.000088  -0.000266   0.288565
   18  F  2 XY   -0.000001  -0.165851  -0.103898  -0.000051
   19  F  2 XZ   -0.000002  -0.088994   0.037522   0.000060
   20  F  2 YZ    0.000002   0.037527   0.089018   0.000088



 ----------------
  Final Energies  
 ----------------

  Final NOF Total Energy =     -100.0774279590 ( 2.E-05 , 1.E-09 )


  NOF-MP2
 =========

 NUMBER OF CORE ORBITALS  (NO1PT2) =    1
 NUMBER OF Doubly OCC. ORBS. (NOC) =    4
 NUMBER OF VIRTUAL ORBS.     (NVI) =   15
 NUMBER OF LIN. IND. ORBS.  (NORB) =   19

             Ehfc =     -100.0194865487

              ECd =       -0.2012489905
             ECnd =       -0.0013881151
            ECorr =       -0.2026371057
        E(NOFMP2) =     -100.2221236543


  PNOF5-MCPT
 ============

 NUMBER OF CORE ORBITALS    (NO1) =    1
 NUMBER OF OCCUPIED ORBS.   (NOC) =    4
 NUMBER OF VIRTUAL ORBS.    (NVI) =   15
 NUMBER OF LIN. IND. ORBS. (NQMT) =   20

           Ehf(l) =     -100.0194865487
            Ecorr =       -0.0579424556
             E(0) =     -100.0774290042

             E(2) =       -0.1510795059
      E(SC2-MCPT) =     -100.2285085102

             E(2) =       -0.1203968939
     E(PNOF5-PT2) =     -100.1978258982


  **************************************************
  *                                                *
  *       SINGLE-POINT DoNOF CALCULATION           *
  *                                                *
  *             FULL OPTIMIZATION                  *
  *                                                *
  *  FINAL RESULTS   FINAL RESULTS  FINAL RESULTS  *
  *                                                *
  **************************************************

  **************************************************
  *         No. EXTERNAL ITER =    68              *
  *         No. of TOTAL ITER =  1572              *
  **************************************************

  Elapsed real time :      1.80  (Seconds)

 The execution finished at  9h 53min on the  1/13/2021
