 This is the parallel version of the code
 This is the parallel version of the code
 This is the parallel version of the code
 This is the parallel version of the code
 This is the parallel version of the code
 This is the parallel version of the code
 This is the parallel version of the code
 This is the parallel version of the code
 This is the parallel version of the code
 This is the parallel version of the code
 This is the parallel version of the code
 This is the parallel version of the code
Master:    0

 The execution started at 17h 12min on the  1/12/2021

    ===========================================================
    !                                                         !
    !                        Do N O F                         !
    !                                                         !
    !  (Donostia Natural Orbital Functional Software Program) !
    !                                                         !
    !               COPYRIGHT by Mario Piris                  !
    !                                                         !
    !      Donostia International Physics Center (DIPC)       !
    !       University of the Basque Country (UPV/EHU)        !
    !       Basque Foundation for Science (IKERBASQUE)        !
    !                                                         !
    !          GNU General Public License version 3           !
    !                                                         !
    !                VERSION: January 2021                    !
    !                                                         !
    ===========================================================

 Run Title
 ---------
  Water (H2O) / HF Optimized Geometry                                            

 Basis Set
 ---------
 /home/piris/DoNOFsw/basis/cc-pVDZ.bas                                           

 Atom      Charge                Coordinates (Bohr)
                           x             y             z
 O           8.0        0.0000        0.0000        0.2217
 H           1.0        0.0000        1.4309       -0.8867
 H           1.0        0.0000       -1.4309       -0.8867

 Atomic Basis Set
 ----------------
 The contracted primitive functions were unnormalized
 The contracted basis functions are now normalized to unity

  Shell Type  Primitive         Exponent  Contraction Coefficient

 O         
 
      1   S       1         11720.0000000    0.000710000250
      1   S       2          1759.0000000    0.005470001928
      1   S       3           400.8000000    0.027837009812
      1   S       4           113.7000000    0.104800036941
      1   S       5            37.0300000    0.283062099777
      1   S       6            13.2700000    0.448719158169
      1   S       7             5.0250000    0.270952095508
      1   S       8             1.0130000    0.015458005449
      1   S       9             0.3023000   -0.002585000911
 
      2   S      10         11720.0000000   -0.000160000015
      2   S      11          1759.0000000   -0.001263000121
      2   S      12           400.8000000   -0.006267000602
      2   S      13           113.7000000   -0.025716002472
      2   S      14            37.0300000   -0.070924006817
      2   S      15            13.2700000   -0.165411015900
      2   S      16             5.0250000   -0.116955011242
      2   S      17             1.0130000    0.557368053576
      2   S      18             0.3023000    0.572759055056
 
      3   S      19             0.3023000    1.000000000000
 
      4   P      20            17.7000000    0.043017992421
      4   P      21             3.8540000    0.228912959668
      4   P      22             1.0460000    0.508727910367
      4   P      23             0.2753000    0.460530918859
 
      5   P      24             0.2753000    1.000000000000
 
      6   D      25             1.1850000    1.000000000000

 H         
 
      7   S      26            13.0100000    0.019684989991
      7   S      27             1.9620000    0.137976929844
      7   S      28             0.4446000    0.478147756880
      7   S      29             0.1220000    0.501239745139
 
      8   S      30             0.1220000    1.000000000000
 
      9   P      31             0.7270000    1.000000000000

 H         
 
     10   S      32            13.0100000    0.019684989991
     10   S      33             1.9620000    0.137976929844
     10   S      34             0.4446000    0.478147756880
     10   S      35             0.1220000    0.501239745139
 
     11   S      36             0.1220000    1.000000000000
 
     12   P      37             0.7270000    1.000000000000

 Total Number of Basis Set Shells             =   12
 Total Number of Primitives                   =   37
 Number of Cartesian Gaussian Basis Functions =   25
 Number of Electrons                          =   10
 Charge of Molecule                           =    0
 Spin Multiplicity                            =    1
 Number of Occupied Orbitals (Alpha)          =    5
 Number of Occupied Orbitals (Beta )          =    5
 Total Number of Atoms                        =    3

 Input Run Options
 -----------------
 IRUNTYP = 1  MULT = 1  ICHARG = 0  IECP = 0  IEMOM = 1  UNITS = ANGS    

 Integral Options
 ----------------
 CUTOFF = 1.0E-09   ISCHWZ = 0   ERITYP = FULL

 Input NOF Options
 -----------------

 Type of calculation = Iter-Diag-Method: (ICOEF)         1
 Maximum Number of Occ-Coef Outer Iter.: (MAXIT)      1000
 Natural Orbital Functional Selected:    (IPNOF)         7
 
 Restart calculation Option:             (RESTART)       F
 Restart Gamma Matrix from GCF file:     (INPUTGAMMA)    0
 Coefficient Matrix from GCF file:       (INPUTC)        0
 Diagonal Elements FMIUG from GCF file:  (INPUTFMIUG)    0
 Cartesian Coordinates from GCF file:    (INPUTCXYZ)     0

 Threshold Lambda Convergence=10**(-N):  (NTHRESHL)      3
 Threshold Energy Convergence=10**(-N):  (NTHRESHE)      4
 Threshold Energy Convergence=10**(-N):  (NTHRESHEC)    10
 Threshold Energy Convergence=10**(-N):  (NTHRESHEN)    10

 Max. Number of Inner Coef. Iterations:  (MAXLOOP)      30
 Orthogonalize the initial Orbitals:     (ORTHO)         T

 Scaling Parameters:
 Initial Number of Zeros IN Fij:         (NZEROS)        1
 Maximum Number of Zeros IN Fij:         (NZEROSm)       5
 Restart Number of Zeros IN Fij:         (NZEROSr)       2
 Number of Iter with constant Scaling:   (ITZITER)      10
 
 DIIS technique is used in Orb. Opt.:    (DIIS)          T
 Threshold to begin DIIS = 10**(-N):     (NTHDIIS)       3
 Number of considered Loops in DIIS:     (NDIIS)         5
 Periodic DIIS every NDIIS:              (PERDIIS)       T

 Output Option:                          (NPRINT)        0
 Output the Coefficient Matrix:          (IWRITEC)       0
 Do a Mulliken Population Analysis:      (IMULPOP)       0
 Write Information into a WFN file:      (IAIMPAC)       1
 Write Information into a FCHK file:     (IFCHK)         1
 Write Information into a MLP file:      (MOLDEN)        1
 Calculate IPs using Ext. Koopmans Theo: (IEKT)          0
 Write APSG expansion coefficient file:  (APSG)          F
 Output option for Lagrange Multipliers: (PRINTLAG)      F
 Diagonalize matrix of Lag. Multipliers: (DIAGLAG)       F

------------------------------------------------------------------------

 Orbital Space
 -------------

 You are doing a perfect pairing calculation: NCWO=1

 Inactive Doubly occupied orbitals up to NO1  =    1
 No. considered Strongly Doubly occupied MOs  =    4
 No. considered Strongly Singly occupied MOs  =    0
 NO. of Weakly occ. per St. Doubly occ.  MOs  =    1
 Dimension of the Active Nat. Orb. subspace   =    8
 Secondary Empty orbitals                     =   16

 1e- integrals
 -------------
 Time to do integrals =      0.00
 Guess for MOs = HCORE
        82 MOs were matched and         0 equalized to zero

 2e- integrals
 -------------
 DONTW option skips storage 2e- integrals on Unit 1
               25620 2e- integrals in     2 records
 Time to do integrals =      0.05

 RHF SCF Calculation
 -------------------
 EXTRAP=T  DAMP=T  DIIS=T
 DMat Conv = 1.0E-05  Ener Tol = 1.0E-08
 Ener Conv = 1.0E-10  DMat Tol = 2.0E-05
 DIIS Conv = 1.0E-07  DMat Tol = 2.0E-05

 ITER      TOTAL ENERGY        E CHANGE     DEN. CHANGE    DIIS ERROR
   1      -67.7870359299   -67.7870359299  14.122873004   2.948674650
   2      -69.5633302376    -1.7762943077   9.190591663   1.270862177
   3      -75.9566393854    -6.3933091478   0.476408175   0.205818560
   4      -76.0100117223    -0.0533723369   0.184805398   0.157591146
   5      -76.0267962070    -0.0167844847   0.016222109   0.014729586
   6      -76.0270864419    -0.0002902349   0.010218381   0.004790235
   7      -76.0271118817    -0.0000254398   0.001754947   0.000738651
   8      -76.0271128956    -0.0000010139   0.000356021   0.000110227
   9      -76.0271129312    -0.0000000356   0.000030471   0.000011127
  10      -76.0271129316    -0.0000000004   0.000009314   0.000003158

          -----------------
          DENSITY CONVERGED
          -----------------

 FINAL RHF ENERGY IS      -76.0271129316 AFTER  10 ITERATIONS

         WAVEFUNCTION NORMALIZATION =       1.0000000000

                ONE ELECTRON ENERGY =    -123.1368238694
                TWO ELECTRON ENERGY =      37.9201765093
           NUCLEAR REPULSION ENERGY =       9.1895344284
                                      ------------------
                   RHF TOTAL ENERGY =     -76.0271129316

 ELECTRON-ELECTRON POTENTIAL ENERGY =      37.9201765093
  NUCLEUS-ELECTRON POTENTIAL ENERGY =    -199.0815701746
   NUCLEUS-NUCLEUS POTENTIAL ENERGY =       9.1895344284
                                      ------------------
             TOTAL POTENTIAL ENERGY =    -151.9718592369
               TOTAL KINETIC ENERGY =      75.9447463053
                 VIRIAL RATIO (V/T) =       2.0010845599

 Distribution Full ERIs:

 Integrals:                             25620
 Integrals/chunk:                        1252
 Chunks:                                   12
 Max size per slaves:                   15024
 Max size in master:                    30024

 Input for Coefficients is RHF


  RESULTS OF OCCUPATION-COEFFICIENT S.C.F. PROCEDURE
 ====================================================

  Iter     Electronic Energy      Total Energy   Energy Convergency    Max Mul-Lag Diff

    1.       -85.2111318607      -76.0215974323     0.0113128792           0.004931
    2.       -85.0661153015      -75.8765808731     0.1450165593           0.224079
    3.       -85.2229765841      -76.0334421557    -0.1568612826           0.030908
    4.       -85.2436410369      -76.0541066086    -0.0206644529           0.024189
    5.       -85.2612269461      -76.0716925177    -0.0175859092           0.020461
    6.       -85.2709108064      -76.0813763780    -0.0096838603           0.018455
    7.       -85.2771849454      -76.0876505170    -0.0062741390           0.023160
    8.       -85.2819978486      -76.0924634202    -0.0048129032           0.011437
    9.       -85.2834604355      -76.0939260071    -0.0014625869           0.014591
   10.       -85.2834129548      -76.0938785265     0.0000474806           0.023257
   11.       -85.2841662519      -76.0946318235    -0.0007532971           0.027012
   12.       -85.2841561259      -76.0946216975     0.0000101260           0.016859
   13.       -85.2850726513      -76.0955382229    -0.0009165254           0.017937
   14.       -85.2859520885      -76.0964176601    -0.0008794372           0.012946
   15.       -85.2859407620      -76.0964063336     0.0000113265           0.012514
   16.       -85.2875202732      -76.0979858449    -0.0015795113           0.001700
   17.       -85.2875666784      -76.0980322500    -0.0000464052           0.002230
   18.       -85.2876126313      -76.0980782029    -0.0000459529           0.001523
   19.       -85.2876585253      -76.0981240969    -0.0000458940           0.001920
   20.       -85.2877009968      -76.0981665684    -0.0000424715           0.001494
   21.       -85.2877416321      -76.0982072037    -0.0000406353           0.001599
   22.       -85.2877793302      -76.0982449018    -0.0000376980           0.002361
   23.       -85.2878140142      -76.0982795858    -0.0000346840           0.001838
   24.       -85.2878548429      -76.0983204145    -0.0000408287           0.001662
   25.       -85.2878920452      -76.0983576168    -0.0000372023           0.001326
   26.       -85.2879222415      -76.0983878131    -0.0000301963           0.002146
   27.       -85.2879433081      -76.0984088797    -0.0000210666           0.001331
   28.       -85.2879468906      -76.0984124622    -0.0000035825           0.001331
   29.       -85.2879503408      -76.0984159124    -0.0000034502           0.001330
   30.       -85.2879537882      -76.0984193598    -0.0000034474           0.001329
   31.       -85.2879572935      -76.0984228651    -0.0000035053           0.001327
   32.       -85.2879607284      -76.0984263000    -0.0000034349           0.001326
   33.       -85.2879641335      -76.0984297051    -0.0000034051           0.001323
   34.       -85.2879675552      -76.0984331268    -0.0000034217           0.001321
   35.       -85.2879709060      -76.0984364776    -0.0000033508           0.001319
   36.       -85.2879743635      -76.0984399352    -0.0000034575           0.001317
   37.       -85.2879777115      -76.0984432831    -0.0000033479           0.001314
   38.       -85.2879781879      -76.0984437596    -0.0000004764           0.001316
   39.       -85.2879785268      -76.0984440985    -0.0000003389           0.001317
   40.       -85.2879788647      -76.0984444363    -0.0000003378           0.001317
   41.       -85.2879782782      -76.0984438498     0.0000005865           0.001321
   42.       -85.2879795173      -76.0984450889    -0.0000012391           0.001317
   43.       -85.2879798772      -76.0984454488    -0.0000003599           0.001317
   44.       -85.2879802154      -76.0984457870    -0.0000003382           0.001316
   45.       -85.2879805523      -76.0984461239    -0.0000003369           0.001316
   46.       -85.2879791923      -76.0984447639     0.0000013600           0.001336
   47.       -85.2879812096      -76.0984467812    -0.0000020174           0.001317
   48.       -85.2879815670      -76.0984471386    -0.0000003574           0.001315
   49.       -85.2879819041      -76.0984474757    -0.0000003371           0.001315
   50.       -85.2870493488      -76.0975149205     0.0009325553           0.015082
   51.       -85.2872132760      -76.0976788476    -0.0001639271           0.013131
   52.       -85.2863498505      -76.0968154221     0.0008634254           0.017075
   53.       -85.2875128634      -76.0979784350    -0.0011630128           0.014448
   54.       -85.2873569799      -76.0978225515     0.0001558835           0.018198
   55.       -85.2873182928      -76.0977838644     0.0000386871           0.014281
   56.       -85.2872846773      -76.0977502489     0.0000336155           0.014632
   57.       -85.2872688987      -76.0977344703     0.0000157785           0.018279
   58.       -85.2878816378      -76.0983472094    -0.0006127390           0.016458
   59.       -85.2874216874      -76.0978872590     0.0004599504           0.020042
   60.       -85.2878867107      -76.0983522824    -0.0004650234           0.011204
   61.       -85.2874150865      -76.0978806581     0.0004716242           0.013048
   62.       -85.2887667275      -76.0992322992    -0.0013516410           0.001145
   63.       -85.2887757517      -76.0992413233    -0.0000090242           0.001473
   64.       -85.2887766477      -76.0992422193    -0.0000008960           0.002303
   65.       -85.2887732927      -76.0992388643     0.0000033551           0.002248
   66.       -85.2887829091      -76.0992484807    -0.0000096164           0.001121
   67.       -85.2887796732      -76.0992452448     0.0000032359           0.002092
   68.       -85.2887770473      -76.0992426190     0.0000026258           0.001859
   69.       -85.2887782697      -76.0992438413    -0.0000012224           0.001350
   70.       -85.2887787152      -76.0992442868    -0.0000004455           0.002088
   71.       -85.2887831744      -76.0992487460    -0.0000044591           0.001664
   72.       -85.2887769123      -76.0992424839     0.0000062621           0.002721
   73.       -85.2887928352      -76.0992584068    -0.0000159229           0.000109
   74.       -85.2887928446      -76.0992584162    -0.0000159229           0.000108


  RESULTS OF THE OCCUPATION OPTIMIZATION
 ========================================

   OM     Occupation      Elag Diag

    1      2.0000000    -20.5448564
    2      1.9905229     -0.7550880
    3      1.9757479     -0.8299309
    4      1.9757442     -0.8298383
    5      1.9904908     -0.7531703
    6      0.0095092     -0.0100722
    7      0.0242558     -0.0214389
    8      0.0242521     -0.0214381
    9      0.0094771     -0.0100554

   RO Sum ( 10) =   10.00

  ---------------
   Dipole Moment
  ---------------

      1.9890 Debye [   0.7825  (   0.0000,  -0.0001,  -0.7825) ]

 ----------------
  Final Energies  
 ----------------

  Final NOF Total Energy =      -76.0992584162 ( 1.E-04 , 9.E-09 )


  **************************************************
  *                                                *
  *       SINGLE-POINT DoNOF CALCULATION           *
  *                                                *
  *             FULL OPTIMIZATION                  *
  *                                                *
  *  FINAL RESULTS   FINAL RESULTS  FINAL RESULTS  *
  *                                                *
  **************************************************

  **************************************************
  *         No. EXTERNAL ITER =    74              *
  *         No. of TOTAL ITER =  2191              *
  **************************************************

  Elapsed real time :      3.90  (Seconds)

 The execution finished at 17h 12min on the  1/12/2021
