 This is the parallel version of the code
 This is the parallel version of the code
 This is the parallel version of the code
 This is the parallel version of the code
 This is the parallel version of the code
 This is the parallel version of the code
 This is the parallel version of the code
 This is the parallel version of the code
 This is the parallel version of the code
 This is the parallel version of the code
 This is the parallel version of the code
 This is the parallel version of the code
Master:    0

 The execution started at 17h 13min on the  1/12/2021

    ===========================================================
    !                                                         !
    !                        Do N O F                         !
    !                                                         !
    !  (Donostia Natural Orbital Functional Software Program) !
    !                                                         !
    !               COPYRIGHT by Mario Piris                  !
    !                                                         !
    !      Donostia International Physics Center (DIPC)       !
    !       University of the Basque Country (UPV/EHU)        !
    !       Basque Foundation for Science (IKERBASQUE)        !
    !                                                         !
    !          GNU General Public License version 3           !
    !                                                         !
    !                VERSION: January 2021                    !
    !                                                         !
    ===========================================================

 Run Title
 ---------
  Water (H2O) / HF Optimized Geometry                                            

 Basis Set
 ---------
 /home/piris/DoNOFsw/basis/cc-pVDZ.bas                                           

 Atom      Charge                Coordinates (Bohr)
                           x             y             z
 O           8.0        0.0000        0.0000        0.2217
 H           1.0        0.0000        1.4309       -0.8867
 H           1.0        0.0000       -1.4309       -0.8867

 Atomic Basis Set
 ----------------
 The contracted primitive functions were unnormalized
 The contracted basis functions are now normalized to unity

  Shell Type  Primitive         Exponent  Contraction Coefficient

 O         
 
      1   S       1         11720.0000000    0.000710000250
      1   S       2          1759.0000000    0.005470001928
      1   S       3           400.8000000    0.027837009812
      1   S       4           113.7000000    0.104800036941
      1   S       5            37.0300000    0.283062099777
      1   S       6            13.2700000    0.448719158169
      1   S       7             5.0250000    0.270952095508
      1   S       8             1.0130000    0.015458005449
      1   S       9             0.3023000   -0.002585000911
 
      2   S      10         11720.0000000   -0.000160000015
      2   S      11          1759.0000000   -0.001263000121
      2   S      12           400.8000000   -0.006267000602
      2   S      13           113.7000000   -0.025716002472
      2   S      14            37.0300000   -0.070924006817
      2   S      15            13.2700000   -0.165411015900
      2   S      16             5.0250000   -0.116955011242
      2   S      17             1.0130000    0.557368053576
      2   S      18             0.3023000    0.572759055056
 
      3   S      19             0.3023000    1.000000000000
 
      4   P      20            17.7000000    0.043017992421
      4   P      21             3.8540000    0.228912959668
      4   P      22             1.0460000    0.508727910367
      4   P      23             0.2753000    0.460530918859
 
      5   P      24             0.2753000    1.000000000000
 
      6   D      25             1.1850000    1.000000000000

 H         
 
      7   S      26            13.0100000    0.019684989991
      7   S      27             1.9620000    0.137976929844
      7   S      28             0.4446000    0.478147756880
      7   S      29             0.1220000    0.501239745139
 
      8   S      30             0.1220000    1.000000000000
 
      9   P      31             0.7270000    1.000000000000

 H         
 
     10   S      32            13.0100000    0.019684989991
     10   S      33             1.9620000    0.137976929844
     10   S      34             0.4446000    0.478147756880
     10   S      35             0.1220000    0.501239745139
 
     11   S      36             0.1220000    1.000000000000
 
     12   P      37             0.7270000    1.000000000000

 Total Number of Basis Set Shells             =   12
 Total Number of Primitives                   =   37
 Number of Cartesian Gaussian Basis Functions =   25
 Total Number of Auxiliary Basis Set Shells   =   30
 Number of Cart. Gaussian Auxiliary Set Func. =  118
 Number of Electrons                          =   10
 Charge of Molecule                           =    0
 Spin Multiplicity                            =    1
 Number of Occupied Orbitals (Alpha)          =    5
 Number of Occupied Orbitals (Beta )          =    5
 Total Number of Atoms                        =    3

 Input Run Options
 -----------------
 IRUNTYP = 1  MULT = 1  ICHARG = 0  IECP = 0  IEMOM = 1  UNITS = ANGS    

 Integral Options
 ----------------
 CUTOFF = 1.0E-09   ISCHWZ = 0   ERITYP = MIX    GEN = A2* 

 Input NOF Options
 -----------------

 Type of calculation = Iter-Diag-Method: (ICOEF)         1
 Maximum Number of Occ-Coef Outer Iter.: (MAXIT)      1000
 Natural Orbital Functional Selected:    (IPNOF)         7
 
 Restart calculation Option:             (RESTART)       F
 Restart Gamma Matrix from GCF file:     (INPUTGAMMA)    0
 Coefficient Matrix from GCF file:       (INPUTC)        0
 Diagonal Elements FMIUG from GCF file:  (INPUTFMIUG)    0
 Cartesian Coordinates from GCF file:    (INPUTCXYZ)     0

 Threshold Lambda Convergence=10**(-N):  (NTHRESHL)      3
 Threshold Energy Convergence=10**(-N):  (NTHRESHE)      4
 Threshold Energy Convergence=10**(-N):  (NTHRESHEC)    10
 Threshold Energy Convergence=10**(-N):  (NTHRESHEN)    10

 Max. Number of Inner Coef. Iterations:  (MAXLOOP)      30
 Orthogonalize the initial Orbitals:     (ORTHO)         T

 Scaling Parameters:
 Initial Number of Zeros IN Fij:         (NZEROS)        1
 Maximum Number of Zeros IN Fij:         (NZEROSm)       5
 Restart Number of Zeros IN Fij:         (NZEROSr)       2
 Number of Iter with constant Scaling:   (ITZITER)      10
 
 DIIS technique is used in Orb. Opt.:    (DIIS)          T
 Threshold to begin DIIS = 10**(-N):     (NTHDIIS)       3
 Number of considered Loops in DIIS:     (NDIIS)         5
 Periodic DIIS every NDIIS:              (PERDIIS)       T

 Output Option:                          (NPRINT)        0
 Output the Coefficient Matrix:          (IWRITEC)       0
 Do a Mulliken Population Analysis:      (IMULPOP)       0
 Write Information into a WFN file:      (IAIMPAC)       1
 Write Information into a FCHK file:     (IFCHK)         1
 Write Information into a MLP file:      (MOLDEN)        1
 Calculate IPs using Ext. Koopmans Theo: (IEKT)          0
 Write APSG expansion coefficient file:  (APSG)          F
 Output option for Lagrange Multipliers: (PRINTLAG)      F
 Diagonalize matrix of Lag. Multipliers: (DIAGLAG)       F

------------------------------------------------------------------------

 Orbital Space
 -------------

 You are doing a perfect pairing calculation: NCWO=1

 Inactive Doubly occupied orbitals up to NO1  =    1
 No. considered Strongly Doubly occupied MOs  =    4
 No. considered Strongly Singly occupied MOs  =    0
 NO. of Weakly occ. per St. Doubly occ.  MOs  =    1
 Dimension of the Active Nat. Orb. subspace   =    8
 Secondary Empty orbitals                     =   16

 1e- integrals
 -------------
 Time to do integrals =      0.00
 Guess for MOs = HCORE
        82 MOs were matched and         0 equalized to zero

 2e- integrals
 -------------
 DONTW option skips storage 2e- integrals on Unit 1
               25620 2e- integrals in     2 records
 Time to do integrals =      0.03

 2e- integrals
 -------------
 DONTW option skips storage 2e- integrals on Unit 1
 Time to do integrals =      0.01

 RHF SCF Calculation
 -------------------
 EXTRAP=T  DAMP=T  DIIS=T
 DMat Conv = 1.0E-05  Ener Tol = 1.0E-08
 Ener Conv = 1.0E-10  DMat Tol = 2.0E-05
 DIIS Conv = 1.0E-07  DMat Tol = 2.0E-05

 ITER      TOTAL ENERGY        E CHANGE     DEN. CHANGE    DIIS ERROR
   1      -67.7870359299   -67.7870359299  14.122873004   2.948674650
   2      -69.5633302376    -1.7762943077   9.190591663   1.270862177
   3      -75.9566393854    -6.3933091478   0.476408175   0.205818560
   4      -76.0100117223    -0.0533723369   0.184805398   0.157591146
   5      -76.0267962070    -0.0167844847   0.016222109   0.014729586
   6      -76.0270864419    -0.0002902349   0.010218381   0.004790235
   7      -76.0271118817    -0.0000254398   0.001754947   0.000738651
   8      -76.0271128956    -0.0000010139   0.000356021   0.000110227
   9      -76.0271129312    -0.0000000356   0.000030471   0.000011127
  10      -76.0271129316    -0.0000000004   0.000009314   0.000003158

          -----------------
          DENSITY CONVERGED
          -----------------

 FINAL RHF ENERGY IS      -76.0271129316 AFTER  10 ITERATIONS

         WAVEFUNCTION NORMALIZATION =       1.0000000000

                ONE ELECTRON ENERGY =    -123.1368238694
                TWO ELECTRON ENERGY =      37.9201765093
           NUCLEAR REPULSION ENERGY =       9.1895344284
                                      ------------------
                   RHF TOTAL ENERGY =     -76.0271129316

 ELECTRON-ELECTRON POTENTIAL ENERGY =      37.9201765093
  NUCLEUS-ELECTRON POTENTIAL ENERGY =    -199.0815701746
   NUCLEUS-NUCLEUS POTENTIAL ENERGY =       9.1895344284
                                      ------------------
             TOTAL POTENTIAL ENERGY =    -151.9718592369
               TOTAL KINETIC ENERGY =      75.9447463053
                 VIRIAL RATIO (V/T) =       2.0010845599

 Distribution Full ERIs:

 Integrals:                             25620
 Integrals/chunk:                        1252
 Chunks:                                   12
 Max size per slaves:                   15024
 Max size in master:                    30024

 Distribution b tensor:

 Elements:                              38350
 Max size per slaves:                    3250
 Max size in master:                     2925

 Input for Coefficients is RHF


  RESULTS OF OCCUPATION-COEFFICIENT S.C.F. PROCEDURE
 ====================================================

  Iter     Electronic Energy      Total Energy   Energy Convergency    Max Mul-Lag Diff

    1.       -85.2105722262      -76.0210377978     0.0113538462           0.005200
    2.       -85.1020160952      -75.9124816668     0.1085561310           0.154323
    3.       -85.2380183800      -76.0484839516    -0.1360022848           0.017323
    4.       -85.2614422761      -76.0719078477    -0.0234238962           0.018171
    5.       -85.2744498031      -76.0849153748    -0.0130075270           0.020565
    6.       -85.2819892285      -76.0924548001    -0.0075394254           0.016342
    7.       -85.2833497450      -76.0938153166    -0.0013605165           0.014456
    8.       -85.2830871776      -76.0935527492     0.0002625674           0.014544
    9.       -85.2831528592      -76.0936184308    -0.0000656817           0.022914
   10.       -85.2839791348      -76.0944447064    -0.0008262756           0.020715
   11.       -85.2839909724      -76.0944565440    -0.0000118376           0.023547
   12.       -85.2847367839      -76.0952023555    -0.0007458115           0.015797
   13.       -85.2854287675      -76.0958943391    -0.0006919836           0.014329
   14.       -85.2854942649      -76.0959598365    -0.0000654974           0.018650
   15.       -85.2871988381      -76.0976644097    -0.0017045731           0.001866
   16.       -85.2872489129      -76.0977144845    -0.0000500748           0.002167
   17.       -85.2872926772      -76.0977582488    -0.0000437643           0.001522
   18.       -85.2873346460      -76.0978002176    -0.0000419688           0.001725
   19.       -85.2873722970      -76.0978378687    -0.0000376511           0.001650
   20.       -85.2874075396      -76.0978731112    -0.0000352425           0.002455
   21.       -85.2874498166      -76.0979153882    -0.0000422770           0.001394
   22.       -85.2874804420      -76.0979460136    -0.0000306254           0.003036
   23.       -85.2875130744      -76.0979786460    -0.0000326324           0.002101
   24.       -85.2875476751      -76.0980132467    -0.0000346007           0.002288
   25.       -85.2875846549      -76.0980502266    -0.0000369798           0.001691
   26.       -85.2876095996      -76.0980751712    -0.0000249446           0.001752
   27.       -85.2876289412      -76.0980945128    -0.0000193416           0.001146
   28.       -85.2876320210      -76.0980975926    -0.0000030798           0.001146
   29.       -85.2876349329      -76.0981005046    -0.0000029120           0.001144
   30.       -85.2876380294      -76.0981036010    -0.0000030965           0.001142
   31.       -85.2876410628      -76.0981066344    -0.0000030334           0.001139
   32.       -85.2876439883      -76.0981095599    -0.0000029255           0.001136
   33.       -85.2876469087      -76.0981124803    -0.0000029204           0.001134
   34.       -85.2876497641      -76.0981153357    -0.0000028554           0.001132
   35.       -85.2876526395      -76.0981182111    -0.0000028754           0.001129
   36.       -85.2876555848      -76.0981211564    -0.0000029453           0.001126
   37.       -85.2876584331      -76.0981240047    -0.0000028483           0.001124
   38.       -85.2876588886      -76.0981244602    -0.0000004555           0.001126
   39.       -85.2876591778      -76.0981247494    -0.0000002892           0.001126
   40.       -85.2876594636      -76.0981250352    -0.0000002858           0.001126
   41.       -85.2876594203      -76.0981249919     0.0000000433           0.001138
   42.       -85.2876600313      -76.0981256030    -0.0000006111           0.001126
   43.       -85.2876603244      -76.0981258960    -0.0000002931           0.001125
   44.       -85.2876606098      -76.0981261814    -0.0000002854           0.001125
   45.       -85.2876608946      -76.0981264662    -0.0000002848           0.001124
   46.       -85.2876591054      -76.0981246770     0.0000017892           0.001101
   47.       -85.2876614322      -76.0981270038    -0.0000023268           0.001123
   48.       -85.2876617410      -76.0981273126    -0.0000003089           0.001124
   49.       -85.2876620279      -76.0981275995    -0.0000002869           0.001124
   50.       -85.2876623120      -76.0981278836    -0.0000002841           0.001123
   51.       -85.2861335930      -76.0965991646     0.0015287190           0.017230
   52.       -85.2864983348      -76.0969639064    -0.0003647418           0.012048
   53.       -85.2866555838      -76.0971211554    -0.0001572490           0.012505
   54.       -85.2870123432      -76.0974779148    -0.0003567594           0.019011
   55.       -85.2867520861      -76.0972176577     0.0002602571           0.021644
   56.       -85.2865724375      -76.0970380091     0.0001796486           0.022722
   57.       -85.2869682651      -76.0974338367    -0.0003958276           0.017739
   58.       -85.2866986635      -76.0971642351     0.0002696016           0.016530
   59.       -85.2868082561      -76.0972738277    -0.0001095926           0.013737
   60.       -85.2869990812      -76.0974646529    -0.0001908251           0.020363
   61.       -85.2868065397      -76.0972721113     0.0001925416           0.015604
   62.       -85.2882101289      -76.0986757005    -0.0014035892           0.002265
   63.       -85.2882067189      -76.0986722905     0.0000034099           0.002510
   64.       -85.2882162535      -76.0986818252    -0.0000095346           0.001380
   65.       -85.2882137799      -76.0986793515     0.0000024736           0.001544
   66.       -85.2882132500      -76.0986788216     0.0000005300           0.001609
   67.       -85.2882119100      -76.0986774816     0.0000013399           0.001905
   68.       -85.2882175060      -76.0986830776    -0.0000055960           0.001397
   69.       -85.2882137159      -76.0986792875     0.0000037901           0.001614
   70.       -85.2882116308      -76.0986772024     0.0000020851           0.002103
   71.       -85.2882118428      -76.0986774144    -0.0000002119           0.001619
   72.       -85.2882149603      -76.0986805319    -0.0000031175           0.001263
   73.       -85.2882163276      -76.0986818992    -0.0000013674           0.001266
   74.       -85.2882144244      -76.0986799960     0.0000019033           0.001323
   75.       -85.2882252659      -76.0986908375    -0.0000108415           0.000121
   76.       -85.2882252807      -76.0986908523    -0.0000108415           0.000119
 Change to FULL ERIs
   77.       -85.2887886449      -76.0992542165    -0.0000108415           0.000667


  RESULTS OF THE OCCUPATION OPTIMIZATION
 ========================================

   OM     Occupation      Elag Diag

    1      2.0000000    -20.5452798
    2      1.9905084     -0.7546135
    3      1.9757320     -0.8300056
    4      1.9757434     -0.8302227
    5      1.9904908     -0.7536759
    6      0.0095092     -0.0100733
    7      0.0242566     -0.0214438
    8      0.0242680     -0.0214464
    9      0.0094916     -0.0100640

   RO Sum ( 10) =   10.00

  ---------------
   Dipole Moment
  ---------------

      1.9920 Debye [   0.7837  (   0.0000,   0.0000,  -0.7837) ]

 ----------------
  Final Energies  
 ----------------

  Final NOF Total Energy =      -76.0992542165 ( 7.E-04 , 6.E-04 )


  **************************************************
  *                                                *
  *       SINGLE-POINT DoNOF CALCULATION           *
  *                                                *
  *             FULL OPTIMIZATION                  *
  *                                                *
  *  FINAL RESULTS   FINAL RESULTS  FINAL RESULTS  *
  *                                                *
  **************************************************

  **************************************************
  *         No. EXTERNAL ITER =    77              *
  *         No. of TOTAL ITER =  2281              *
  **************************************************

  Elapsed real time :      2.03  (Seconds)

 The execution finished at 17h 13min on the  1/12/2021
