 This is the parallel version of the code
 This is the parallel version of the code
 This is the parallel version of the code
 This is the parallel version of the code
 This is the parallel version of the code
 This is the parallel version of the code
 This is the parallel version of the code
 This is the parallel version of the code
 This is the parallel version of the code
 This is the parallel version of the code
 This is the parallel version of the code
 This is the parallel version of the code
Master:    0

 The execution started at 17h 12min on the  1/12/2021

    ===========================================================
    !                                                         !
    !                        Do N O F                         !
    !                                                         !
    !  (Donostia Natural Orbital Functional Software Program) !
    !                                                         !
    !               COPYRIGHT by Mario Piris                  !
    !                                                         !
    !      Donostia International Physics Center (DIPC)       !
    !       University of the Basque Country (UPV/EHU)        !
    !       Basque Foundation for Science (IKERBASQUE)        !
    !                                                         !
    !          GNU General Public License version 3           !
    !                                                         !
    !                VERSION: January 2021                    !
    !                                                         !
    ===========================================================

 Run Title
 ---------
  Water (H2O) / HF Optimized Geometry                                            

 Basis Set
 ---------
 /home/piris/DoNOFsw/basis/cc-pVDZ.bas                                           

 Atom      Charge                Coordinates (Bohr)
                           x             y             z
 O           8.0        0.0000        0.0000        0.2217
 H           1.0        0.0000        1.4309       -0.8867
 H           1.0        0.0000       -1.4309       -0.8867

 Atomic Basis Set
 ----------------
 The contracted primitive functions were unnormalized
 The contracted basis functions are now normalized to unity

  Shell Type  Primitive         Exponent  Contraction Coefficient

 O         
 
      1   S       1         11720.0000000    0.000710000250
      1   S       2          1759.0000000    0.005470001928
      1   S       3           400.8000000    0.027837009812
      1   S       4           113.7000000    0.104800036941
      1   S       5            37.0300000    0.283062099777
      1   S       6            13.2700000    0.448719158169
      1   S       7             5.0250000    0.270952095508
      1   S       8             1.0130000    0.015458005449
      1   S       9             0.3023000   -0.002585000911
 
      2   S      10         11720.0000000   -0.000160000015
      2   S      11          1759.0000000   -0.001263000121
      2   S      12           400.8000000   -0.006267000602
      2   S      13           113.7000000   -0.025716002472
      2   S      14            37.0300000   -0.070924006817
      2   S      15            13.2700000   -0.165411015900
      2   S      16             5.0250000   -0.116955011242
      2   S      17             1.0130000    0.557368053576
      2   S      18             0.3023000    0.572759055056
 
      3   S      19             0.3023000    1.000000000000
 
      4   P      20            17.7000000    0.043017992421
      4   P      21             3.8540000    0.228912959668
      4   P      22             1.0460000    0.508727910367
      4   P      23             0.2753000    0.460530918859
 
      5   P      24             0.2753000    1.000000000000
 
      6   D      25             1.1850000    1.000000000000

 H         
 
      7   S      26            13.0100000    0.019684989991
      7   S      27             1.9620000    0.137976929844
      7   S      28             0.4446000    0.478147756880
      7   S      29             0.1220000    0.501239745139
 
      8   S      30             0.1220000    1.000000000000
 
      9   P      31             0.7270000    1.000000000000

 H         
 
     10   S      32            13.0100000    0.019684989991
     10   S      33             1.9620000    0.137976929844
     10   S      34             0.4446000    0.478147756880
     10   S      35             0.1220000    0.501239745139
 
     11   S      36             0.1220000    1.000000000000
 
     12   P      37             0.7270000    1.000000000000

 Total Number of Basis Set Shells             =   12
 Total Number of Primitives                   =   37
 Number of Cartesian Gaussian Basis Functions =   25
 Total Number of Auxiliary Basis Set Shells   =   30
 Number of Cart. Gaussian Auxiliary Set Func. =  118
 Number of Electrons                          =   10
 Charge of Molecule                           =    0
 Spin Multiplicity                            =    1
 Number of Occupied Orbitals (Alpha)          =    5
 Number of Occupied Orbitals (Beta )          =    5
 Total Number of Atoms                        =    3

 Input Run Options
 -----------------
 IRUNTYP = 1  MULT = 1  ICHARG = 0  IECP = 0  IEMOM = 1  UNITS = ANGS    

 Integral Options
 ----------------
 CUTOFF = 1.0E-09   ISCHWZ = 0   ERITYP = MIX    GEN = A2* 

 Input NOF Options
 -----------------

 Type of calculation = Iter-Diag-Method: (ICOEF)         1
 Maximum Number of Occ-Coef Outer Iter.: (MAXIT)      1000
 Natural Orbital Functional Selected:    (IPNOF)         7
 
 Restart calculation Option:             (RESTART)       F
 Restart Gamma Matrix from GCF file:     (INPUTGAMMA)    0
 Coefficient Matrix from GCF file:       (INPUTC)        0
 Diagonal Elements FMIUG from GCF file:  (INPUTFMIUG)    0
 Cartesian Coordinates from GCF file:    (INPUTCXYZ)     0

 Threshold Lambda Convergence=10**(-N):  (NTHRESHL)      3
 Threshold Energy Convergence=10**(-N):  (NTHRESHE)      4
 Threshold Energy Convergence=10**(-N):  (NTHRESHEC)    10
 Threshold Energy Convergence=10**(-N):  (NTHRESHEN)    10

 Max. Number of Inner Coef. Iterations:  (MAXLOOP)      30
 Orthogonalize the initial Orbitals:     (ORTHO)         T

 Scaling Parameters:
 Initial Number of Zeros IN Fij:         (NZEROS)        1
 Maximum Number of Zeros IN Fij:         (NZEROSm)       5
 Restart Number of Zeros IN Fij:         (NZEROSr)       2
 Number of Iter with constant Scaling:   (ITZITER)      10
 
 DIIS technique is used in Orb. Opt.:    (DIIS)          T
 Threshold to begin DIIS = 10**(-N):     (NTHDIIS)       3
 Number of considered Loops in DIIS:     (NDIIS)         5
 Periodic DIIS every NDIIS:              (PERDIIS)       T

 Output Option:                          (NPRINT)        0
 Output the Coefficient Matrix:          (IWRITEC)       0
 Do a Mulliken Population Analysis:      (IMULPOP)       0
 Write Information into a WFN file:      (IAIMPAC)       1
 Write Information into a FCHK file:     (IFCHK)         1
 Write Information into a MLP file:      (MOLDEN)        1
 Calculate IPs using Ext. Koopmans Theo: (IEKT)          0
 Write APSG expansion coefficient file:  (APSG)          F
 Output option for Lagrange Multipliers: (PRINTLAG)      F
 Diagonalize matrix of Lag. Multipliers: (DIAGLAG)       F

------------------------------------------------------------------------

 Orbital Space
 -------------

 You are doing a perfect pairing calculation: NCWO=1

 Inactive Doubly occupied orbitals up to NO1  =    1
 No. considered Strongly Doubly occupied MOs  =    4
 No. considered Strongly Singly occupied MOs  =    0
 NO. of Weakly occ. per St. Doubly occ.  MOs  =    1
 Dimension of the Active Nat. Orb. subspace   =    8
 Secondary Empty orbitals                     =   16

 1e- integrals
 -------------
 Time to do integrals =      0.00
 Guess for MOs = HCORE
        82 MOs were matched and         0 equalized to zero

 2e- integrals
 -------------
 DONTW option skips storage 2e- integrals on Unit 1
               25620 2e- integrals in     2 records
 Time to do integrals =      0.03

 2e- integrals
 -------------
 DONTW option skips storage 2e- integrals on Unit 1
 Time to do integrals =      0.02

 RHF SCF Calculation
 -------------------
 EXTRAP=T  DAMP=T  DIIS=T
 DMat Conv = 1.0E-05  Ener Tol = 1.0E-08
 Ener Conv = 1.0E-10  DMat Tol = 2.0E-05
 DIIS Conv = 1.0E-07  DMat Tol = 2.0E-05

 ITER      TOTAL ENERGY        E CHANGE     DEN. CHANGE    DIIS ERROR
   1      -67.7870359299   -67.7870359299  14.122873004   2.948674650
   2      -69.5633302376    -1.7762943077   9.190591663   1.270862177
   3      -75.9566393854    -6.3933091478   0.476408175   0.205818560
   4      -76.0100117223    -0.0533723369   0.184805398   0.157591146
   5      -76.0267962070    -0.0167844847   0.016222109   0.014729586
   6      -76.0270864419    -0.0002902349   0.010218381   0.004790235
   7      -76.0271118817    -0.0000254398   0.001754947   0.000738651
   8      -76.0271128956    -0.0000010139   0.000356021   0.000110227
   9      -76.0271129312    -0.0000000356   0.000030471   0.000011127
  10      -76.0271129316    -0.0000000004   0.000009314   0.000003158

          -----------------
          DENSITY CONVERGED
          -----------------

 FINAL RHF ENERGY IS      -76.0271129316 AFTER  10 ITERATIONS

         WAVEFUNCTION NORMALIZATION =       1.0000000000

                ONE ELECTRON ENERGY =    -123.1368238694
                TWO ELECTRON ENERGY =      37.9201765093
           NUCLEAR REPULSION ENERGY =       9.1895344284
                                      ------------------
                   RHF TOTAL ENERGY =     -76.0271129316

 ELECTRON-ELECTRON POTENTIAL ENERGY =      37.9201765093
  NUCLEUS-ELECTRON POTENTIAL ENERGY =    -199.0815701746
   NUCLEUS-NUCLEUS POTENTIAL ENERGY =       9.1895344284
                                      ------------------
             TOTAL POTENTIAL ENERGY =    -151.9718592369
               TOTAL KINETIC ENERGY =      75.9447463053
                 VIRIAL RATIO (V/T) =       2.0010845599

 Distribution Full ERIs:

 Integrals:                             25620
 Integrals/chunk:                        1252
 Chunks:                                   12
 Max size per slaves:                   15024
 Max size in master:                    30024

 Distribution b tensor:

 Elements:                              38350
 Max size per slaves:                    3250
 Max size in master:                     2925

 Input for Coefficients is RHF


  RESULTS OF OCCUPATION-COEFFICIENT S.C.F. PROCEDURE
 ====================================================

  Iter     Electronic Energy      Total Energy   Energy Convergency    Max Mul-Lag Diff

    1.       -85.2105722262      -76.0210377978     0.0113538462           0.005200
    2.       -85.0788509271      -75.8893164987     0.1317212991           0.146439
    3.       -85.2265602609      -76.0370258326    -0.1477093339           0.016706
    4.       -85.2553663969      -76.0658319685    -0.0288061359           0.017849
    5.       -85.2621492520      -76.0726148236    -0.0067828551           0.024350
    6.       -85.2657138798      -76.0761794514    -0.0035646278           0.019273
    7.       -85.2698917680      -76.0803573396    -0.0041778883           0.019261
    8.       -85.2770186923      -76.0874842639    -0.0071269243           0.019644
    9.       -85.2832557344      -76.0937213060    -0.0062370421           0.016782
   10.       -85.2854212162      -76.0958867879    -0.0021654819           0.017581
   11.       -85.2864940924      -76.0969596641    -0.0010728762           0.013976
   12.       -85.2864081101      -76.0968736817     0.0000859824           0.016021
   13.       -85.2866680776      -76.0971336493    -0.0002599676           0.017907
   14.       -85.2870452324      -76.0975108041    -0.0003771548           0.017082
   15.       -85.2869670320      -76.0974326036     0.0000782004           0.015017
   16.       -85.2881855763      -76.0986511479    -0.0012185443           0.001434
   17.       -85.2881991732      -76.0986647448    -0.0000135969           0.001501
   18.       -85.2882093751      -76.0986749467    -0.0000102019           0.001124
   19.       -85.2882056071      -76.0986711787     0.0000037680           0.002022
   20.       -85.2882028671      -76.0986684387     0.0000027401           0.002525
   21.       -85.2882084860      -76.0986740576    -0.0000056190           0.001472
   22.       -85.2882128773      -76.0986784489    -0.0000043913           0.001603
   23.       -85.2882124645      -76.0986780361     0.0000004128           0.001744
   24.       -85.2882113108      -76.0986768824     0.0000011537           0.001528
   25.       -85.2882144939      -76.0986800656    -0.0000031832           0.001392
   26.       -85.2882084485      -76.0986740201     0.0000060455           0.001889
   27.       -85.2882251591      -76.0986907308    -0.0000167107           0.000141
   28.       -85.2882251655      -76.0986907371    -0.0000167107           0.000141
 Change to FULL ERIs
   29.       -85.2887885637      -76.0992541353    -0.0000167107           0.000477


  RESULTS OF THE OCCUPATION OPTIMIZATION
 ========================================

   OM     Occupation      Elag Diag

    1      2.0000000    -20.5455398
    2      1.9757336     -0.8300524
    3      1.9904962     -0.7537632
    4      1.9757408     -0.8301463
    5      1.9904990     -0.7540338
    6      0.0095010     -0.0100685
    7      0.0242592     -0.0214446
    8      0.0095038     -0.0100694
    9      0.0242664     -0.0214468

   RO Sum ( 10) =   10.00

  ---------------
   Dipole Moment
  ---------------

      1.9921 Debye [   0.7837  (  -0.0000,   0.0001,  -0.7837) ]

 ----------------
  Final Energies  
 ----------------

  Final NOF Total Energy =      -76.0992541353 ( 5.E-04 , 6.E-04 )


  **************************************************
  *                                                *
  *       SINGLE-POINT DoNOF CALCULATION           *
  *                                                *
  *             FULL OPTIMIZATION                  *
  *                                                *
  *  FINAL RESULTS   FINAL RESULTS  FINAL RESULTS  *
  *                                                *
  **************************************************

  **************************************************
  *         No. EXTERNAL ITER =    29              *
  *         No. of TOTAL ITER =   841              *
  **************************************************

  Elapsed real time :      0.76  (Seconds)

 The execution finished at 17h 13min on the  1/12/2021
