 This is the serial version of the code

 The execution started at  9h 59min on the  1/13/2021

    ===========================================================
    !                                                         !
    !                        Do N O F                         !
    !                                                         !
    !  (Donostia Natural Orbital Functional Software Program) !
    !                                                         !
    !               COPYRIGHT by Mario Piris                  !
    !                                                         !
    !      Donostia International Physics Center (DIPC)       !
    !       University of the Basque Country (UPV/EHU)        !
    !       Basque Foundation for Science (IKERBASQUE)        !
    !                                                         !
    !          GNU General Public License version 3           !
    !                                                         !
    !                VERSION: January 2021                    !
    !                                                         !
    ===========================================================

 Run Title
 ---------
 HF-Singlet: CCD, Exp. Geom. ( 0.90148 at HF/CCD level )                         

 Basis Set
 ---------
 /home/piris/DoNOFsw/basis/cc-pVDZ.bas                                           

 Atom      Charge                Coordinates (Bohr)
                           x             y             z
 H           1.0        0.0000        0.0000        0.0000
 F           9.0        0.0000        0.0000        1.7325

 Atomic Basis Set
 ----------------
 The contracted primitive functions were unnormalized
 The contracted basis functions are now normalized to unity

  Shell Type  Primitive         Exponent  Contraction Coefficient

 H         

      1   S       1            13.0100000    0.019684989991
      1   S       2             1.9620000    0.137976929844
      1   S       3             0.4446000    0.478147756880
      1   S       4             0.1220000    0.501239745139

      2   S       5             0.1220000    1.000000000000

      3   P       6             0.7270000    1.000000000000

 F         

      4   S       7         14710.0000000    0.000721000328
      4   S       8          2207.0000000    0.005553002523
      4   S       9           502.8000000    0.028267012842
      4   S      10           142.6000000    0.106444048359
      4   S      11            46.4700000    0.286814130304
      4   S      12            16.7000000    0.448641203824
      4   S      13             6.3560000    0.264761120285
      4   S      14             1.3160000    0.015333006966
      4   S      15             0.3897000   -0.002332001059

      5   S      16         14710.0000000   -0.000165000112
      5   S      17          2207.0000000   -0.001308000885
      5   S      18           502.8000000   -0.006495004395
      5   S      19           142.6000000   -0.026691018062
      5   S      20            46.4700000   -0.073690049866
      5   S      21            16.7000000   -0.170776115564
      5   S      22             6.3560000   -0.112327076012
      5   S      23             1.3160000    0.562814380856
      5   S      24             0.3897000    0.568778384892

      6   S      25             0.3897000    1.000000000000

      7   P      26            22.6700000    0.044878001211
      7   P      27             4.9770000    0.235718006361
      7   P      28             1.3470000    0.508521013723
      7   P      29             0.3471000    0.458120012363

      8   P      30             0.3471000    1.000000000000

      9   D      31             1.6400000    1.000000000000

 Total Number of Basis Set Shells             =    9
 Total Number of Primitives                   =   31
 Number of Cartesian Gaussian Basis Functions =   20
 Total Number of Auxiliary Basis Set Shells   =   25
 Number of Cart. Gaussian Auxiliary Set Func. =  106
 Number of Electrons                          =   10
 Charge of Molecule                           =    0
 Spin Multiplicity                            =    1
 Number of Occupied Orbitals (Alpha)          =    5
 Number of Occupied Orbitals (Beta )          =    5
 Total Number of Atoms                        =    2

 Input Run Options
 -----------------
 IRUNTYP = 1  MULT = 1  ICHARG = 0  IECP = 0  IEMOM = 1  UNITS = ANGS    

 Integral Options
 ----------------
 CUTOFF = 1.0E-09   ISCHWZ = 0   ERITYP = MIX    GEN = A2* 

 Input NOF Options
 -----------------

 Type of calculation = Iter-Diag-Method: (ICOEF)         1
 Maximum Number of Occ-Coef Outer Iter.: (MAXIT)      1000
 Natural Orbital Functional Selected:    (IPNOF)         7

 Restart calculation Option:             (RESTART)       F
 Restart Gamma Matrix from GCF file:     (INPUTGAMMA)    0
 Coefficient Matrix from GCF file:       (INPUTC)        0
 Diagonal Elements FMIUG from GCF file:  (INPUTFMIUG)    0
 Cartesian Coordinates from GCF file:    (INPUTCXYZ)     0

 Threshold Lambda Convergence=10**(-N):  (NTHRESHL)      3
 Threshold Energy Convergence=10**(-N):  (NTHRESHE)      4
 Threshold Energy Convergence=10**(-N):  (NTHRESHEC)    10
 Threshold Energy Convergence=10**(-N):  (NTHRESHEN)    10

 Max. Number of Inner Coef. Iterations:  (MAXLOOP)      30
 Orthogonalize the initial Orbitals:     (ORTHO)         T

 Scaling Parameters:
 Initial Number of Zeros IN Fij:         (NZEROS)        1
 Maximum Number of Zeros IN Fij:         (NZEROSm)       5
 Restart Number of Zeros IN Fij:         (NZEROSr)       2
 Number of Iter with constant Scaling:   (ITZITER)      10

 DIIS technique is used in Orb. Opt.:    (DIIS)          T
 Threshold to begin DIIS = 10**(-N):     (NTHDIIS)       3
 Number of considered Loops in DIIS:     (NDIIS)         5
 Periodic DIIS every NDIIS:              (PERDIIS)       T

 Output Option:                          (NPRINT)        0
 Output the Coefficient Matrix:          (IWRITEC)       0
 Do a Mulliken Population Analysis:      (IMULPOP)       0
 Write Information into a WFN file:      (IAIMPAC)       1
 Write Information into a FCHK file:     (IFCHK)         1
 Write Information into a MLP file:      (MOLDEN)        1
 Calculate IPs using Ext. Koopmans Theo: (IEKT)          0
 Write APSG expansion coefficient file:  (APSG)          F
 Output option for Lagrange Multipliers: (PRINTLAG)      F
 Diagonalize matrix of Lag. Multipliers: (DIAGLAG)       F

------------------------------------------------------------------------

 Orbital Space
 -------------

 You are doing a perfect pairing calculation: NCWO=1

 Inactive Doubly occupied orbitals up to NO1  =    1
 No. considered Strongly Doubly occupied MOs  =    4
 No. considered Strongly Singly occupied MOs  =    0
 NO. of Weakly occ. per St. Doubly occ.  MOs  =    1
 Dimension of the Active Nat. Orb. subspace   =    8
 Secondary Empty orbitals                     =   11

 1e- integrals
 -------------
 Time to do integrals =      0.00
 Guess for MOs = HCORE
        12 MOs were matched and         0 equalized to zero

 2e- integrals
 -------------
 DONTW option skips storage 2e- integrals on Unit 1
                5596 2e- integrals in     1 records
 Time to do integrals =      0.02

 2e- integrals
 -------------
 DONTW option skips storage 2e- integrals on Unit 1
 Time to do integrals =      0.01

 RHF SCF Calculation
 -------------------
 EXTRAP=T  DAMP=T  DIIS=T
 DMat Conv = 1.0E-05  Ener Tol = 1.0E-08
 Ener Conv = 1.0E-10  DMat Tol = 2.0E-05
 DIIS Conv = 1.0E-07  DMat Tol = 2.0E-05

 ITER      TOTAL ENERGY        E CHANGE     DEN. CHANGE    DIIS ERROR
   1      -92.4411275811   -92.4411275811  14.123352924   3.239082960
   2      -95.3875545735    -2.9464269925   6.278736945   1.388800761
   3      -99.9948133811    -4.6072588076   0.351972615   0.133206878
   4     -100.0153130129    -0.0204996318   0.093955015   0.082683148
   5     -100.0195274906    -0.0042144777   0.025469009   0.014374446
   6     -100.0198173013    -0.0002898107   0.006270244   0.002501209
   7     -100.0198363754    -0.0000190741   0.001267488   0.000601418
   8     -100.0198370361    -0.0000006607   0.000344007   0.000122525
   9     -100.0198370781    -0.0000000420   0.000016124   0.000007351
  10     -100.0198370782    -0.0000000001   0.000002520   0.000001211

          -----------------
          DENSITY CONVERGED
          -----------------

 FINAL RHF ENERGY IS     -100.0198370782 AFTER  10 ITERATIONS

         WAVEFUNCTION NORMALIZATION =       1.0000000000

                ONE ELECTRON ENERGY =    -150.6909700309
                TWO ELECTRON ENERGY =      45.4763301133
           NUCLEAR REPULSION ENERGY =       5.1948028394
                                      ------------------
                   RHF TOTAL ENERGY =    -100.0198370782

 ELECTRON-ELECTRON POTENTIAL ENERGY =      45.4763301133
  NUCLEUS-ELECTRON POTENTIAL ENERGY =    -250.6753568688
   NUCLEUS-NUCLEUS POTENTIAL ENERGY =       5.1948028394
                                      ------------------
             TOTAL POTENTIAL ENERGY =    -200.0042239161
               TOTAL KINETIC ENERGY =      99.9843868380
                 VIRIAL RATIO (V/T) =       2.0003545578

 Input for Coefficients is RHF


  RESULTS OF OCCUPATION-COEFFICIENT S.C.F. PROCEDURE
 ====================================================

  Iter     Electronic Energy      Total Energy   Energy Convergency    Max Mul-Lag Diff

    1.      -105.2215902813     -100.0267874419    -0.0033766280           0.012562
    2.      -105.0139433768      -99.8191405374     0.2076469044           0.221325
    3.      -105.2424936022     -100.0476907628    -0.2285502254           0.050165
    4.      -105.2538206091     -100.0590177697    -0.0113270069           0.023653
    5.      -105.2608076858     -100.0660048464    -0.0069870768           0.014616
    6.      -105.2670770652     -100.0722742258    -0.0062693794           0.014198
    7.      -105.2713377119     -100.0765348725    -0.0042606467           0.023491
    8.      -105.2731107799     -100.0783079405    -0.0017730680           0.025896
    9.      -105.2743513355     -100.0795484961    -0.0012405556           0.032781
   10.      -105.2762628198     -100.0814599804    -0.0019114843           0.028100
   11.      -105.2766359059     -100.0818330665    -0.0003730861           0.017615
   12.      -105.2770682666     -100.0822654272    -0.0004323607           0.014616
   13.      -105.2775660739     -100.0827632345    -0.0004978074           0.016602
   14.      -105.2771232671     -100.0823204277     0.0004428069           0.025219
   15.      -105.2790387238     -100.0842358844    -0.0019154567           0.002784
   16.      -105.2790885012     -100.0842856618    -0.0000497775           0.002415
   17.      -105.2791098294     -100.0843069900    -0.0000213282           0.002711
   18.      -105.2791317443     -100.0843289049    -0.0000219149           0.003591
   19.      -105.2791469423     -100.0843441029    -0.0000151980           0.002689
   20.      -105.2791583261     -100.0843554867    -0.0000113838           0.002098
   21.      -105.2791599480     -100.0843571086    -0.0000016219           0.002325
   22.      -105.2791524216     -100.0843495822     0.0000075264           0.003982
   23.      -105.2791616019     -100.0843587625    -0.0000091802           0.002986
   24.      -105.2791698856     -100.0843670462    -0.0000082838           0.001602
   25.      -105.2791646049     -100.0843617655     0.0000052808           0.002786
   26.      -105.2791867508     -100.0843839114    -0.0000221459           0.000328
   27.      -105.2791867557     -100.0843839163    -0.0000221459           0.000331
 Change to FULL ERIs
   28.      -105.2799914658     -100.0851886264    -0.0000221459           0.000425


  RESULTS OF THE OCCUPATION OPTIMIZATION
 ========================================

   OM     Occupation      Elag Diag

    1      2.0000000    -26.2826001
    2      1.9923446     -0.9184255
    3      1.9755150     -0.9268695
    4      1.9922950     -0.9138340
    5      1.9922937     -0.9138051
    6      0.0077063     -0.0102871
    7      0.0077050     -0.0102856
    8      0.0244850     -0.0241002
    9      0.0076554     -0.0102603

   RO Sum ( 10) =   10.00

  ---------------
   Dipole Moment
  ---------------

      1.8548 Debye [   0.7297  (  -0.0000,  -0.0001,  -0.7297) ]

 ----------------
  Final Energies  
 ----------------

  Final NOF Total Energy =     -100.0851886264 ( 4.E-04 , 8.E-04 )


  NOF-MP2
 =========

 NUMBER OF CORE ORBITALS  (NO1PT2) =    1
 NUMBER OF Doubly OCC. ORBS. (NOC) =    4
 NUMBER OF VIRTUAL ORBS.     (NVI) =   15
 NUMBER OF LIN. IND. ORBS.  (NORB) =   19

             Ehfc =     -100.0193876560

              ECd =       -0.2003387477
             ECnd =       -0.0020842022
            ECorr =       -0.2024229499
        E(NOFMP2) =     -100.2218106058


  **************************************************
  *                                                *
  *       SINGLE-POINT DoNOF CALCULATION           *
  *                                                *
  *             FULL OPTIMIZATION                  *
  *                                                *
  *  FINAL RESULTS   FINAL RESULTS  FINAL RESULTS  *
  *                                                *
  **************************************************

  **************************************************
  *         No. EXTERNAL ITER =    28              *
  *         No. of TOTAL ITER =   811              *
  **************************************************

  Elapsed real time :      0.95  (Seconds)

 The execution finished at  9h 59min on the  1/13/2021
