 This is the serial version of the code

 The execution started at 10h 33min on the  1/13/2021

    ===========================================================
    !                                                         !
    !                        Do N O F                         !
    !                                                         !
    !  (Donostia Natural Orbital Functional Software Program) !
    !                                                         !
    !               COPYRIGHT by Mario Piris                  !
    !                                                         !
    !      Donostia International Physics Center (DIPC)       !
    !       University of the Basque Country (UPV/EHU)        !
    !       Basque Foundation for Science (IKERBASQUE)        !
    !                                                         !
    !          GNU General Public License version 3           !
    !                                                         !
    !                VERSION: January 2021                    !
    !                                                         !
    ===========================================================

 Run Title
 ---------
 HF-Singlet: CCD, Exp. Geom. ( 0.90148 at HF/CCD level )                         

 Basis Set
 ---------
 /home/piris/DoNOFsw/basis/cc-pVDZ.bas                                           

 Atom      Charge                Coordinates (Bohr)
                           x             y             z
 H           1.0        0.0000        0.0000        0.0000
 F           9.0        0.0000        0.0000        1.7325

 Atomic Basis Set
 ----------------
 The contracted primitive functions were unnormalized
 The contracted basis functions are now normalized to unity

  Shell Type  Primitive         Exponent  Contraction Coefficient

 H         
 
      1   S       1            13.0100000    0.019684989991
      1   S       2             1.9620000    0.137976929844
      1   S       3             0.4446000    0.478147756880
      1   S       4             0.1220000    0.501239745139
 
      2   S       5             0.1220000    1.000000000000
 
      3   P       6             0.7270000    1.000000000000

 F         
 
      4   S       7         14710.0000000    0.000721000328
      4   S       8          2207.0000000    0.005553002523
      4   S       9           502.8000000    0.028267012842
      4   S      10           142.6000000    0.106444048359
      4   S      11            46.4700000    0.286814130304
      4   S      12            16.7000000    0.448641203824
      4   S      13             6.3560000    0.264761120285
      4   S      14             1.3160000    0.015333006966
      4   S      15             0.3897000   -0.002332001059
 
      5   S      16         14710.0000000   -0.000165000112
      5   S      17          2207.0000000   -0.001308000885
      5   S      18           502.8000000   -0.006495004395
      5   S      19           142.6000000   -0.026691018062
      5   S      20            46.4700000   -0.073690049866
      5   S      21            16.7000000   -0.170776115564
      5   S      22             6.3560000   -0.112327076012
      5   S      23             1.3160000    0.562814380856
      5   S      24             0.3897000    0.568778384892
 
      6   S      25             0.3897000    1.000000000000
 
      7   P      26            22.6700000    0.044878001211
      7   P      27             4.9770000    0.235718006361
      7   P      28             1.3470000    0.508521013723
      7   P      29             0.3471000    0.458120012363
 
      8   P      30             0.3471000    1.000000000000
 
      9   D      31             1.6400000    1.000000000000

 Total Number of Basis Set Shells             =    9
 Total Number of Primitives                   =   31
 Number of Cartesian Gaussian Basis Functions =   20
 Number of Electrons                          =   10
 Charge of Molecule                           =    0
 Spin Multiplicity                            =    1
 Number of Occupied Orbitals (Alpha)          =    5
 Number of Occupied Orbitals (Beta )          =    5
 Total Number of Atoms                        =    2

 Input Run Options
 -----------------
 IRUNTYP = 1  MULT = 1  ICHARG = 0  IECP = 0  IEMOM = 1  UNITS = ANGS    

 Integral Options
 ----------------
 CUTOFF = 1.0E-09   ISCHWZ = 0   ERITYP = FULL

 Input NOF Options
 -----------------

 Type of calculation = Iter-Diag-Method: (ICOEF)         1
 Maximum Number of Occ-Coef Outer Iter.: (MAXIT)      1000
 Natural Orbital Functional Selected:    (IPNOF)         7
 Static Version of Functional PNOF7s:    (Ista)          1
 
 Restart calculation Option:             (RESTART)       F
 Restart Gamma Matrix from GCF file:     (INPUTGAMMA)    0
 Coefficient Matrix from GCF file:       (INPUTC)        0
 Diagonal Elements FMIUG from GCF file:  (INPUTFMIUG)    0
 Cartesian Coordinates from GCF file:    (INPUTCXYZ)     0

 Threshold Lambda Convergence=10**(-N):  (NTHRESHL)      3
 Threshold Energy Convergence=10**(-N):  (NTHRESHE)      4
 Threshold Energy Convergence=10**(-N):  (NTHRESHEC)    10
 Threshold Energy Convergence=10**(-N):  (NTHRESHEN)    10

 Max. Number of Inner Coef. Iterations:  (MAXLOOP)      30
 Orthogonalize the initial Orbitals:     (ORTHO)         T

 Scaling Parameters:
 Initial Number of Zeros IN Fij:         (NZEROS)        1
 Maximum Number of Zeros IN Fij:         (NZEROSm)       5
 Restart Number of Zeros IN Fij:         (NZEROSr)       2
 Number of Iter with constant Scaling:   (ITZITER)      10
 
 DIIS technique is used in Orb. Opt.:    (DIIS)          T
 Threshold to begin DIIS = 10**(-N):     (NTHDIIS)       3
 Number of considered Loops in DIIS:     (NDIIS)         5
 Periodic DIIS every NDIIS:              (PERDIIS)       T

 Output Option:                          (NPRINT)        0
 Output the Coefficient Matrix:          (IWRITEC)       0
 Do a Mulliken Population Analysis:      (IMULPOP)       0
 Write Information into a WFN file:      (IAIMPAC)       1
 Write Information into a FCHK file:     (IFCHK)         1
 Write Information into a MLP file:      (MOLDEN)        1
 Calculate IPs using Ext. Koopmans Theo: (IEKT)          0
 Write APSG expansion coefficient file:  (APSG)          F
 Output option for Lagrange Multipliers: (PRINTLAG)      F
 Diagonalize matrix of Lag. Multipliers: (DIAGLAG)       F

------------------------------------------------------------------------

 Orbital Space
 -------------

 Inactive Doubly occupied orbitals up to NO1  =    1
 No. considered Strongly Doubly occupied MOs  =    4
 No. considered Strongly Singly occupied MOs  =    0
 NO. of Weakly occ. per St. Doubly occ.  MOs  =    3
 Dimension of the Active Nat. Orb. subspace   =   16
 Secondary Empty orbitals                     =    3

 1e- integrals
 -------------
 Time to do integrals =      0.00
 Guess for MOs = HCORE
        12 MOs were matched and         0 equalized to zero

 2e- integrals
 -------------
 DONTW option skips storage 2e- integrals on Unit 1
                5596 2e- integrals in     1 records
 Time to do integrals =      0.02

 RHF SCF Calculation
 -------------------
 EXTRAP=T  DAMP=T  DIIS=T
 DMat Conv = 1.0E-05  Ener Tol = 1.0E-08
 Ener Conv = 1.0E-10  DMat Tol = 2.0E-05
 DIIS Conv = 1.0E-07  DMat Tol = 2.0E-05

 ITER      TOTAL ENERGY        E CHANGE     DEN. CHANGE    DIIS ERROR
   1      -92.4411275811   -92.4411275811  14.123352924   3.239082960
   2      -95.3875545735    -2.9464269925   6.278736945   1.838681171
   3      -99.9948133811    -4.6072588076   0.351972615   0.133206878
   4     -100.0153130129    -0.0204996318   0.091171958   0.091942611
   5     -100.0195274906    -0.0042144777   0.025469009   0.014374446
   6     -100.0198173013    -0.0002898107   0.005459719   0.003182108
   7     -100.0198363754    -0.0000190741   0.001267488   0.000601418
   8     -100.0198370361    -0.0000006607   0.000344007   0.000130884
   9     -100.0198370781    -0.0000000420   0.000012037   0.000008820
  10     -100.0198370782    -0.0000000001   0.000001981   0.000001071

          -----------------
          DENSITY CONVERGED
          -----------------

 FINAL RHF ENERGY IS     -100.0198370782 AFTER  10 ITERATIONS

         WAVEFUNCTION NORMALIZATION =       1.0000000000

                ONE ELECTRON ENERGY =    -150.6909700309
                TWO ELECTRON ENERGY =      45.4763301133
           NUCLEAR REPULSION ENERGY =       5.1948028394
                                      ------------------
                   RHF TOTAL ENERGY =    -100.0198370782

 ELECTRON-ELECTRON POTENTIAL ENERGY =      45.4763301133
  NUCLEUS-ELECTRON POTENTIAL ENERGY =    -250.6753568688
   NUCLEUS-NUCLEUS POTENTIAL ENERGY =       5.1948028394
                                      ------------------
             TOTAL POTENTIAL ENERGY =    -200.0042239161
               TOTAL KINETIC ENERGY =      99.9843868380
                 VIRIAL RATIO (V/T) =       2.0003545578

 Input for Coefficients is RHF


  RESULTS OF OCCUPATION-COEFFICIENT S.C.F. PROCEDURE
 ====================================================

  Iter     Electronic Energy      Total Energy   Energy Convergency    Max Mul-Lag Diff

    1.      -105.2083274192     -100.0135245798     0.0196486685           0.028495
    2.      -105.0874453216      -99.8926424822     0.1208820976           0.211227
    3.      -105.2327960103     -100.0379931709    -0.1453506887           0.029309
    4.      -105.2516922804     -100.0568894410    -0.0188962700           0.026130
    5.      -105.2633442755     -100.0685414361    -0.0116519951           0.020415
    6.      -105.2681150628     -100.0733122234    -0.0047707873           0.029267
    7.      -105.2718024721     -100.0769996327    -0.0036874093           0.018961
    8.      -105.2730331175     -100.0782302781    -0.0012306454           0.021044
    9.      -105.2738576487     -100.0790548093    -0.0008245312           0.023922
   10.      -105.2754353160     -100.0806324766    -0.0015776672           0.023342
   11.      -105.2765298249     -100.0817269855    -0.0010945090           0.015360
   12.      -105.2766766314     -100.0818737921    -0.0001468065           0.035539
   13.      -105.2782803863     -100.0834775470    -0.0016037549           0.018671
   14.      -105.2790188149     -100.0842159755    -0.0007384285           0.026777
   15.      -105.2799424414     -100.0851396021    -0.0009236266           0.021217
   16.      -105.2796395078     -100.0848366684     0.0003029337           0.028666
   17.      -105.2820998081     -100.0872969687    -0.0024603004           0.003372
   18.      -105.2823898101     -100.0875869707    -0.0002900019           0.002249
   19.      -105.2826541271     -100.0878512877    -0.0002643170           0.002877
   20.      -105.2828916079     -100.0880887685    -0.0002374808           0.002114
   21.      -105.2830740652     -100.0882712258    -0.0001824573           0.003709
   22.      -105.2832327031     -100.0884298637    -0.0001586379           0.002221
   23.      -105.2833534664     -100.0885506270    -0.0001207633           0.001983
   24.      -105.2834627072     -100.0886598678    -0.0001092408           0.001944
   25.      -105.2835450203     -100.0887421809    -0.0000823131           0.002346
   26.      -105.2836413006     -100.0888384612    -0.0000962802           0.001762
   27.      -105.2837232128     -100.0889203734    -0.0000819122           0.001555
   28.      -105.2837876435     -100.0889848041    -0.0000644307           0.000385
   29.      -105.2837881642     -100.0889853248    -0.0000644307           0.000385


  RESULTS OF THE OCCUPATION OPTIMIZATION
 ========================================

   OM     Occupation      Elag Diag

    1      2.0000000    -26.2841539
    2      1.9935764     -0.8962131
    3      1.9796773     -0.9693784
    4      1.9940037     -0.9265873
    5      1.9932463     -0.8752027
    6      0.0005468     -0.0012879
    7      0.0002646     -0.0005664
    8      0.0059423     -0.0087234
    9      0.0055726     -0.0085568
   10      0.0004069     -0.0010053
   11      0.0000168     -0.0000344
   12      0.0013824     -0.0021842
   13      0.0182789     -0.0201754
   14      0.0006614     -0.0011098
   15      0.0057811     -0.0086458
   16      0.0001722     -0.0004637
   17      0.0004703     -0.0011805

   RO Sum ( 10) =   10.00

  ---------------
   Dipole Moment
  ---------------

      1.8666 Debye [   0.7344  (  -0.0000,   0.0001,  -0.7344) ]

 ----------------
  Final Energies  
 ----------------

  Final NOF Total Energy =     -100.0889853248 ( 4.E-04 , 5.E-07 )


  NOF-MP2
 =========

 NUMBER OF CORE ORBITALS  (NO1PT2) =    1
 NUMBER OF Doubly OCC. ORBS. (NOC) =    4
 NUMBER OF VIRTUAL ORBS.     (NVI) =   15
 NUMBER OF LIN. IND. ORBS.  (NORB) =   19

             Ehfc =     -100.0194880383

              ECd =       -0.2011699114
             ECnd =       -0.0015093996
            ECorr =       -0.2026793110
        E(NOFMP2) =     -100.2221673494


  **************************************************
  *                                                *
  *       SINGLE-POINT DoNOF CALCULATION           *
  *                                                *
  *             FULL OPTIMIZATION                  *
  *                                                *
  *  FINAL RESULTS   FINAL RESULTS  FINAL RESULTS  *
  *                                                *
  **************************************************

  **************************************************
  *         No. EXTERNAL ITER =    29              *
  *         No. of TOTAL ITER =   841              *
  **************************************************

  Elapsed real time :      2.01  (Seconds)

 The execution finished at 10h 33min on the  1/13/2021
