 This is the parallel version of the code
 This is the parallel version of the code
 This is the parallel version of the code
 This is the parallel version of the code
 This is the parallel version of the code
 This is the parallel version of the code
 This is the parallel version of the code
 This is the parallel version of the code
 This is the parallel version of the code
 This is the parallel version of the code
 This is the parallel version of the code
 This is the parallel version of the code
Master:    0

 The execution started at 17h 12min on the  1/12/2021

    ===========================================================
    !                                                         !
    !                        Do N O F                         !
    !                                                         !
    !  (Donostia Natural Orbital Functional Software Program) !
    !                                                         !
    !               COPYRIGHT by Mario Piris                  !
    !                                                         !
    !      Donostia International Physics Center (DIPC)       !
    !       University of the Basque Country (UPV/EHU)        !
    !       Basque Foundation for Science (IKERBASQUE)        !
    !                                                         !
    !          GNU General Public License version 3           !
    !                                                         !
    !                VERSION: January 2021                    !
    !                                                         !
    ===========================================================

 Run Title
 ---------
  Water (H2O) / HF Optimized Geometry                                            

 Basis Set
 ---------
 /home/piris/DoNOFsw/basis/cc-pVDZ.bas                                           

 Atom      Charge                Coordinates (Bohr)
                           x             y             z
 O           8.0        0.0000        0.0000        0.2217
 H           1.0        0.0000        1.4309       -0.8867
 H           1.0        0.0000       -1.4309       -0.8867

 Atomic Basis Set
 ----------------
 The contracted primitive functions were unnormalized
 The contracted basis functions are now normalized to unity

  Shell Type  Primitive         Exponent  Contraction Coefficient

 O         
 
      1   S       1         11720.0000000    0.000710000250
      1   S       2          1759.0000000    0.005470001928
      1   S       3           400.8000000    0.027837009812
      1   S       4           113.7000000    0.104800036941
      1   S       5            37.0300000    0.283062099777
      1   S       6            13.2700000    0.448719158169
      1   S       7             5.0250000    0.270952095508
      1   S       8             1.0130000    0.015458005449
      1   S       9             0.3023000   -0.002585000911
 
      2   S      10         11720.0000000   -0.000160000015
      2   S      11          1759.0000000   -0.001263000121
      2   S      12           400.8000000   -0.006267000602
      2   S      13           113.7000000   -0.025716002472
      2   S      14            37.0300000   -0.070924006817
      2   S      15            13.2700000   -0.165411015900
      2   S      16             5.0250000   -0.116955011242
      2   S      17             1.0130000    0.557368053576
      2   S      18             0.3023000    0.572759055056
 
      3   S      19             0.3023000    1.000000000000
 
      4   P      20            17.7000000    0.043017992421
      4   P      21             3.8540000    0.228912959668
      4   P      22             1.0460000    0.508727910367
      4   P      23             0.2753000    0.460530918859
 
      5   P      24             0.2753000    1.000000000000
 
      6   D      25             1.1850000    1.000000000000

 H         
 
      7   S      26            13.0100000    0.019684989991
      7   S      27             1.9620000    0.137976929844
      7   S      28             0.4446000    0.478147756880
      7   S      29             0.1220000    0.501239745139
 
      8   S      30             0.1220000    1.000000000000
 
      9   P      31             0.7270000    1.000000000000

 H         
 
     10   S      32            13.0100000    0.019684989991
     10   S      33             1.9620000    0.137976929844
     10   S      34             0.4446000    0.478147756880
     10   S      35             0.1220000    0.501239745139
 
     11   S      36             0.1220000    1.000000000000
 
     12   P      37             0.7270000    1.000000000000

 Total Number of Basis Set Shells             =   12
 Total Number of Primitives                   =   37
 Number of Cartesian Gaussian Basis Functions =   25
 Total Number of Auxiliary Basis Set Shells   =   30
 Number of Cart. Gaussian Auxiliary Set Func. =  118
 Number of Electrons                          =   10
 Charge of Molecule                           =    0
 Spin Multiplicity                            =    1
 Number of Occupied Orbitals (Alpha)          =    5
 Number of Occupied Orbitals (Beta )          =    5
 Total Number of Atoms                        =    3

 Input Run Options
 -----------------
 IRUNTYP = 1  MULT = 1  ICHARG = 0  IECP = 0  IEMOM = 1  UNITS = ANGS    

 Integral Options
 ----------------
 CUTOFF = 1.0E-09   ISCHWZ = 0   ERITYP = RI     GEN = A2* 

 Input NOF Options
 -----------------

 Type of calculation = Iter-Diag-Method: (ICOEF)         1
 Maximum Number of Occ-Coef Outer Iter.: (MAXIT)      1000
 Natural Orbital Functional Selected:    (IPNOF)         7
 
 Restart calculation Option:             (RESTART)       F
 Restart Gamma Matrix from GCF file:     (INPUTGAMMA)    0
 Coefficient Matrix from GCF file:       (INPUTC)        0
 Diagonal Elements FMIUG from GCF file:  (INPUTFMIUG)    0
 Cartesian Coordinates from GCF file:    (INPUTCXYZ)     0

 Hartree-Fock Calc. using ID Method:     (HFID)          T
 Threshold Energy Convergence=10**(-N):  (NTHRESHEID)    6
 Max. Number of External Iterations:     (MAXITID)      30
 Ion. Potentials by Koopmans Theorem:    (KOOPMANS)      0

 Threshold Lambda Convergence=10**(-N):  (NTHRESHL)      3
 Threshold Energy Convergence=10**(-N):  (NTHRESHE)      4
 Threshold Energy Convergence=10**(-N):  (NTHRESHEC)    10
 Threshold Energy Convergence=10**(-N):  (NTHRESHEN)    10

 Max. Number of Inner Coef. Iterations:  (MAXLOOP)      30
 Orthogonalize the initial Orbitals:     (ORTHO)         T

 Scaling Parameters:
 Initial Number of Zeros IN Fij:         (NZEROS)        1
 Maximum Number of Zeros IN Fij:         (NZEROSm)       5
 Restart Number of Zeros IN Fij:         (NZEROSr)       2
 Number of Iter with constant Scaling:   (ITZITER)      10
 
 DIIS technique is used in Orb. Opt.:    (DIIS)          T
 Threshold to begin DIIS = 10**(-N):     (NTHDIIS)       3
 Number of considered Loops in DIIS:     (NDIIS)         5
 Periodic DIIS every NDIIS:              (PERDIIS)       T

 Output Option:                          (NPRINT)        0
 Output the Coefficient Matrix:          (IWRITEC)       0
 Do a Mulliken Population Analysis:      (IMULPOP)       0
 Write Information into a WFN file:      (IAIMPAC)       1
 Write Information into a FCHK file:     (IFCHK)         1
 Write Information into a MLP file:      (MOLDEN)        1
 Calculate IPs using Ext. Koopmans Theo: (IEKT)          0
 Write APSG expansion coefficient file:  (APSG)          F
 Output option for Lagrange Multipliers: (PRINTLAG)      F
 Diagonalize matrix of Lag. Multipliers: (DIAGLAG)       F

------------------------------------------------------------------------

 Orbital Space
 -------------

 You are doing a perfect pairing calculation: NCWO=1

 Inactive Doubly occupied orbitals up to NO1  =    1
 No. considered Strongly Doubly occupied MOs  =    4
 No. considered Strongly Singly occupied MOs  =    0
 NO. of Weakly occ. per St. Doubly occ.  MOs  =    1
 Dimension of the Active Nat. Orb. subspace   =    8
 Secondary Empty orbitals                     =   16

 1e- integrals
 -------------
 Time to do integrals =      0.00
 Guess for MOs = HCORE
        82 MOs were matched and         0 equalized to zero

 No violations of the orthonormality

 2e- integrals
 -------------
 DONTW option skips storage 2e- integrals on Unit 1
 Time to do integrals =      0.01

 Distribution b tensor:

 Elements:                              38350
 Max size per slaves:                    3250
 Max size in master:                     2925


  HARTREE-FOCK 
 ==============

  ITER     ELECTRONIC ENERGY      TOTAL ENERGY   ENERGY CONVERGENCY    MAX MUL-LAG DIFF

    1.          -71.661397         -62.471863         5.31406749           1.795658
    2.          -85.036566         -75.847032        -0.06107454           0.182125
    3.          -85.182118         -75.992584         0.00197944           0.103317
    4.          -85.208429         -76.018895        -0.00036955           0.086328
    5.          -85.216040         -76.026506        -0.00002018           0.010881
    6.          -85.216142         -76.026607        -0.00000088           0.002198

  -------------
   HF Energies 
  -------------

                   (aU)              (eV)
     1         -20.551881        -559.245118
     2          -1.336165         -36.358891
     3          -0.651573         -17.730198
     4          -0.560523         -15.252599
     5          -0.548136         -14.915551

    ELECTRONIC HF ENERGY =      -85.2161416046

         HF TOTAL ENERGY =      -76.0266071762

  ------------------
   HF Dipole Moment
  ------------------

      0.0000 Debye [   0.0000  (   0.0000,   0.0000,   0.0000) ]


  RESULTS OF OCCUPATION-COEFFICIENT S.C.F. PROCEDURE
 ====================================================

  Iter     Electronic Energy      Total Energy   Energy Convergency    Max Mul-Lag Diff

    1.       -85.2184778347      -76.0289434064    -0.0013337147           0.005048
    2.       -85.1152889060      -75.9257544776     0.1031889287           0.180233
    3.       -85.2380259621      -76.0484915337    -0.1227370561           0.014689
    4.       -85.2559264511      -76.0663920227    -0.0179004890           0.014329
    5.       -85.2685906783      -76.0790562499    -0.0126642273           0.014153
    6.       -85.2787944385      -76.0892600101    -0.0102037602           0.023710
    7.       -85.2846099293      -76.0950755009    -0.0058154908           0.016350
    8.       -85.2851486789      -76.0956142505    -0.0005387496           0.019521
    9.       -85.2854467408      -76.0959123124    -0.0002980619           0.023068
   10.       -85.2863887489      -76.0968543205    -0.0009420081           0.019010
   11.       -85.2862736276      -76.0967391992     0.0001151212           0.022547
   12.       -85.2868151852      -76.0972807568    -0.0005415576           0.022001
   13.       -85.2869065907      -76.0973721623    -0.0000914055           0.013869
   14.       -85.2870632811      -76.0975288527    -0.0001566904           0.022049
   15.       -85.2870429950      -76.0975085666     0.0000202862           0.014122
   16.       -85.2881630674      -76.0986286390    -0.0011200725           0.001132
   17.       -85.2881841108      -76.0986496824    -0.0000210433           0.001357
   18.       -85.2881952175      -76.0986607892    -0.0000111068           0.001386
   19.       -85.2882031040      -76.0986686756    -0.0000078864           0.001243
   20.       -85.2882045995      -76.0986701711    -0.0000014955           0.002086
   21.       -85.2882097156      -76.0986752872    -0.0000051161           0.001099
   22.       -85.2882108516      -76.0986764232    -0.0000011360           0.001334
   23.       -85.2882134181      -76.0986789897    -0.0000025665           0.001236
   24.       -85.2882129809      -76.0986785525     0.0000004372           0.001832
   25.       -85.2882119346      -76.0986775062     0.0000010463           0.002949
   26.       -85.2882142442      -76.0986798158    -0.0000023096           0.002218
   27.       -85.2882145784      -76.0986801500    -0.0000003342           0.001846
   28.       -85.2882163925      -76.0986819641    -0.0000018141           0.001265
   29.       -85.2882160984      -76.0986816700     0.0000002941           0.001349
   30.       -85.2882251304      -76.0986907020    -0.0000090320           0.000153
   31.       -85.2882251312      -76.0986907028    -0.0000090320           0.000153


  RESULTS OF THE OCCUPATION OPTIMIZATION
 ========================================

   OM     Occupation      Elag Diag

    1      2.0000000    -20.5453927
    2      1.9905322     -0.7547724
    3      1.9757540     -0.8300544
    4      1.9757588     -0.8300338
    5      1.9904952     -0.7527860
    6      0.0095048     -0.0100655
    7      0.0242412     -0.0214284
    8      0.0242460     -0.0214305
    9      0.0094678     -0.0100461

   RO Sum ( 10) =   10.00

  ---------------
   Dipole Moment
  ---------------

      1.9923 Debye [   0.7838  (   0.0000,   0.0001,  -0.7838) ]

 ----------------
  Final Energies  
 ----------------

         HF Total Energy =      -76.0266071762
  Final NOF Total Energy =      -76.0986907028 ( 2.E-04 , 8.E-10 )
      Correlation Energy =       -0.0720835266



  **************************************************
  *                                                *
  *       SINGLE-POINT DoNOF CALCULATION           *
  *                                                *
  *             FULL OPTIMIZATION                  *
  *                                                *
  *  FINAL RESULTS   FINAL RESULTS  FINAL RESULTS  *
  *                                                *
  **************************************************

  **************************************************
  *         No. EXTERNAL ITER =    31              *
  *         No. of TOTAL ITER =   901              *
  **************************************************

  Elapsed real time :      0.86  (Seconds)

 The execution finished at 17h 12min on the  1/12/2021
