 This is the serial version of the code

 The execution started at 17h 29min on the  1/12/2021

    ===========================================================
    !                                                         !
    !                        Do N O F                         !
    !                                                         !
    !  (Donostia Natural Orbital Functional Software Program) !
    !                                                         !
    !               COPYRIGHT by Mario Piris                  !
    !                                                         !
    !      Donostia International Physics Center (DIPC)       !
    !       University of the Basque Country (UPV/EHU)        !
    !       Basque Foundation for Science (IKERBASQUE)        !
    !                                                         !
    !          GNU General Public License version 3           !
    !                                                         !
    !                VERSION: January 2021                    !
    !                                                         !
    ===========================================================

 Run Title
 ---------
  Water (H2O) / HF Optimized Geometry                                            

 Basis Set
 ---------
 /home/piris/DoNOFsw/basis/cc-pVDZ.bas                                           

 Atom      Charge                Coordinates (Bohr)
                           x             y             z
 O           8.0        0.0000        0.0000        0.2217
 H           1.0        0.0000        1.4309       -0.8867
 H           1.0        0.0000       -1.4309       -0.8867

 Atomic Basis Set
 ----------------
 The contracted primitive functions were unnormalized
 The contracted basis functions are now normalized to unity

  Shell Type  Primitive         Exponent  Contraction Coefficient

 O         
 
      1   S       1         11720.0000000    0.000710000250
      1   S       2          1759.0000000    0.005470001928
      1   S       3           400.8000000    0.027837009812
      1   S       4           113.7000000    0.104800036941
      1   S       5            37.0300000    0.283062099777
      1   S       6            13.2700000    0.448719158169
      1   S       7             5.0250000    0.270952095508
      1   S       8             1.0130000    0.015458005449
      1   S       9             0.3023000   -0.002585000911
 
      2   S      10         11720.0000000   -0.000160000015
      2   S      11          1759.0000000   -0.001263000121
      2   S      12           400.8000000   -0.006267000602
      2   S      13           113.7000000   -0.025716002472
      2   S      14            37.0300000   -0.070924006817
      2   S      15            13.2700000   -0.165411015900
      2   S      16             5.0250000   -0.116955011242
      2   S      17             1.0130000    0.557368053576
      2   S      18             0.3023000    0.572759055056
 
      3   S      19             0.3023000    1.000000000000
 
      4   P      20            17.7000000    0.043017992421
      4   P      21             3.8540000    0.228912959668
      4   P      22             1.0460000    0.508727910367
      4   P      23             0.2753000    0.460530918859
 
      5   P      24             0.2753000    1.000000000000
 
      6   D      25             1.1850000    1.000000000000

 H         
 
      7   S      26            13.0100000    0.019684989991
      7   S      27             1.9620000    0.137976929844
      7   S      28             0.4446000    0.478147756880
      7   S      29             0.1220000    0.501239745139
 
      8   S      30             0.1220000    1.000000000000
 
      9   P      31             0.7270000    1.000000000000

 H         
 
     10   S      32            13.0100000    0.019684989991
     10   S      33             1.9620000    0.137976929844
     10   S      34             0.4446000    0.478147756880
     10   S      35             0.1220000    0.501239745139
 
     11   S      36             0.1220000    1.000000000000
 
     12   P      37             0.7270000    1.000000000000

 Total Number of Basis Set Shells             =   12
 Total Number of Primitives                   =   37
 Number of Cartesian Gaussian Basis Functions =   25
 Total Number of Auxiliary Basis Set Shells   =   30
 Number of Cart. Gaussian Auxiliary Set Func. =  118
 Number of Electrons                          =   10
 Charge of Molecule                           =    0
 Spin Multiplicity                            =    1
 Number of Occupied Orbitals (Alpha)          =    5
 Number of Occupied Orbitals (Beta )          =    5
 Total Number of Atoms                        =    3

 Input Run Options
 -----------------
 IRUNTYP = 1  MULT = 1  ICHARG = 0  IECP = 0  IEMOM = 1  UNITS = ANGS    

 Integral Options
 ----------------
 CUTOFF = 1.0E-09   ISCHWZ = 0   ERITYP = MIX    GEN = A2* 

 Input NOF Options
 -----------------

 Type of calculation = Iter-Diag-Method: (ICOEF)         1
 Maximum Number of Occ-Coef Outer Iter.: (MAXIT)      1000
 Natural Orbital Functional Selected:    (IPNOF)         7
 Static Version of Functional PNOF7s:    (Ista)          1
 
 Restart calculation Option:             (RESTART)       F
 Restart Gamma Matrix from GCF file:     (INPUTGAMMA)    0
 Coefficient Matrix from GCF file:       (INPUTC)        0
 Diagonal Elements FMIUG from GCF file:  (INPUTFMIUG)    0
 Cartesian Coordinates from GCF file:    (INPUTCXYZ)     0

 Hartree-Fock Calc. using ID Method:     (HFID)          T
 Threshold Energy Convergence=10**(-N):  (NTHRESHEID)    6
 Max. Number of External Iterations:     (MAXITID)      30
 Ion. Potentials by Koopmans Theorem:    (KOOPMANS)      0

 Threshold Lambda Convergence=10**(-N):  (NTHRESHL)      3
 Threshold Energy Convergence=10**(-N):  (NTHRESHE)      4
 Threshold Energy Convergence=10**(-N):  (NTHRESHEC)    10
 Threshold Energy Convergence=10**(-N):  (NTHRESHEN)    10

 Max. Number of Inner Coef. Iterations:  (MAXLOOP)      30
 Orthogonalize the initial Orbitals:     (ORTHO)         T

 Scaling Parameters:
 Initial Number of Zeros IN Fij:         (NZEROS)        1
 Maximum Number of Zeros IN Fij:         (NZEROSm)       5
 Restart Number of Zeros IN Fij:         (NZEROSr)       2
 Number of Iter with constant Scaling:   (ITZITER)      10
 
 DIIS technique is used in Orb. Opt.:    (DIIS)          T
 Threshold to begin DIIS = 10**(-N):     (NTHDIIS)       3
 Number of considered Loops in DIIS:     (NDIIS)         5
 Periodic DIIS every NDIIS:              (PERDIIS)       T

 Output Option:                          (NPRINT)        0
 Output the Coefficient Matrix:          (IWRITEC)       0
 Do a Mulliken Population Analysis:      (IMULPOP)       0
 Write Information into a WFN file:      (IAIMPAC)       1
 Write Information into a FCHK file:     (IFCHK)         1
 Write Information into a MLP file:      (MOLDEN)        1
 Calculate IPs using Ext. Koopmans Theo: (IEKT)          0
 Write APSG expansion coefficient file:  (APSG)          F
 Output option for Lagrange Multipliers: (PRINTLAG)      F
 Diagonalize matrix of Lag. Multipliers: (DIAGLAG)       F

------------------------------------------------------------------------

 Orbital Space
 -------------

 You are doing a perfect pairing calculation: NCWO=1

 Inactive Doubly occupied orbitals up to NO1  =    1
 No. considered Strongly Doubly occupied MOs  =    4
 No. considered Strongly Singly occupied MOs  =    0
 NO. of Weakly occ. per St. Doubly occ.  MOs  =    1
 Dimension of the Active Nat. Orb. subspace   =    8
 Secondary Empty orbitals                     =   16

 1e- integrals
 -------------
 Time to do integrals =      0.00
 Guess for MOs = HCORE
        82 MOs were matched and         0 equalized to zero

 No violations of the orthonormality

 2e- integrals
 -------------
 DONTW option skips storage 2e- integrals on Unit 1
               25620 2e- integrals in     2 records
 Time to do integrals =      0.03

 2e- integrals
 -------------
 DONTW option skips storage 2e- integrals on Unit 1
 Time to do integrals =      0.02


  HARTREE-FOCK 
 ==============

  ITER     ELECTRONIC ENERGY      TOTAL ENERGY   ENERGY CONVERGENCY    MAX MUL-LAG DIFF

    1.          -71.661397         -62.471863         5.31406749           1.795658
    2.          -85.024524         -75.834989        -0.04386991           0.186936
    3.          -85.205371         -76.015836        -0.00449341           0.055692
    4.          -85.211716         -76.022181        -0.00019103           0.048075
    5.          -85.215443         -76.025908        -0.00006833           0.017254
    6.          -85.216111         -76.026576        -0.00000368           0.003432
    7.          -85.216137         -76.026602        -0.00000090           0.001705

  -------------
   HF Energies 
  -------------

                   (aU)              (eV)
     1         -20.551450        -559.233400
     2          -1.324653         -36.045633
     3          -0.699417         -19.032097
     4          -0.554545         -15.089947
     5          -0.517508         -14.082118

    ELECTRONIC HF ENERGY =      -85.2161368133

         HF TOTAL ENERGY =      -76.0266023849

  ------------------
   HF Dipole Moment
  ------------------

      0.0000 Debye [   0.0000  (   0.0000,   0.0000,   0.0000) ]


  RESULTS OF OCCUPATION-COEFFICIENT S.C.F. PROCEDURE
 ====================================================

  Iter     Electronic Energy      Total Energy   Energy Convergency    Max Mul-Lag Diff

    1.       -85.2185648071      -76.0290303787    -0.0006773230           0.009430
    2.       -85.1184479416      -75.9289135132     0.1001168655           0.136864
    3.       -85.2453724766      -76.0558380482    -0.1269245350           0.016699
    4.       -85.2613077552      -76.0717733268    -0.0159352786           0.017012
    5.       -85.2697193121      -76.0801848837    -0.0084115568           0.020939
    6.       -85.2721310788      -76.0825966504    -0.0024117667           0.013109
    7.       -85.2736918039      -76.0841573755    -0.0015607251           0.012257
    8.       -85.2743469931      -76.0848125647    -0.0006551892           0.022083
    9.       -85.2738462822      -76.0843118538     0.0005007109           0.018568
   10.       -85.2743498118      -76.0848153834    -0.0005035296           0.016912
   11.       -85.2750161262      -76.0854816978    -0.0006663144           0.013506
   12.       -85.2751290717      -76.0855946433    -0.0001129455           0.012921
   13.       -85.2757591509      -76.0862247225    -0.0006300791           0.024031
   14.       -85.2770226673      -76.0874882389    -0.0012635165           0.002523
   15.       -85.2771150219      -76.0875805936    -0.0000923546           0.002305
   16.       -85.2771973631      -76.0876629347    -0.0000823412           0.002565
   17.       -85.2772842126      -76.0877497842    -0.0000868495           0.001853
   18.       -85.2773625087      -76.0878280803    -0.0000782961           0.001841
   19.       -85.2774445046      -76.0879100762    -0.0000819959           0.001829
   20.       -85.2775237778      -76.0879893494    -0.0000792732           0.001816
   21.       -85.2776068796      -76.0880724512    -0.0000831018           0.001797
   22.       -85.2776823207      -76.0881478923    -0.0000754411           0.001778
   23.       -85.2777508301      -76.0882164017    -0.0000685094           0.002261
   24.       -85.2778267206      -76.0882922922    -0.0000758905           0.002325
   25.       -85.2778975242      -76.0883630958    -0.0000708037           0.001712
   26.       -85.2779160996      -76.0883816712    -0.0000185754           0.001751
   27.       -85.2779232625      -76.0883888341    -0.0000071628           0.001755
   28.       -85.2779306159      -76.0883961876    -0.0000073535           0.001756
   29.       -85.2779378423      -76.0884034139    -0.0000072264           0.001754
   30.       -85.2779450505      -76.0884106221    -0.0000072082           0.001752
   31.       -85.2779521487      -76.0884177204    -0.0000070982           0.001750
   32.       -85.2779593098      -76.0884248814    -0.0000071610           0.001748
   33.       -85.2779664147      -76.0884319863    -0.0000071049           0.001746
   34.       -85.2779735096      -76.0884390813    -0.0000070950           0.001743
   35.       -85.2779805182      -76.0884460898    -0.0000070086           0.001741
   36.       -85.2779875002      -76.0884530718    -0.0000069820           0.001738
   37.       -85.2779944876      -76.0884600592    -0.0000069873           0.001735
   38.       -85.2780014433      -76.0884670149    -0.0000069557           0.001733
   39.       -85.2780083870      -76.0884739586    -0.0000069437           0.001730
   40.       -85.2780152652      -76.0884808368    -0.0000068783           0.001727
   41.       -85.2780160783      -76.0884816500    -0.0000008131           0.001731
   42.       -85.2780149096      -76.0884804812     0.0000011687           0.001752
   43.       -85.2780174480      -76.0884830196    -0.0000025384           0.001733
   44.       -85.2780181625      -76.0884837341    -0.0000007145           0.001731
   45.       -85.2780188530      -76.0884844246    -0.0000006904           0.001732
   46.       -85.2780195447      -76.0884851163    -0.0000006917           0.001731
   47.       -85.2780202351      -76.0884858067    -0.0000006904           0.001731
   48.       -85.2780209255      -76.0884864971    -0.0000006904           0.001730
   49.       -85.2780209925      -76.0884865641    -0.0000000670           0.001740
   50.       -85.2780222980      -76.0884878696    -0.0000013055           0.001731
   51.       -85.2780229983      -76.0884885699    -0.0000007003           0.001729
   52.       -85.2780236879      -76.0884892596    -0.0000006897           0.001730
   53.       -85.2780243773      -76.0884899489    -0.0000006894           0.001729
   54.       -85.2771656180      -76.0876311896     0.0008587593           0.019646
   55.       -85.2779582937      -76.0884238653    -0.0007926757           0.012416
   56.       -85.2779414651      -76.0884070367     0.0000168286           0.018918
   57.       -85.2780400404      -76.0885056120    -0.0000985753           0.021408
   58.       -85.2782224386      -76.0886880102    -0.0001823982           0.011686
   59.       -85.2785181661      -76.0889837377    -0.0002957275           0.018608
   60.       -85.2786496832      -76.0891152548    -0.0001315171           0.012688
   61.       -85.2786368599      -76.0891024315     0.0000128233           0.010365
   62.       -85.2783706011      -76.0888361727     0.0002662588           0.012618
   63.       -85.2786376578      -76.0891032294    -0.0002670567           0.013749
   64.       -85.2780140890      -76.0884796606     0.0006235688           0.027035
   65.       -85.2794058359      -76.0898714075    -0.0013917469           0.001044
   66.       -85.2794189807      -76.0898845523    -0.0000131448           0.001942
   67.       -85.2794220552      -76.0898876268    -0.0000030745           0.001760
   68.       -85.2794232173      -76.0898887889    -0.0000011621           0.001436
   69.       -85.2794244612      -76.0898900328    -0.0000012439           0.001623
   70.       -85.2794269428      -76.0898925144    -0.0000024816           0.001372
   71.       -85.2794246631      -76.0898902347     0.0000022797           0.001458
   72.       -85.2794287138      -76.0898942854    -0.0000040507           0.001933
   73.       -85.2794290743      -76.0898946459    -0.0000003605           0.001157
   74.       -85.2794301225      -76.0898956941    -0.0000010482           0.001173
   75.       -85.2794307973      -76.0898963689    -0.0000006748           0.000992
   76.       -85.2794308075      -76.0898963791    -0.0000006748           0.000992
 Change to FULL ERIs
   77.       -85.2799727083      -76.0904382799    -0.0005419110           0.000136
   78.       -85.2799728680      -76.0904384396    -0.0000001597           0.000202
   79.       -85.2799728754      -76.0904384470    -0.0000001597           0.000205


  RESULTS OF THE OCCUPATION OPTIMIZATION
 ========================================

   OM     Occupation      Elag Diag

    1      2.0000000    -20.5462576
    2      1.9929773     -0.7247937
    3      1.9815845     -0.8531527
    4      1.9815880     -0.8532637
    5      1.9929616     -0.7240329
    6      0.0070384     -0.0084513
    7      0.0184120     -0.0180235
    8      0.0184155     -0.0180241
    9      0.0070227     -0.0084409

   RO Sum ( 10) =   10.00

  ---------------
   Dipole Moment
  ---------------

      2.0073 Debye [   0.7897  (  -0.0001,  -0.0000,  -0.7897) ]

 ----------------
  Final Energies  
 ----------------

         HF Total Energy =      -76.0266023849
  Final NOF Total Energy =      -76.0904384470 ( 2.E-04 , 7.E-09 )
      Correlation Energy =       -0.0638360621



  NOF-MP2
 =========

 NUMBER OF CORE ORBITALS  (NO1PT2) =    1
 NUMBER OF Doubly OCC. ORBS. (NOC) =    4
 NUMBER OF VIRTUAL ORBS.     (NVI) =   20
 NUMBER OF LIN. IND. ORBS.  (NORB) =   24

             Ehfc =      -76.0265783376

              ECd =       -0.2003772232
             ECnd =       -0.0020222105
            ECorr =       -0.2023994337
        E(NOFMP2) =      -76.2289777713


  **************************************************
  *                                                *
  *       SINGLE-POINT DoNOF CALCULATION           *
  *                                                *
  *             FULL OPTIMIZATION                  *
  *                                                *
  *  FINAL RESULTS   FINAL RESULTS  FINAL RESULTS  *
  *                                                *
  **************************************************

  **************************************************
  *         No. EXTERNAL ITER =    79              *
  *         No. of TOTAL ITER =  2341              *
  **************************************************

  Elapsed real time :      5.29  (Seconds)

 The execution finished at 17h 29min on the  1/12/2021
